[
  {
    "projectId": "30002716-98c3-419b-8992-b83ec4e04a30",
    "testId": "700e643c-3162-46ed-97b7-69661cda77e6",
    "userId": "f4f87498-4051-7061-3048-48ed68330331",
    "title": "TC001-User Authentication with valid credentials and 2FA",
    "description": "Verify that a user can successfully login using valid username and password followed by correct 2FA verification.",
    "code": "import asyncio\nfrom playwright import async_api\nfrom playwright.async_api import expect\n\nasync def run_test():\n    pw = None\n    browser = None\n    context = None\n    \n    try:\n        # Start a Playwright session in asynchronous mode\n        pw = await async_api.async_playwright().start()\n        \n        # Launch a Chromium browser in headless mode with custom arguments\n        browser = await pw.chromium.launch(\n            headless=True,\n            args=[\n                \"--window-size=1280,720\",         # Set the browser window size\n                \"--disable-dev-shm-usage\",        # Avoid using /dev/shm which can cause issues in containers\n                \"--ipc=host\",                     # Use host-level IPC for better stability\n                \"--single-process\"                # Run the browser in a single process mode\n            ],\n        )\n        \n        # Create a new browser context (like an incognito window)\n        context = await browser.new_context()\n        context.set_default_timeout(5000)\n        \n        # Open a new page in the browser context\n        page = await context.new_page()\n        \n        # Navigate to your target URL and wait until the network request is committed\n        await page.goto(\"http://localhost:3000\", wait_until=\"commit\", timeout=10000)\n        \n        # Wait for the main page to reach DOMContentLoaded state (optional for stability)\n        try:\n            await page.wait_for_load_state(\"domcontentloaded\", timeout=3000)\n        except async_api.Error:\n            pass\n        \n        # Iterate through all iframes and wait for them to load as well\n        for frame in page.frames:\n            try:\n                await frame.wait_for_load_state(\"domcontentloaded\", timeout=3000)\n            except async_api.Error:\n                pass\n        \n        # Interact with the page elements to simulate user flow\n        # --> Assertions to verify final state\n        frame = context.pages[-1]\n        try:\n            await expect(frame.locator('text=Login Failed: Invalid credentials or 2FA code').first).to_be_visible(timeout=1000)\n        except AssertionError:\n            raise AssertionError('Test case failed: User could not successfully login using valid username and password followed by correct 2FA verification as per the test plan.')\n        await asyncio.sleep(5)\n    \n    finally:\n        if context:\n            await context.close()\n        if browser:\n            await browser.close()\n        if pw:\n            await pw.stop()\n            \nasyncio.run(run_test())\n    ",
    "testStatus": "FAILED",
    "testError": "\nBrowser Console Logs:\n[ERROR] Failed to load resource: the server responded with a status of 500 (Internal Server Error) (at http://localhost:3000/login?redirectTo=/sales/dashboard:0:0)\n[ERROR] ./src/app/login/page.tsx\nError:   × Unexpected token. Did you mean `{'>'}` or `&gt;`?\n     ╭─[C:\\Users\\sales\\OneDrive\\Desktop\\shreenathji-erp-crm\\src\\app\\login\\page.tsx:161:1]\n 158 │                 className=\"pr-10\"\n 159 │                 data-testid=\"login-password-input\"\n 160 │               />\n 161 │               />\n     ·                ▲\n 162 │               <Button\n 163 │                 type=\"button\"\n 163 │                 variant=\"ghost\"\r\n     ╰────\n\nCaused by:\n    Syntax Error (at webpack-internal:///(pages-dir-browser)/./node_modules/next/dist/next-devtools/userspace/pages/pages-dev-overlay-setup.js:76:21)\n[ERROR] ./src/app/login/page.tsx\nError:   × Unexpected token. Did you mean `{'>'}` or `&gt;`?\n     ╭─[C:\\Users\\sales\\OneDrive\\Desktop\\shreenathji-erp-crm\\src\\app\\login\\page.tsx:161:1]\n 158 │                 className=\"pr-10\"\n 159 │                 data-testid=\"login-password-input\"\n 160 │               />\n 161 │               />\n     ·                ▲\n 162 │               <Button\n 163 │                 type=\"button\"\n 163 │                 variant=\"ghost\"\r\n     ╰────\n\nCaused by:\n    Syntax Error (at webpack-internal:///(pages-dir-browser)/./node_modules/next/dist/next-devtools/userspace/pages/pages-dev-overlay-setup.js:76:21)\n[ERROR] ./src/app/login/page.tsx\nError:   × Unexpected token. Did you mean `{'>'}` or `&gt;`?\n     ╭─[C:\\Users\\sales\\OneDrive\\Desktop\\shreenathji-erp-crm\\src\\app\\login\\page.tsx:161:1]\n 158 │                 className=\"pr-10\"\n 159 │                 data-testid=\"login-password-input\"\n 160 │               />\n 161 │               />\n     ·                ▲\n 162 │               <Button\n 163 │                 type=\"button\"\n 163 │                 variant=\"ghost\"\r\n     ╰────\n\nCaused by:\n    Syntax Error (at webpack-internal:///(pages-dir-browser)/./node_modules/next/dist/next-devtools/userspace/pages/pages-dev-overlay-setup.js:76:21)\n[ERROR] ./src/app/login/page.tsx\nError:   × Unexpected token. Did you mean `{'>'}` or `&gt;`?\n     ╭─[C:\\Users\\sales\\OneDrive\\Desktop\\shreenathji-erp-crm\\src\\app\\login\\page.tsx:161:1]\n 158 │                 className=\"pr-10\"\n 159 │                 data-testid=\"login-password-input\"\n 160 │               />\n 161 │               />\n     ·                ▲\n 162 │               <Button\n 163 │                 type=\"button\"\n 163 │                 variant=\"ghost\"\r\n     ╰────\n\nCaused by:\n    Syntax Error (at webpack-internal:///(pages-dir-browser)/./node_modules/next/dist/next-devtools/userspace/pages/pages-dev-overlay-setup.js:76:21)\n[ERROR] ./src/app/login/page.tsx\nError:   × Unexpected token. Did you mean `{'>'}` or `&gt;`?\n     ╭─[C:\\Users\\sales\\OneDrive\\Desktop\\shreenathji-erp-crm\\src\\app\\login\\page.tsx:161:1]\n 158 │                 className=\"pr-10\"\n 159 │                 data-testid=\"login-password-input\"\n 160 │               />\n 161 │               />\n     ·                ▲\n 162 │               <Button\n 163 │                 type=\"button\"\n 163 │                 variant=\"ghost\"\r\n     ╰────\n\nCaused by:\n    Syntax Error (at webpack-internal:///(pages-dir-browser)/./node_modules/next/dist/next-devtools/userspace/pages/pages-dev-overlay-setup.js:76:21)\n[ERROR] ./src/app/login/page.tsx\nError:   × Unexpected token. Did you mean `{'>'}` or `&gt;`?\n     ╭─[C:\\Users\\sales\\OneDrive\\Desktop\\shreenathji-erp-crm\\src\\app\\login\\page.tsx:161:1]\n 158 │                 className=\"pr-10\"\n 159 │                 data-testid=\"login-password-input\"\n 160 │               />\n 161 │               />\n     ·                ▲\n 162 │               <Button\n 163 │                 type=\"button\"\n 163 │                 variant=\"ghost\"\r\n     ╰────\n\nCaused by:\n    Syntax Error (at webpack-internal:///(pages-dir-browser)/./node_modules/next/dist/next-devtools/userspace/pages/pages-dev-overlay-setup.js:76:21)\n[ERROR] ./src/app/login/page.tsx\nError:   × Unexpected token. Did you mean `{'>'}` or `&gt;`?\n     ╭─[C:\\Users\\sales\\OneDrive\\Desktop\\shreenathji-erp-crm\\src\\app\\login\\page.tsx:161:1]\n 158 │                 className=\"pr-10\"\n 159 │                 data-testid=\"login-password-input\"\n 160 │               />\n 161 │               />\n     ·                ▲\n 162 │               <Button\n 163 │                 type=\"button\"\n 163 │                 variant=\"ghost\"\r\n     ╰────\n\nCaused by:\n    Syntax Error (at webpack-internal:///(pages-dir-browser)/./node_modules/next/dist/next-devtools/userspace/pages/pages-dev-overlay-setup.js:76:21)\n[ERROR] ./src/app/login/page.tsx\nError:   × Unexpected token. Did you mean `{'>'}` or `&gt;`?\n     ╭─[C:\\Users\\sales\\OneDrive\\Desktop\\shreenathji-erp-crm\\src\\app\\login\\page.tsx:161:1]\n 158 │                 className=\"pr-10\"\n 159 │                 data-testid=\"login-password-input\"\n 160 │               />\n 161 │               />\n     ·                ▲\n 162 │               <Button\n 163 │                 type=\"button\"\n 163 │                 variant=\"ghost\"\r\n     ╰────\n\nCaused by:\n    Syntax Error (at webpack-internal:///(pages-dir-browser)/./node_modules/next/dist/next-devtools/userspace/pages/pages-dev-overlay-setup.js:76:21)\n[ERROR] ./src/app/login/page.tsx\nError:   × Unexpected token. Did you mean `{'>'}` or `&gt;`?\n     ╭─[C:\\Users\\sales\\OneDrive\\Desktop\\shreenathji-erp-crm\\src\\app\\login\\page.tsx:161:1]\n 158 │                 className=\"pr-10\"\n 159 │                 data-testid=\"login-password-input\"\n 160 │               />\n 161 │               />\n     ·                ▲\n 162 │               <Button\n 163 │                 type=\"button\"\n 163 │                 variant=\"ghost\"\r\n     ╰────\n\nCaused by:\n    Syntax Error (at webpack-internal:///(pages-dir-browser)/./node_modules/next/dist/next-devtools/userspace/pages/pages-dev-overlay-setup.js:76:21)\n[ERROR] ./src/app/login/page.tsx\nError:   × Unexpected token. Did you mean `{'>'}` or `&gt;`?\n     ╭─[C:\\Users\\sales\\OneDrive\\Desktop\\shreenathji-erp-crm\\src\\app\\login\\page.tsx:161:1]\n 158 │                 className=\"pr-10\"\n 159 │                 data-testid=\"login-password-input\"\n 160 │               />\n 161 │               />\n     ·                ▲\n 162 │               <Button\n 163 │                 type=\"button\"\n 163 │                 variant=\"ghost\"\r\n     ╰────\n\nCaused by:\n    Syntax Error (at webpack-internal:///(pages-dir-browser)/./node_modules/next/dist/next-devtools/userspace/pages/pages-dev-overlay-setup.js:76:21)\n[ERROR] ./src/app/login/page.tsx\nError:   × Unexpected token. Did you mean `{'>'}` or `&gt;`?\n     ╭─[C:\\Users\\sales\\OneDrive\\Desktop\\shreenathji-erp-crm\\src\\app\\login\\page.tsx:161:1]\n 158 │                 className=\"pr-10\"\n 159 │                 data-testid=\"login-password-input\"\n 160 │               />\n 161 │               />\n     ·                ▲\n 162 │               <Button\n 163 │                 type=\"button\"\n 163 │                 variant=\"ghost\"\r\n     ╰────\n\nCaused by:\n    Syntax Error (at webpack-internal:///(pages-dir-browser)/./node_modules/next/dist/next-devtools/userspace/pages/pages-dev-overlay-setup.js:76:21)\n[ERROR] ./src/app/login/page.tsx\nError:   × Unexpected token. Did you mean `{'>'}` or `&gt;`?\n     ╭─[C:\\Users\\sales\\OneDrive\\Desktop\\shreenathji-erp-crm\\src\\app\\login\\page.tsx:161:1]\n 158 │                 className=\"pr-10\"\n 159 │                 data-testid=\"login-password-input\"\n 160 │               />\n 161 │               />\n     ·                ▲\n 162 │               <Button\n 163 │                 type=\"button\"\n 163 │                 variant=\"ghost\"\r\n     ╰────\n\nCaused by:\n    Syntax Error (at webpack-internal:///(pages-dir-browser)/./node_modules/next/dist/next-devtools/userspace/pages/pages-dev-overlay-setup.js:76:21)\n[ERROR] ./src/app/login/page.tsx\nError:   × Unexpected token. Did you mean `{'>'}` or `&gt;`?\n     ╭─[C:\\Users\\sales\\OneDrive\\Desktop\\shreenathji-erp-crm\\src\\app\\login\\page.tsx:161:1]\n 158 │                 className=\"pr-10\"\n 159 │                 data-testid=\"login-password-input\"\n 160 │               />\n 161 │               />\n     ·                ▲\n 162 │               <Button\n 163 │                 type=\"button\"\n 163 │                 variant=\"ghost\"\r\n     ╰────\n\nCaused by:\n    Syntax Error (at webpack-internal:///(pages-dir-browser)/./node_modules/next/dist/next-devtools/userspace/pages/pages-dev-overlay-setup.js:76:21)\n[ERROR] ./src/app/login/page.tsx\nError:   × Unexpected token. Did you mean `{'>'}` or `&gt;`?\n     ╭─[C:\\Users\\sales\\OneDrive\\Desktop\\shreenathji-erp-crm\\src\\app\\login\\page.tsx:161:1]\n 158 │                 className=\"pr-10\"\n 159 │                 data-testid=\"login-password-input\"\n 160 │               />\n 161 │               />\n     ·                ▲\n 162 │               <Button\n 163 │                 type=\"button\"\n 163 │                 variant=\"ghost\"\r\n     ╰────\n\nCaused by:\n    Syntax Error (at webpack-internal:///(pages-dir-browser)/./node_modules/next/dist/next-devtools/userspace/pages/pages-dev-overlay-setup.js:76:21)\n[ERROR] ./src/app/login/page.tsx\nError:   × Unexpected token. Did you mean `{'>'}` or `&gt;`?\n     ╭─[C:\\Users\\sales\\OneDrive\\Desktop\\shreenathji-erp-crm\\src\\app\\login\\page.tsx:161:1]\n 158 │                 className=\"pr-10\"\n 159 │                 data-testid=\"login-password-input\"\n 160 │               />\n 161 │               />\n     ·                ▲\n 162 │               <Button\n 163 │                 type=\"button\"\n 163 │                 variant=\"ghost\"\r\n     ╰────\n\nCaused by:\n    Syntax Error (at webpack-internal:///(pages-dir-browser)/./node_modules/next/dist/next-devtools/userspace/pages/pages-dev-overlay-setup.js:76:21)\n[ERROR] ./src/app/login/page.tsx\nError:   × Unexpected token. Did you mean `{'>'}` or `&gt;`?\n     ╭─[C:\\Users\\sales\\OneDrive\\Desktop\\shreenathji-erp-crm\\src\\app\\login\\page.tsx:161:1]\n 158 │                 className=\"pr-10\"\n 159 │                 data-testid=\"login-password-input\"\n 160 │               />\n 161 │               />\n     ·                ▲\n 162 │               <Button\n 163 │                 type=\"button\"\n 163 │                 variant=\"ghost\"\r\n     ╰────\n\nCaused by:\n    Syntax Error (at webpack-internal:///(pages-dir-browser)/./node_modules/next/dist/next-devtools/userspace/pages/pages-dev-overlay-setup.js:76:21)\n[ERROR] ./src/app/login/page.tsx\nError:   × Unexpected token. Did you mean `{'>'}` or `&gt;`?\n     ╭─[C:\\Users\\sales\\OneDrive\\Desktop\\shreenathji-erp-crm\\src\\app\\login\\page.tsx:161:1]\n 158 │                 className=\"pr-10\"\n 159 │                 data-testid=\"login-password-input\"\n 160 │               />\n 161 │               />\n     ·                ▲\n 162 │               <Button\n 163 │                 type=\"button\"\n 163 │                 variant=\"ghost\"\r\n     ╰────\n\nCaused by:\n    Syntax Error (at webpack-internal:///(pages-dir-browser)/./node_modules/next/dist/next-devtools/userspace/pages/pages-dev-overlay-setup.js:76:21)\n[ERROR] ./src/app/login/page.tsx\nError:   × Unexpected token. Did you mean `{'>'}` or `&gt;`?\n     ╭─[C:\\Users\\sales\\OneDrive\\Desktop\\shreenathji-erp-crm\\src\\app\\login\\page.tsx:161:1]\n 158 │                 className=\"pr-10\"\n 159 │                 data-testid=\"login-password-input\"\n 160 │               />\n 161 │               />\n     ·                ▲\n 162 │               <Button\n 163 │                 type=\"button\"\n 163 │                 variant=\"ghost\"\r\n     ╰────\n\nCaused by:\n    Syntax Error (at webpack-internal:///(pages-dir-browser)/./node_modules/next/dist/next-devtools/userspace/pages/pages-dev-overlay-setup.js:76:21)",
    "testType": "FRONTEND",
    "createFrom": "mcp",
    "testVisualization": "https://testsprite-videos.s3.us-east-1.amazonaws.com/f4f87498-4051-7061-3048-48ed68330331/1766574160926156//tmp/test_task/result.webm",
    "created": "2025-12-24T11:01:19.082Z",
    "modified": "2025-12-24T11:02:41.052Z"
  },
  {
    "projectId": "30002716-98c3-419b-8992-b83ec4e04a30",
    "testId": "af6b3f26-1946-4ec6-894f-4ef9f3fa3b04",
    "userId": "f4f87498-4051-7061-3048-48ed68330331",
    "title": "TC002-User Authentication failure with invalid credentials",
    "description": "Verify that login fails when an incorrect username/email or password is provided.",
    "code": "import asyncio\nfrom playwright import async_api\nfrom playwright.async_api import expect\n\nasync def run_test():\n    pw = None\n    browser = None\n    context = None\n    \n    try:\n        # Start a Playwright session in asynchronous mode\n        pw = await async_api.async_playwright().start()\n        \n        # Launch a Chromium browser in headless mode with custom arguments\n        browser = await pw.chromium.launch(\n            headless=True,\n            args=[\n                \"--window-size=1280,720\",         # Set the browser window size\n                \"--disable-dev-shm-usage\",        # Avoid using /dev/shm which can cause issues in containers\n                \"--ipc=host\",                     # Use host-level IPC for better stability\n                \"--single-process\"                # Run the browser in a single process mode\n            ],\n        )\n        \n        # Create a new browser context (like an incognito window)\n        context = await browser.new_context()\n        context.set_default_timeout(5000)\n        \n        # Open a new page in the browser context\n        page = await context.new_page()\n        \n        # Navigate to your target URL and wait until the network request is committed\n        await page.goto(\"http://localhost:3000\", wait_until=\"commit\", timeout=10000)\n        \n        # Wait for the main page to reach DOMContentLoaded state (optional for stability)\n        try:\n            await page.wait_for_load_state(\"domcontentloaded\", timeout=3000)\n        except async_api.Error:\n            pass\n        \n        # Iterate through all iframes and wait for them to load as well\n        for frame in page.frames:\n            try:\n                await frame.wait_for_load_state(\"domcontentloaded\", timeout=3000)\n            except async_api.Error:\n                pass\n        \n        # Interact with the page elements to simulate user flow\n        # --> Assertions to verify final state\n        try:\n            await expect(page.locator('text=Login Successful! Welcome User').first).to_be_visible(timeout=30000)\n        except AssertionError:\n            raise AssertionError('Test case failed: Login did not fail as expected when incorrect username/email or password was provided.')\n        await asyncio.sleep(5)\n    \n    finally:\n        if context:\n            await context.close()\n        if browser:\n            await browser.close()\n        if pw:\n            await pw.stop()\n            \nasyncio.run(run_test())\n    ",
    "testStatus": "FAILED",
    "testError": "\nBrowser Console Logs:\n[ERROR] Failed to load resource: the server responded with a status of 500 (Internal Server Error) (at http://localhost:3000/login?redirectTo=/sales/dashboard:0:0)\n[ERROR] ./src/app/login/page.tsx\nError:   × Unexpected token. Did you mean `{'>'}` or `&gt;`?\n     ╭─[C:\\Users\\sales\\OneDrive\\Desktop\\shreenathji-erp-crm\\src\\app\\login\\page.tsx:161:1]\n 158 │                 className=\"pr-10\"\n 159 │                 data-testid=\"login-password-input\"\n 160 │               />\n 161 │               />\n     ·                ▲\n 162 │               <Button\n 163 │                 type=\"button\"\n 163 │                 variant=\"ghost\"\r\n     ╰────\n\nCaused by:\n    Syntax Error (at webpack-internal:///(pages-dir-browser)/./node_modules/next/dist/next-devtools/userspace/pages/pages-dev-overlay-setup.js:76:21)\n[ERROR] ./src/app/login/page.tsx\nError:   × Unexpected token. Did you mean `{'>'}` or `&gt;`?\n     ╭─[C:\\Users\\sales\\OneDrive\\Desktop\\shreenathji-erp-crm\\src\\app\\login\\page.tsx:161:1]\n 158 │                 className=\"pr-10\"\n 159 │                 data-testid=\"login-password-input\"\n 160 │               />\n 161 │               />\n     ·                ▲\n 162 │               <Button\n 163 │                 type=\"button\"\n 163 │                 variant=\"ghost\"\r\n     ╰────\n\nCaused by:\n    Syntax Error (at webpack-internal:///(pages-dir-browser)/./node_modules/next/dist/next-devtools/userspace/pages/pages-dev-overlay-setup.js:76:21)\n[ERROR] ./src/app/login/page.tsx\nError:   × Unexpected token. Did you mean `{'>'}` or `&gt;`?\n     ╭─[C:\\Users\\sales\\OneDrive\\Desktop\\shreenathji-erp-crm\\src\\app\\login\\page.tsx:161:1]\n 158 │                 className=\"pr-10\"\n 159 │                 data-testid=\"login-password-input\"\n 160 │               />\n 161 │               />\n     ·                ▲\n 162 │               <Button\n 163 │                 type=\"button\"\n 163 │                 variant=\"ghost\"\r\n     ╰────\n\nCaused by:\n    Syntax Error (at webpack-internal:///(pages-dir-browser)/./node_modules/next/dist/next-devtools/userspace/pages/pages-dev-overlay-setup.js:76:21)\n[ERROR] ./src/app/login/page.tsx\nError:   × Unexpected token. Did you mean `{'>'}` or `&gt;`?\n     ╭─[C:\\Users\\sales\\OneDrive\\Desktop\\shreenathji-erp-crm\\src\\app\\login\\page.tsx:161:1]\n 158 │                 className=\"pr-10\"\n 159 │                 data-testid=\"login-password-input\"\n 160 │               />\n 161 │               />\n     ·                ▲\n 162 │               <Button\n 163 │                 type=\"button\"\n 163 │                 variant=\"ghost\"\r\n     ╰────\n\nCaused by:\n    Syntax Error (at webpack-internal:///(pages-dir-browser)/./node_modules/next/dist/next-devtools/userspace/pages/pages-dev-overlay-setup.js:76:21)\n[ERROR] ./src/app/login/page.tsx\nError:   × Unexpected token. Did you mean `{'>'}` or `&gt;`?\n     ╭─[C:\\Users\\sales\\OneDrive\\Desktop\\shreenathji-erp-crm\\src\\app\\login\\page.tsx:161:1]\n 158 │                 className=\"pr-10\"\n 159 │                 data-testid=\"login-password-input\"\n 160 │               />\n 161 │               />\n     ·                ▲\n 162 │               <Button\n 163 │                 type=\"button\"\n 163 │                 variant=\"ghost\"\r\n     ╰────\n\nCaused by:\n    Syntax Error (at webpack-internal:///(pages-dir-browser)/./node_modules/next/dist/next-devtools/userspace/pages/pages-dev-overlay-setup.js:76:21)\n[ERROR] ./src/app/login/page.tsx\nError:   × Unexpected token. Did you mean `{'>'}` or `&gt;`?\n     ╭─[C:\\Users\\sales\\OneDrive\\Desktop\\shreenathji-erp-crm\\src\\app\\login\\page.tsx:161:1]\n 158 │                 className=\"pr-10\"\n 159 │                 data-testid=\"login-password-input\"\n 160 │               />\n 161 │               />\n     ·                ▲\n 162 │               <Button\n 163 │                 type=\"button\"\n 163 │                 variant=\"ghost\"\r\n     ╰────\n\nCaused by:\n    Syntax Error (at webpack-internal:///(pages-dir-browser)/./node_modules/next/dist/next-devtools/userspace/pages/pages-dev-overlay-setup.js:76:21)\n[ERROR] ./src/app/login/page.tsx\nError:   × Unexpected token. Did you mean `{'>'}` or `&gt;`?\n     ╭─[C:\\Users\\sales\\OneDrive\\Desktop\\shreenathji-erp-crm\\src\\app\\login\\page.tsx:161:1]\n 158 │                 className=\"pr-10\"\n 159 │                 data-testid=\"login-password-input\"\n 160 │               />\n 161 │               />\n     ·                ▲\n 162 │               <Button\n 163 │                 type=\"button\"\n 163 │                 variant=\"ghost\"\r\n     ╰────\n\nCaused by:\n    Syntax Error (at webpack-internal:///(pages-dir-browser)/./node_modules/next/dist/next-devtools/userspace/pages/pages-dev-overlay-setup.js:76:21)\n[ERROR] ./src/app/login/page.tsx\nError:   × Unexpected token. Did you mean `{'>'}` or `&gt;`?\n     ╭─[C:\\Users\\sales\\OneDrive\\Desktop\\shreenathji-erp-crm\\src\\app\\login\\page.tsx:161:1]\n 158 │                 className=\"pr-10\"\n 159 │                 data-testid=\"login-password-input\"\n 160 │               />\n 161 │               />\n     ·                ▲\n 162 │               <Button\n 163 │                 type=\"button\"\n 163 │                 variant=\"ghost\"\r\n     ╰────\n\nCaused by:\n    Syntax Error (at webpack-internal:///(pages-dir-browser)/./node_modules/next/dist/next-devtools/userspace/pages/pages-dev-overlay-setup.js:76:21)\n[ERROR] ./src/app/login/page.tsx\nError:   × Unexpected token. Did you mean `{'>'}` or `&gt;`?\n     ╭─[C:\\Users\\sales\\OneDrive\\Desktop\\shreenathji-erp-crm\\src\\app\\login\\page.tsx:161:1]\n 158 │                 className=\"pr-10\"\n 159 │                 data-testid=\"login-password-input\"\n 160 │               />\n 161 │               />\n     ·                ▲\n 162 │               <Button\n 163 │                 type=\"button\"\n 163 │                 variant=\"ghost\"\r\n     ╰────\n\nCaused by:\n    Syntax Error (at webpack-internal:///(pages-dir-browser)/./node_modules/next/dist/next-devtools/userspace/pages/pages-dev-overlay-setup.js:76:21)\n[ERROR] ./src/app/login/page.tsx\nError:   × Unexpected token. Did you mean `{'>'}` or `&gt;`?\n     ╭─[C:\\Users\\sales\\OneDrive\\Desktop\\shreenathji-erp-crm\\src\\app\\login\\page.tsx:161:1]\n 158 │                 className=\"pr-10\"\n 159 │                 data-testid=\"login-password-input\"\n 160 │               />\n 161 │               />\n     ·                ▲\n 162 │               <Button\n 163 │                 type=\"button\"\n 163 │                 variant=\"ghost\"\r\n     ╰────\n\nCaused by:\n    Syntax Error (at webpack-internal:///(pages-dir-browser)/./node_modules/next/dist/next-devtools/userspace/pages/pages-dev-overlay-setup.js:76:21)\n[ERROR] ./src/app/login/page.tsx\nError:   × Unexpected token. Did you mean `{'>'}` or `&gt;`?\n     ╭─[C:\\Users\\sales\\OneDrive\\Desktop\\shreenathji-erp-crm\\src\\app\\login\\page.tsx:161:1]\n 158 │                 className=\"pr-10\"\n 159 │                 data-testid=\"login-password-input\"\n 160 │               />\n 161 │               />\n     ·                ▲\n 162 │               <Button\n 163 │                 type=\"button\"\n 163 │                 variant=\"ghost\"\r\n     ╰────\n\nCaused by:\n    Syntax Error (at webpack-internal:///(pages-dir-browser)/./node_modules/next/dist/next-devtools/userspace/pages/pages-dev-overlay-setup.js:76:21)",
    "testType": "FRONTEND",
    "createFrom": "mcp",
    "testVisualization": "https://testsprite-videos.s3.us-east-1.amazonaws.com/f4f87498-4051-7061-3048-48ed68330331/1766574161366468//tmp/test_task/result.webm",
    "created": "2025-12-24T11:01:19.090Z",
    "modified": "2025-12-24T11:02:41.483Z"
  },
  {
    "projectId": "30002716-98c3-419b-8992-b83ec4e04a30",
    "testId": "246ef383-1937-4d20-9508-494b89a3fa3c",
    "userId": "f4f87498-4051-7061-3048-48ed68330331",
    "title": "TC003-Lead Lifecycle Management - Create, update, delete leads",
    "description": "Verify that leads can be created, updated, and deleted correctly including lifecycle stage changes.",
    "code": "import asyncio\nfrom playwright import async_api\nfrom playwright.async_api import expect\n\nasync def run_test():\n    pw = None\n    browser = None\n    context = None\n    \n    try:\n        # Start a Playwright session in asynchronous mode\n        pw = await async_api.async_playwright().start()\n        \n        # Launch a Chromium browser in headless mode with custom arguments\n        browser = await pw.chromium.launch(\n            headless=True,\n            args=[\n                \"--window-size=1280,720\",         # Set the browser window size\n                \"--disable-dev-shm-usage\",        # Avoid using /dev/shm which can cause issues in containers\n                \"--ipc=host\",                     # Use host-level IPC for better stability\n                \"--single-process\"                # Run the browser in a single process mode\n            ],\n        )\n        \n        # Create a new browser context (like an incognito window)\n        context = await browser.new_context()\n        context.set_default_timeout(5000)\n        \n        # Open a new page in the browser context\n        page = await context.new_page()\n        \n        # Navigate to your target URL and wait until the network request is committed\n        await page.goto(\"http://localhost:3000\", wait_until=\"commit\", timeout=10000)\n        \n        # Wait for the main page to reach DOMContentLoaded state (optional for stability)\n        try:\n            await page.wait_for_load_state(\"domcontentloaded\", timeout=3000)\n        except async_api.Error:\n            pass\n        \n        # Iterate through all iframes and wait for them to load as well\n        for frame in page.frames:\n            try:\n                await frame.wait_for_load_state(\"domcontentloaded\", timeout=3000)\n            except async_api.Error:\n                pass\n        \n        # Interact with the page elements to simulate user flow\n        # --> Assertions to verify final state\n        frame = context.pages[-1]\n        try:\n            await expect(frame.locator('text=Lead Successfully Created').first).to_be_visible(timeout=30000)\n        except AssertionError:\n            raise AssertionError(\"Test case failed: The lead creation, update, and deletion lifecycle did not complete successfully as per the test plan. The expected confirmation message 'Lead Successfully Created' was not found on the page.\")\n        await asyncio.sleep(5)\n    \n    finally:\n        if context:\n            await context.close()\n        if browser:\n            await browser.close()\n        if pw:\n            await pw.stop()\n            \nasyncio.run(run_test())\n    ",
    "testStatus": "FAILED",
    "testError": "\nBrowser Console Logs:\n[ERROR] Failed to load resource: the server responded with a status of 500 (Internal Server Error) (at http://localhost:3000/login?redirectTo=/sales/dashboard:0:0)\n[ERROR] ./src/app/login/page.tsx\nError:   × Unexpected token. Did you mean `{'>'}` or `&gt;`?\n     ╭─[C:\\Users\\sales\\OneDrive\\Desktop\\shreenathji-erp-crm\\src\\app\\login\\page.tsx:161:1]\n 158 │                 className=\"pr-10\"\n 159 │                 data-testid=\"login-password-input\"\n 160 │               />\n 161 │               />\n     ·                ▲\n 162 │               <Button\n 163 │                 type=\"button\"\n 163 │                 variant=\"ghost\"\r\n     ╰────\n\nCaused by:\n    Syntax Error (at webpack-internal:///(pages-dir-browser)/./node_modules/next/dist/next-devtools/userspace/pages/pages-dev-overlay-setup.js:76:21)\n[ERROR] ./src/app/login/page.tsx\nError:   × Unexpected token. Did you mean `{'>'}` or `&gt;`?\n     ╭─[C:\\Users\\sales\\OneDrive\\Desktop\\shreenathji-erp-crm\\src\\app\\login\\page.tsx:161:1]\n 158 │                 className=\"pr-10\"\n 159 │                 data-testid=\"login-password-input\"\n 160 │               />\n 161 │               />\n     ·                ▲\n 162 │               <Button\n 163 │                 type=\"button\"\n 163 │                 variant=\"ghost\"\r\n     ╰────\n\nCaused by:\n    Syntax Error (at webpack-internal:///(pages-dir-browser)/./node_modules/next/dist/next-devtools/userspace/pages/pages-dev-overlay-setup.js:76:21)\n[ERROR] ./src/app/login/page.tsx\nError:   × Unexpected token. Did you mean `{'>'}` or `&gt;`?\n     ╭─[C:\\Users\\sales\\OneDrive\\Desktop\\shreenathji-erp-crm\\src\\app\\login\\page.tsx:161:1]\n 158 │                 className=\"pr-10\"\n 159 │                 data-testid=\"login-password-input\"\n 160 │               />\n 161 │               />\n     ·                ▲\n 162 │               <Button\n 163 │                 type=\"button\"\n 163 │                 variant=\"ghost\"\r\n     ╰────\n\nCaused by:\n    Syntax Error (at webpack-internal:///(pages-dir-browser)/./node_modules/next/dist/next-devtools/userspace/pages/pages-dev-overlay-setup.js:76:21)\n[ERROR] ./src/app/login/page.tsx\nError:   × Unexpected token. Did you mean `{'>'}` or `&gt;`?\n     ╭─[C:\\Users\\sales\\OneDrive\\Desktop\\shreenathji-erp-crm\\src\\app\\login\\page.tsx:161:1]\n 158 │                 className=\"pr-10\"\n 159 │                 data-testid=\"login-password-input\"\n 160 │               />\n 161 │               />\n     ·                ▲\n 162 │               <Button\n 163 │                 type=\"button\"\n 163 │                 variant=\"ghost\"\r\n     ╰────\n\nCaused by:\n    Syntax Error (at webpack-internal:///(pages-dir-browser)/./node_modules/next/dist/next-devtools/userspace/pages/pages-dev-overlay-setup.js:76:21)\n[ERROR] ./src/app/login/page.tsx\nError:   × Unexpected token. Did you mean `{'>'}` or `&gt;`?\n     ╭─[C:\\Users\\sales\\OneDrive\\Desktop\\shreenathji-erp-crm\\src\\app\\login\\page.tsx:161:1]\n 158 │                 className=\"pr-10\"\n 159 │                 data-testid=\"login-password-input\"\n 160 │               />\n 161 │               />\n     ·                ▲\n 162 │               <Button\n 163 │                 type=\"button\"\n 163 │                 variant=\"ghost\"\r\n     ╰────\n\nCaused by:\n    Syntax Error (at webpack-internal:///(pages-dir-browser)/./node_modules/next/dist/next-devtools/userspace/pages/pages-dev-overlay-setup.js:76:21)\n[ERROR] ./src/app/login/page.tsx\nError:   × Unexpected token. Did you mean `{'>'}` or `&gt;`?\n     ╭─[C:\\Users\\sales\\OneDrive\\Desktop\\shreenathji-erp-crm\\src\\app\\login\\page.tsx:161:1]\n 158 │                 className=\"pr-10\"\n 159 │                 data-testid=\"login-password-input\"\n 160 │               />\n 161 │               />\n     ·                ▲\n 162 │               <Button\n 163 │                 type=\"button\"\n 163 │                 variant=\"ghost\"\r\n     ╰────\n\nCaused by:\n    Syntax Error (at webpack-internal:///(pages-dir-browser)/./node_modules/next/dist/next-devtools/userspace/pages/pages-dev-overlay-setup.js:76:21)\n[ERROR] ./src/app/login/page.tsx\nError:   × Unexpected token. Did you mean `{'>'}` or `&gt;`?\n     ╭─[C:\\Users\\sales\\OneDrive\\Desktop\\shreenathji-erp-crm\\src\\app\\login\\page.tsx:161:1]\n 158 │                 className=\"pr-10\"\n 159 │                 data-testid=\"login-password-input\"\n 160 │               />\n 161 │               />\n     ·                ▲\n 162 │               <Button\n 163 │                 type=\"button\"\n 163 │                 variant=\"ghost\"\r\n     ╰────\n\nCaused by:\n    Syntax Error (at webpack-internal:///(pages-dir-browser)/./node_modules/next/dist/next-devtools/userspace/pages/pages-dev-overlay-setup.js:76:21)\n[ERROR] ./src/app/login/page.tsx\nError:   × Unexpected token. Did you mean `{'>'}` or `&gt;`?\n     ╭─[C:\\Users\\sales\\OneDrive\\Desktop\\shreenathji-erp-crm\\src\\app\\login\\page.tsx:161:1]\n 158 │                 className=\"pr-10\"\n 159 │                 data-testid=\"login-password-input\"\n 160 │               />\n 161 │               />\n     ·                ▲\n 162 │               <Button\n 163 │                 type=\"button\"\n 163 │                 variant=\"ghost\"\r\n     ╰────\n\nCaused by:\n    Syntax Error (at webpack-internal:///(pages-dir-browser)/./node_modules/next/dist/next-devtools/userspace/pages/pages-dev-overlay-setup.js:76:21)",
    "testType": "FRONTEND",
    "createFrom": "mcp",
    "testVisualization": "https://testsprite-videos.s3.us-east-1.amazonaws.com/f4f87498-4051-7061-3048-48ed68330331/1766574162344288//tmp/test_task/result.webm",
    "created": "2025-12-24T11:01:19.097Z",
    "modified": "2025-12-24T11:02:42.481Z"
  },
  {
    "projectId": "30002716-98c3-419b-8992-b83ec4e04a30",
    "testId": "1bcdc052-6df7-4d83-92a4-9d998d5d9c33",
    "userId": "f4f87498-4051-7061-3048-48ed68330331",
    "title": "TC004-Lead Data Import with duplicate detection",
    "description": "Verify that importing leads from file works properly and duplicate leads are detected and handled.",
    "code": "import asyncio\nfrom playwright import async_api\nfrom playwright.async_api import expect\n\nasync def run_test():\n    pw = None\n    browser = None\n    context = None\n    \n    try:\n        # Start a Playwright session in asynchronous mode\n        pw = await async_api.async_playwright().start()\n        \n        # Launch a Chromium browser in headless mode with custom arguments\n        browser = await pw.chromium.launch(\n            headless=True,\n            args=[\n                \"--window-size=1280,720\",         # Set the browser window size\n                \"--disable-dev-shm-usage\",        # Avoid using /dev/shm which can cause issues in containers\n                \"--ipc=host\",                     # Use host-level IPC for better stability\n                \"--single-process\"                # Run the browser in a single process mode\n            ],\n        )\n        \n        # Create a new browser context (like an incognito window)\n        context = await browser.new_context()\n        context.set_default_timeout(5000)\n        \n        # Open a new page in the browser context\n        page = await context.new_page()\n        \n        # Navigate to your target URL and wait until the network request is committed\n        await page.goto(\"http://localhost:3000\", wait_until=\"commit\", timeout=10000)\n        \n        # Wait for the main page to reach DOMContentLoaded state (optional for stability)\n        try:\n            await page.wait_for_load_state(\"domcontentloaded\", timeout=3000)\n        except async_api.Error:\n            pass\n        \n        # Iterate through all iframes and wait for them to load as well\n        for frame in page.frames:\n            try:\n                await frame.wait_for_load_state(\"domcontentloaded\", timeout=3000)\n            except async_api.Error:\n                pass\n        \n        # Interact with the page elements to simulate user flow\n        # --> Assertions to verify final state\n        frame = context.pages[-1]\n        try:\n            await expect(frame.locator('text=Import Successful with No Duplicate Leads').first).to_be_visible(timeout=30000)\n        except AssertionError:\n            raise AssertionError(\"Test failed: The system did not detect duplicates or handle them properly during leads import as per the test plan.\")\n        await asyncio.sleep(5)\n    \n    finally:\n        if context:\n            await context.close()\n        if browser:\n            await browser.close()\n        if pw:\n            await pw.stop()\n            \nasyncio.run(run_test())\n    ",
    "testStatus": "FAILED",
    "testError": "\nBrowser Console Logs:\n[ERROR] Failed to load resource: the server responded with a status of 500 (Internal Server Error) (at http://localhost:3000/login?redirectTo=/sales/dashboard:0:0)\n[ERROR] ./src/app/login/page.tsx\nError:   × Unexpected token. Did you mean `{'>'}` or `&gt;`?\n     ╭─[C:\\Users\\sales\\OneDrive\\Desktop\\shreenathji-erp-crm\\src\\app\\login\\page.tsx:161:1]\n 158 │                 className=\"pr-10\"\n 159 │                 data-testid=\"login-password-input\"\n 160 │               />\n 161 │               />\n     ·                ▲\n 162 │               <Button\n 163 │                 type=\"button\"\n 163 │                 variant=\"ghost\"\r\n     ╰────\n\nCaused by:\n    Syntax Error (at webpack-internal:///(pages-dir-browser)/./node_modules/next/dist/next-devtools/userspace/pages/pages-dev-overlay-setup.js:76:21)\n[ERROR] ./src/app/login/page.tsx\nError:   × Unexpected token. Did you mean `{'>'}` or `&gt;`?\n     ╭─[C:\\Users\\sales\\OneDrive\\Desktop\\shreenathji-erp-crm\\src\\app\\login\\page.tsx:161:1]\n 158 │                 className=\"pr-10\"\n 159 │                 data-testid=\"login-password-input\"\n 160 │               />\n 161 │               />\n     ·                ▲\n 162 │               <Button\n 163 │                 type=\"button\"\n 163 │                 variant=\"ghost\"\r\n     ╰────\n\nCaused by:\n    Syntax Error (at webpack-internal:///(pages-dir-browser)/./node_modules/next/dist/next-devtools/userspace/pages/pages-dev-overlay-setup.js:76:21)\n[ERROR] ./src/app/login/page.tsx\nError:   × Unexpected token. Did you mean `{'>'}` or `&gt;`?\n     ╭─[C:\\Users\\sales\\OneDrive\\Desktop\\shreenathji-erp-crm\\src\\app\\login\\page.tsx:161:1]\n 158 │                 className=\"pr-10\"\n 159 │                 data-testid=\"login-password-input\"\n 160 │               />\n 161 │               />\n     ·                ▲\n 162 │               <Button\n 163 │                 type=\"button\"\n 163 │                 variant=\"ghost\"\r\n     ╰────\n\nCaused by:\n    Syntax Error (at webpack-internal:///(pages-dir-browser)/./node_modules/next/dist/next-devtools/userspace/pages/pages-dev-overlay-setup.js:76:21)\n[ERROR] ./src/app/login/page.tsx\nError:   × Unexpected token. Did you mean `{'>'}` or `&gt;`?\n     ╭─[C:\\Users\\sales\\OneDrive\\Desktop\\shreenathji-erp-crm\\src\\app\\login\\page.tsx:161:1]\n 158 │                 className=\"pr-10\"\n 159 │                 data-testid=\"login-password-input\"\n 160 │               />\n 161 │               />\n     ·                ▲\n 162 │               <Button\n 163 │                 type=\"button\"\n 163 │                 variant=\"ghost\"\r\n     ╰────\n\nCaused by:\n    Syntax Error (at webpack-internal:///(pages-dir-browser)/./node_modules/next/dist/next-devtools/userspace/pages/pages-dev-overlay-setup.js:76:21)\n[ERROR] ./src/app/login/page.tsx\nError:   × Unexpected token. Did you mean `{'>'}` or `&gt;`?\n     ╭─[C:\\Users\\sales\\OneDrive\\Desktop\\shreenathji-erp-crm\\src\\app\\login\\page.tsx:161:1]\n 158 │                 className=\"pr-10\"\n 159 │                 data-testid=\"login-password-input\"\n 160 │               />\n 161 │               />\n     ·                ▲\n 162 │               <Button\n 163 │                 type=\"button\"\n 163 │                 variant=\"ghost\"\r\n     ╰────\n\nCaused by:\n    Syntax Error (at webpack-internal:///(pages-dir-browser)/./node_modules/next/dist/next-devtools/userspace/pages/pages-dev-overlay-setup.js:76:21)\n[ERROR] ./src/app/login/page.tsx\nError:   × Unexpected token. Did you mean `{'>'}` or `&gt;`?\n     ╭─[C:\\Users\\sales\\OneDrive\\Desktop\\shreenathji-erp-crm\\src\\app\\login\\page.tsx:161:1]\n 158 │                 className=\"pr-10\"\n 159 │                 data-testid=\"login-password-input\"\n 160 │               />\n 161 │               />\n     ·                ▲\n 162 │               <Button\n 163 │                 type=\"button\"\n 163 │                 variant=\"ghost\"\r\n     ╰────\n\nCaused by:\n    Syntax Error (at webpack-internal:///(pages-dir-browser)/./node_modules/next/dist/next-devtools/userspace/pages/pages-dev-overlay-setup.js:76:21)\n[ERROR] ./src/app/login/page.tsx\nError:   × Unexpected token. Did you mean `{'>'}` or `&gt;`?\n     ╭─[C:\\Users\\sales\\OneDrive\\Desktop\\shreenathji-erp-crm\\src\\app\\login\\page.tsx:161:1]\n 158 │                 className=\"pr-10\"\n 159 │                 data-testid=\"login-password-input\"\n 160 │               />\n 161 │               />\n     ·                ▲\n 162 │               <Button\n 163 │                 type=\"button\"\n 163 │                 variant=\"ghost\"\r\n     ╰────\n\nCaused by:\n    Syntax Error (at webpack-internal:///(pages-dir-browser)/./node_modules/next/dist/next-devtools/userspace/pages/pages-dev-overlay-setup.js:76:21)\n[ERROR] ./src/app/login/page.tsx\nError:   × Unexpected token. Did you mean `{'>'}` or `&gt;`?\n     ╭─[C:\\Users\\sales\\OneDrive\\Desktop\\shreenathji-erp-crm\\src\\app\\login\\page.tsx:161:1]\n 158 │                 className=\"pr-10\"\n 159 │                 data-testid=\"login-password-input\"\n 160 │               />\n 161 │               />\n     ·                ▲\n 162 │               <Button\n 163 │                 type=\"button\"\n 163 │                 variant=\"ghost\"\r\n     ╰────\n\nCaused by:\n    Syntax Error (at webpack-internal:///(pages-dir-browser)/./node_modules/next/dist/next-devtools/userspace/pages/pages-dev-overlay-setup.js:76:21)\n[ERROR] ./src/app/login/page.tsx\nError:   × Unexpected token. Did you mean `{'>'}` or `&gt;`?\n     ╭─[C:\\Users\\sales\\OneDrive\\Desktop\\shreenathji-erp-crm\\src\\app\\login\\page.tsx:161:1]\n 158 │                 className=\"pr-10\"\n 159 │                 data-testid=\"login-password-input\"\n 160 │               />\n 161 │               />\n     ·                ▲\n 162 │               <Button\n 163 │                 type=\"button\"\n 163 │                 variant=\"ghost\"\r\n     ╰────\n\nCaused by:\n    Syntax Error (at webpack-internal:///(pages-dir-browser)/./node_modules/next/dist/next-devtools/userspace/pages/pages-dev-overlay-setup.js:76:21)\n[ERROR] ./src/app/login/page.tsx\nError:   × Unexpected token. Did you mean `{'>'}` or `&gt;`?\n     ╭─[C:\\Users\\sales\\OneDrive\\Desktop\\shreenathji-erp-crm\\src\\app\\login\\page.tsx:161:1]\n 158 │                 className=\"pr-10\"\n 159 │                 data-testid=\"login-password-input\"\n 160 │               />\n 161 │               />\n     ·                ▲\n 162 │               <Button\n 163 │                 type=\"button\"\n 163 │                 variant=\"ghost\"\r\n     ╰────\n\nCaused by:\n    Syntax Error (at webpack-internal:///(pages-dir-browser)/./node_modules/next/dist/next-devtools/userspace/pages/pages-dev-overlay-setup.js:76:21)",
    "testType": "FRONTEND",
    "createFrom": "mcp",
    "testVisualization": "https://testsprite-videos.s3.us-east-1.amazonaws.com/f4f87498-4051-7061-3048-48ed68330331/1766574160742552//tmp/test_task/result.webm",
    "created": "2025-12-24T11:01:19.104Z",
    "modified": "2025-12-24T11:02:40.892Z"
  },
  {
    "projectId": "30002716-98c3-419b-8992-b83ec4e04a30",
    "testId": "fae60a33-9305-49b4-8bc5-1f2cebc15a0f",
    "userId": "f4f87498-4051-7061-3048-48ed68330331",
    "title": "TC005-Dynamic Lead Capture Form submission and public accessibility",
    "description": "Verify public users can access dynamic lead capture forms and successfully submit valid lead data.",
    "code": "import asyncio\nfrom playwright import async_api\nfrom playwright.async_api import expect\n\nasync def run_test():\n    pw = None\n    browser = None\n    context = None\n    \n    try:\n        # Start a Playwright session in asynchronous mode\n        pw = await async_api.async_playwright().start()\n        \n        # Launch a Chromium browser in headless mode with custom arguments\n        browser = await pw.chromium.launch(\n            headless=True,\n            args=[\n                \"--window-size=1280,720\",         # Set the browser window size\n                \"--disable-dev-shm-usage\",        # Avoid using /dev/shm which can cause issues in containers\n                \"--ipc=host\",                     # Use host-level IPC for better stability\n                \"--single-process\"                # Run the browser in a single process mode\n            ],\n        )\n        \n        # Create a new browser context (like an incognito window)\n        context = await browser.new_context()\n        context.set_default_timeout(5000)\n        \n        # Open a new page in the browser context\n        page = await context.new_page()\n        \n        # Navigate to your target URL and wait until the network request is committed\n        await page.goto(\"http://localhost:3000\", wait_until=\"commit\", timeout=10000)\n        \n        # Wait for the main page to reach DOMContentLoaded state (optional for stability)\n        try:\n            await page.wait_for_load_state(\"domcontentloaded\", timeout=3000)\n        except async_api.Error:\n            pass\n        \n        # Iterate through all iframes and wait for them to load as well\n        for frame in page.frames:\n            try:\n                await frame.wait_for_load_state(\"domcontentloaded\", timeout=3000)\n            except async_api.Error:\n                pass\n        \n        # Interact with the page elements to simulate user flow\n        # --> Assertions to verify final state\n        frame = context.pages[-1]\n        try:\n            await expect(frame.locator('text=Lead submission failed due to invalid data').first).to_be_visible(timeout=30000)\n        except AssertionError:\n            raise AssertionError('Test case failed: The dynamic lead capture form submission did not succeed as expected. The form either did not load correctly, the submission was not accepted, or the confirmation was not displayed.')\n        await asyncio.sleep(5)\n    \n    finally:\n        if context:\n            await context.close()\n        if browser:\n            await browser.close()\n        if pw:\n            await pw.stop()\n            \nasyncio.run(run_test())\n    ",
    "testStatus": "FAILED",
    "testError": "\nBrowser Console Logs:\n[ERROR] Failed to load resource: the server responded with a status of 500 (Internal Server Error) (at http://localhost:3000/login?redirectTo=/sales/dashboard:0:0)\n[ERROR] ./src/app/login/page.tsx\nError:   × Unexpected token. Did you mean `{'>'}` or `&gt;`?\n     ╭─[C:\\Users\\sales\\OneDrive\\Desktop\\shreenathji-erp-crm\\src\\app\\login\\page.tsx:161:1]\n 158 │                 className=\"pr-10\"\n 159 │                 data-testid=\"login-password-input\"\n 160 │               />\n 161 │               />\n     ·                ▲\n 162 │               <Button\n 163 │                 type=\"button\"\n 163 │                 variant=\"ghost\"\r\n     ╰────\n\nCaused by:\n    Syntax Error (at webpack-internal:///(pages-dir-browser)/./node_modules/next/dist/next-devtools/userspace/pages/pages-dev-overlay-setup.js:76:21)\n[ERROR] ./src/app/login/page.tsx\nError:   × Unexpected token. Did you mean `{'>'}` or `&gt;`?\n     ╭─[C:\\Users\\sales\\OneDrive\\Desktop\\shreenathji-erp-crm\\src\\app\\login\\page.tsx:161:1]\n 158 │                 className=\"pr-10\"\n 159 │                 data-testid=\"login-password-input\"\n 160 │               />\n 161 │               />\n     ·                ▲\n 162 │               <Button\n 163 │                 type=\"button\"\n 163 │                 variant=\"ghost\"\r\n     ╰────\n\nCaused by:\n    Syntax Error (at webpack-internal:///(pages-dir-browser)/./node_modules/next/dist/next-devtools/userspace/pages/pages-dev-overlay-setup.js:76:21)\n[ERROR] ./src/app/login/page.tsx\nError:   × Unexpected token. Did you mean `{'>'}` or `&gt;`?\n     ╭─[C:\\Users\\sales\\OneDrive\\Desktop\\shreenathji-erp-crm\\src\\app\\login\\page.tsx:161:1]\n 158 │                 className=\"pr-10\"\n 159 │                 data-testid=\"login-password-input\"\n 160 │               />\n 161 │               />\n     ·                ▲\n 162 │               <Button\n 163 │                 type=\"button\"\n 163 │                 variant=\"ghost\"\r\n     ╰────\n\nCaused by:\n    Syntax Error (at webpack-internal:///(pages-dir-browser)/./node_modules/next/dist/next-devtools/userspace/pages/pages-dev-overlay-setup.js:76:21)\n[ERROR] ./src/app/login/page.tsx\nError:   × Unexpected token. Did you mean `{'>'}` or `&gt;`?\n     ╭─[C:\\Users\\sales\\OneDrive\\Desktop\\shreenathji-erp-crm\\src\\app\\login\\page.tsx:161:1]\n 158 │                 className=\"pr-10\"\n 159 │                 data-testid=\"login-password-input\"\n 160 │               />\n 161 │               />\n     ·                ▲\n 162 │               <Button\n 163 │                 type=\"button\"\n 163 │                 variant=\"ghost\"\r\n     ╰────\n\nCaused by:\n    Syntax Error (at webpack-internal:///(pages-dir-browser)/./node_modules/next/dist/next-devtools/userspace/pages/pages-dev-overlay-setup.js:76:21)\n[ERROR] ./src/app/login/page.tsx\nError:   × Unexpected token. Did you mean `{'>'}` or `&gt;`?\n     ╭─[C:\\Users\\sales\\OneDrive\\Desktop\\shreenathji-erp-crm\\src\\app\\login\\page.tsx:161:1]\n 158 │                 className=\"pr-10\"\n 159 │                 data-testid=\"login-password-input\"\n 160 │               />\n 161 │               />\n     ·                ▲\n 162 │               <Button\n 163 │                 type=\"button\"\n 163 │                 variant=\"ghost\"\r\n     ╰────\n\nCaused by:\n    Syntax Error (at webpack-internal:///(pages-dir-browser)/./node_modules/next/dist/next-devtools/userspace/pages/pages-dev-overlay-setup.js:76:21)\n[ERROR] ./src/app/login/page.tsx\nError:   × Unexpected token. Did you mean `{'>'}` or `&gt;`?\n     ╭─[C:\\Users\\sales\\OneDrive\\Desktop\\shreenathji-erp-crm\\src\\app\\login\\page.tsx:161:1]\n 158 │                 className=\"pr-10\"\n 159 │                 data-testid=\"login-password-input\"\n 160 │               />\n 161 │               />\n     ·                ▲\n 162 │               <Button\n 163 │                 type=\"button\"\n 163 │                 variant=\"ghost\"\r\n     ╰────\n\nCaused by:\n    Syntax Error (at webpack-internal:///(pages-dir-browser)/./node_modules/next/dist/next-devtools/userspace/pages/pages-dev-overlay-setup.js:76:21)\n[ERROR] ./src/app/login/page.tsx\nError:   × Unexpected token. Did you mean `{'>'}` or `&gt;`?\n     ╭─[C:\\Users\\sales\\OneDrive\\Desktop\\shreenathji-erp-crm\\src\\app\\login\\page.tsx:161:1]\n 158 │                 className=\"pr-10\"\n 159 │                 data-testid=\"login-password-input\"\n 160 │               />\n 161 │               />\n     ·                ▲\n 162 │               <Button\n 163 │                 type=\"button\"\n 163 │                 variant=\"ghost\"\r\n     ╰────\n\nCaused by:\n    Syntax Error (at webpack-internal:///(pages-dir-browser)/./node_modules/next/dist/next-devtools/userspace/pages/pages-dev-overlay-setup.js:76:21)\n[ERROR] ./src/app/login/page.tsx\nError:   × Unexpected token. Did you mean `{'>'}` or `&gt;`?\n     ╭─[C:\\Users\\sales\\OneDrive\\Desktop\\shreenathji-erp-crm\\src\\app\\login\\page.tsx:161:1]\n 158 │                 className=\"pr-10\"\n 159 │                 data-testid=\"login-password-input\"\n 160 │               />\n 161 │               />\n     ·                ▲\n 162 │               <Button\n 163 │                 type=\"button\"\n 163 │                 variant=\"ghost\"\r\n     ╰────\n\nCaused by:\n    Syntax Error (at webpack-internal:///(pages-dir-browser)/./node_modules/next/dist/next-devtools/userspace/pages/pages-dev-overlay-setup.js:76:21)\n[ERROR] ./src/app/login/page.tsx\nError:   × Unexpected token. Did you mean `{'>'}` or `&gt;`?\n     ╭─[C:\\Users\\sales\\OneDrive\\Desktop\\shreenathji-erp-crm\\src\\app\\login\\page.tsx:161:1]\n 158 │                 className=\"pr-10\"\n 159 │                 data-testid=\"login-password-input\"\n 160 │               />\n 161 │               />\n     ·                ▲\n 162 │               <Button\n 163 │                 type=\"button\"\n 163 │                 variant=\"ghost\"\r\n     ╰────\n\nCaused by:\n    Syntax Error (at webpack-internal:///(pages-dir-browser)/./node_modules/next/dist/next-devtools/userspace/pages/pages-dev-overlay-setup.js:76:21)\n[ERROR] ./src/app/login/page.tsx\nError:   × Unexpected token. Did you mean `{'>'}` or `&gt;`?\n     ╭─[C:\\Users\\sales\\OneDrive\\Desktop\\shreenathji-erp-crm\\src\\app\\login\\page.tsx:161:1]\n 158 │                 className=\"pr-10\"\n 159 │                 data-testid=\"login-password-input\"\n 160 │               />\n 161 │               />\n     ·                ▲\n 162 │               <Button\n 163 │                 type=\"button\"\n 163 │                 variant=\"ghost\"\r\n     ╰────\n\nCaused by:\n    Syntax Error (at webpack-internal:///(pages-dir-browser)/./node_modules/next/dist/next-devtools/userspace/pages/pages-dev-overlay-setup.js:76:21)\n[ERROR] ./src/app/login/page.tsx\nError:   × Unexpected token. Did you mean `{'>'}` or `&gt;`?\n     ╭─[C:\\Users\\sales\\OneDrive\\Desktop\\shreenathji-erp-crm\\src\\app\\login\\page.tsx:161:1]\n 158 │                 className=\"pr-10\"\n 159 │                 data-testid=\"login-password-input\"\n 160 │               />\n 161 │               />\n     ·                ▲\n 162 │               <Button\n 163 │                 type=\"button\"\n 163 │                 variant=\"ghost\"\r\n     ╰────\n\nCaused by:\n    Syntax Error (at webpack-internal:///(pages-dir-browser)/./node_modules/next/dist/next-devtools/userspace/pages/pages-dev-overlay-setup.js:76:21)\n[ERROR] ./src/app/login/page.tsx\nError:   × Unexpected token. Did you mean `{'>'}` or `&gt;`?\n     ╭─[C:\\Users\\sales\\OneDrive\\Desktop\\shreenathji-erp-crm\\src\\app\\login\\page.tsx:161:1]\n 158 │                 className=\"pr-10\"\n 159 │                 data-testid=\"login-password-input\"\n 160 │               />\n 161 │               />\n     ·                ▲\n 162 │               <Button\n 163 │                 type=\"button\"\n 163 │                 variant=\"ghost\"\r\n     ╰────\n\nCaused by:\n    Syntax Error (at webpack-internal:///(pages-dir-browser)/./node_modules/next/dist/next-devtools/userspace/pages/pages-dev-overlay-setup.js:76:21)\n[ERROR] ./src/app/login/page.tsx\nError:   × Unexpected token. Did you mean `{'>'}` or `&gt;`?\n     ╭─[C:\\Users\\sales\\OneDrive\\Desktop\\shreenathji-erp-crm\\src\\app\\login\\page.tsx:161:1]\n 158 │                 className=\"pr-10\"\n 159 │                 data-testid=\"login-password-input\"\n 160 │               />\n 161 │               />\n     ·                ▲\n 162 │               <Button\n 163 │                 type=\"button\"\n 163 │                 variant=\"ghost\"\r\n     ╰────\n\nCaused by:\n    Syntax Error (at webpack-internal:///(pages-dir-browser)/./node_modules/next/dist/next-devtools/userspace/pages/pages-dev-overlay-setup.js:76:21)\n[ERROR] ./src/app/login/page.tsx\nError:   × Unexpected token. Did you mean `{'>'}` or `&gt;`?\n     ╭─[C:\\Users\\sales\\OneDrive\\Desktop\\shreenathji-erp-crm\\src\\app\\login\\page.tsx:161:1]\n 158 │                 className=\"pr-10\"\n 159 │                 data-testid=\"login-password-input\"\n 160 │               />\n 161 │               />\n     ·                ▲\n 162 │               <Button\n 163 │                 type=\"button\"\n 163 │                 variant=\"ghost\"\r\n     ╰────\n\nCaused by:\n    Syntax Error (at webpack-internal:///(pages-dir-browser)/./node_modules/next/dist/next-devtools/userspace/pages/pages-dev-overlay-setup.js:76:21)\n[ERROR] ./src/app/login/page.tsx\nError:   × Unexpected token. Did you mean `{'>'}` or `&gt;`?\n     ╭─[C:\\Users\\sales\\OneDrive\\Desktop\\shreenathji-erp-crm\\src\\app\\login\\page.tsx:161:1]\n 158 │                 className=\"pr-10\"\n 159 │                 data-testid=\"login-password-input\"\n 160 │               />\n 161 │               />\n     ·                ▲\n 162 │               <Button\n 163 │                 type=\"button\"\n 163 │                 variant=\"ghost\"\r\n     ╰────\n\nCaused by:\n    Syntax Error (at webpack-internal:///(pages-dir-browser)/./node_modules/next/dist/next-devtools/userspace/pages/pages-dev-overlay-setup.js:76:21)\n[ERROR] ./src/app/login/page.tsx\nError:   × Unexpected token. Did you mean `{'>'}` or `&gt;`?\n     ╭─[C:\\Users\\sales\\OneDrive\\Desktop\\shreenathji-erp-crm\\src\\app\\login\\page.tsx:161:1]\n 158 │                 className=\"pr-10\"\n 159 │                 data-testid=\"login-password-input\"\n 160 │               />\n 161 │               />\n     ·                ▲\n 162 │               <Button\n 163 │                 type=\"button\"\n 163 │                 variant=\"ghost\"\r\n     ╰────\n\nCaused by:\n    Syntax Error (at webpack-internal:///(pages-dir-browser)/./node_modules/next/dist/next-devtools/userspace/pages/pages-dev-overlay-setup.js:76:21)\n[ERROR] ./src/app/login/page.tsx\nError:   × Unexpected token. Did you mean `{'>'}` or `&gt;`?\n     ╭─[C:\\Users\\sales\\OneDrive\\Desktop\\shreenathji-erp-crm\\src\\app\\login\\page.tsx:161:1]\n 158 │                 className=\"pr-10\"\n 159 │                 data-testid=\"login-password-input\"\n 160 │               />\n 161 │               />\n     ·                ▲\n 162 │               <Button\n 163 │                 type=\"button\"\n 163 │                 variant=\"ghost\"\r\n     ╰────\n\nCaused by:\n    Syntax Error (at webpack-internal:///(pages-dir-browser)/./node_modules/next/dist/next-devtools/userspace/pages/pages-dev-overlay-setup.js:76:21)\n[ERROR] ./src/app/login/page.tsx\nError:   × Unexpected token. Did you mean `{'>'}` or `&gt;`?\n     ╭─[C:\\Users\\sales\\OneDrive\\Desktop\\shreenathji-erp-crm\\src\\app\\login\\page.tsx:161:1]\n 158 │                 className=\"pr-10\"\n 159 │                 data-testid=\"login-password-input\"\n 160 │               />\n 161 │               />\n     ·                ▲\n 162 │               <Button\n 163 │                 type=\"button\"\n 163 │                 variant=\"ghost\"\r\n     ╰────\n\nCaused by:\n    Syntax Error (at webpack-internal:///(pages-dir-browser)/./node_modules/next/dist/next-devtools/userspace/pages/pages-dev-overlay-setup.js:76:21)\n[ERROR] ./src/app/login/page.tsx\nError:   × Unexpected token. Did you mean `{'>'}` or `&gt;`?\n     ╭─[C:\\Users\\sales\\OneDrive\\Desktop\\shreenathji-erp-crm\\src\\app\\login\\page.tsx:161:1]\n 158 │                 className=\"pr-10\"\n 159 │                 data-testid=\"login-password-input\"\n 160 │               />\n 161 │               />\n     ·                ▲\n 162 │               <Button\n 163 │                 type=\"button\"\n 163 │                 variant=\"ghost\"\r\n     ╰────\n\nCaused by:\n    Syntax Error (at webpack-internal:///(pages-dir-browser)/./node_modules/next/dist/next-devtools/userspace/pages/pages-dev-overlay-setup.js:76:21)",
    "testType": "FRONTEND",
    "createFrom": "mcp",
    "testVisualization": "https://testsprite-videos.s3.us-east-1.amazonaws.com/f4f87498-4051-7061-3048-48ed68330331/1766574161130334//tmp/test_task/result.webm",
    "created": "2025-12-24T11:01:19.110Z",
    "modified": "2025-12-24T11:02:41.254Z"
  },
  {
    "projectId": "30002716-98c3-419b-8992-b83ec4e04a30",
    "testId": "792f2721-0c98-4c74-9b77-de9f169168c7",
    "userId": "f4f87498-4051-7061-3048-48ed68330331",
    "title": "TC006-Customer & Contact Management CRUD operations",
    "description": "Validate the creation, update, deletion, and retrieval of customers and associated contacts.",
    "code": "import asyncio\nfrom playwright import async_api\nfrom playwright.async_api import expect\n\nasync def run_test():\n    pw = None\n    browser = None\n    context = None\n    \n    try:\n        # Start a Playwright session in asynchronous mode\n        pw = await async_api.async_playwright().start()\n        \n        # Launch a Chromium browser in headless mode with custom arguments\n        browser = await pw.chromium.launch(\n            headless=True,\n            args=[\n                \"--window-size=1280,720\",         # Set the browser window size\n                \"--disable-dev-shm-usage\",        # Avoid using /dev/shm which can cause issues in containers\n                \"--ipc=host\",                     # Use host-level IPC for better stability\n                \"--single-process\"                # Run the browser in a single process mode\n            ],\n        )\n        \n        # Create a new browser context (like an incognito window)\n        context = await browser.new_context()\n        context.set_default_timeout(5000)\n        \n        # Open a new page in the browser context\n        page = await context.new_page()\n        \n        # Navigate to your target URL and wait until the network request is committed\n        await page.goto(\"http://localhost:3000\", wait_until=\"commit\", timeout=10000)\n        \n        # Wait for the main page to reach DOMContentLoaded state (optional for stability)\n        try:\n            await page.wait_for_load_state(\"domcontentloaded\", timeout=3000)\n        except async_api.Error:\n            pass\n        \n        # Iterate through all iframes and wait for them to load as well\n        for frame in page.frames:\n            try:\n                await frame.wait_for_load_state(\"domcontentloaded\", timeout=3000)\n            except async_api.Error:\n                pass\n        \n        # Interact with the page elements to simulate user flow\n        # --> Assertions to verify final state\n        try:\n            await expect(page.locator('text=Customer record created successfully').first).to_be_visible(timeout=30000)\n        except AssertionError:\n            raise AssertionError(\"Test case failed: The test plan execution for customer and contact management failed. Expected success message 'Customer record created successfully' was not found, indicating failure in creation, update, deletion, or retrieval of customer and contact records.\")\n        await asyncio.sleep(5)\n    \n    finally:\n        if context:\n            await context.close()\n        if browser:\n            await browser.close()\n        if pw:\n            await pw.stop()\n            \nasyncio.run(run_test())\n    ",
    "testStatus": "FAILED",
    "testError": "\nBrowser Console Logs:\n[ERROR] Failed to load resource: the server responded with a status of 500 (Internal Server Error) (at http://localhost:3000/login?redirectTo=/sales/dashboard:0:0)\n[ERROR] ./src/app/login/page.tsx\nError:   × Unexpected token. Did you mean `{'>'}` or `&gt;`?\n     ╭─[C:\\Users\\sales\\OneDrive\\Desktop\\shreenathji-erp-crm\\src\\app\\login\\page.tsx:161:1]\n 158 │                 className=\"pr-10\"\n 159 │                 data-testid=\"login-password-input\"\n 160 │               />\n 161 │               />\n     ·                ▲\n 162 │               <Button\n 163 │                 type=\"button\"\n 163 │                 variant=\"ghost\"\r\n     ╰────\n\nCaused by:\n    Syntax Error (at webpack-internal:///(pages-dir-browser)/./node_modules/next/dist/next-devtools/userspace/pages/pages-dev-overlay-setup.js:76:21)\n[ERROR] ./src/app/login/page.tsx\nError:   × Unexpected token. Did you mean `{'>'}` or `&gt;`?\n     ╭─[C:\\Users\\sales\\OneDrive\\Desktop\\shreenathji-erp-crm\\src\\app\\login\\page.tsx:161:1]\n 158 │                 className=\"pr-10\"\n 159 │                 data-testid=\"login-password-input\"\n 160 │               />\n 161 │               />\n     ·                ▲\n 162 │               <Button\n 163 │                 type=\"button\"\n 163 │                 variant=\"ghost\"\r\n     ╰────\n\nCaused by:\n    Syntax Error (at webpack-internal:///(pages-dir-browser)/./node_modules/next/dist/next-devtools/userspace/pages/pages-dev-overlay-setup.js:76:21)\n[ERROR] ./src/app/login/page.tsx\nError:   × Unexpected token. Did you mean `{'>'}` or `&gt;`?\n     ╭─[C:\\Users\\sales\\OneDrive\\Desktop\\shreenathji-erp-crm\\src\\app\\login\\page.tsx:161:1]\n 158 │                 className=\"pr-10\"\n 159 │                 data-testid=\"login-password-input\"\n 160 │               />\n 161 │               />\n     ·                ▲\n 162 │               <Button\n 163 │                 type=\"button\"\n 163 │                 variant=\"ghost\"\r\n     ╰────\n\nCaused by:\n    Syntax Error (at webpack-internal:///(pages-dir-browser)/./node_modules/next/dist/next-devtools/userspace/pages/pages-dev-overlay-setup.js:76:21)\n[ERROR] ./src/app/login/page.tsx\nError:   × Unexpected token. Did you mean `{'>'}` or `&gt;`?\n     ╭─[C:\\Users\\sales\\OneDrive\\Desktop\\shreenathji-erp-crm\\src\\app\\login\\page.tsx:161:1]\n 158 │                 className=\"pr-10\"\n 159 │                 data-testid=\"login-password-input\"\n 160 │               />\n 161 │               />\n     ·                ▲\n 162 │               <Button\n 163 │                 type=\"button\"\n 163 │                 variant=\"ghost\"\r\n     ╰────\n\nCaused by:\n    Syntax Error (at webpack-internal:///(pages-dir-browser)/./node_modules/next/dist/next-devtools/userspace/pages/pages-dev-overlay-setup.js:76:21)\n[ERROR] ./src/app/login/page.tsx\nError:   × Unexpected token. Did you mean `{'>'}` or `&gt;`?\n     ╭─[C:\\Users\\sales\\OneDrive\\Desktop\\shreenathji-erp-crm\\src\\app\\login\\page.tsx:161:1]\n 158 │                 className=\"pr-10\"\n 159 │                 data-testid=\"login-password-input\"\n 160 │               />\n 161 │               />\n     ·                ▲\n 162 │               <Button\n 163 │                 type=\"button\"\n 163 │                 variant=\"ghost\"\r\n     ╰────\n\nCaused by:\n    Syntax Error (at webpack-internal:///(pages-dir-browser)/./node_modules/next/dist/next-devtools/userspace/pages/pages-dev-overlay-setup.js:76:21)\n[ERROR] ./src/app/login/page.tsx\nError:   × Unexpected token. Did you mean `{'>'}` or `&gt;`?\n     ╭─[C:\\Users\\sales\\OneDrive\\Desktop\\shreenathji-erp-crm\\src\\app\\login\\page.tsx:161:1]\n 158 │                 className=\"pr-10\"\n 159 │                 data-testid=\"login-password-input\"\n 160 │               />\n 161 │               />\n     ·                ▲\n 162 │               <Button\n 163 │                 type=\"button\"\n 163 │                 variant=\"ghost\"\r\n     ╰────\n\nCaused by:\n    Syntax Error (at webpack-internal:///(pages-dir-browser)/./node_modules/next/dist/next-devtools/userspace/pages/pages-dev-overlay-setup.js:76:21)\n[ERROR] ./src/app/login/page.tsx\nError:   × Unexpected token. Did you mean `{'>'}` or `&gt;`?\n     ╭─[C:\\Users\\sales\\OneDrive\\Desktop\\shreenathji-erp-crm\\src\\app\\login\\page.tsx:161:1]\n 158 │                 className=\"pr-10\"\n 159 │                 data-testid=\"login-password-input\"\n 160 │               />\n 161 │               />\n     ·                ▲\n 162 │               <Button\n 163 │                 type=\"button\"\n 163 │                 variant=\"ghost\"\r\n     ╰────\n\nCaused by:\n    Syntax Error (at webpack-internal:///(pages-dir-browser)/./node_modules/next/dist/next-devtools/userspace/pages/pages-dev-overlay-setup.js:76:21)\n[ERROR] ./src/app/login/page.tsx\nError:   × Unexpected token. Did you mean `{'>'}` or `&gt;`?\n     ╭─[C:\\Users\\sales\\OneDrive\\Desktop\\shreenathji-erp-crm\\src\\app\\login\\page.tsx:161:1]\n 158 │                 className=\"pr-10\"\n 159 │                 data-testid=\"login-password-input\"\n 160 │               />\n 161 │               />\n     ·                ▲\n 162 │               <Button\n 163 │                 type=\"button\"\n 163 │                 variant=\"ghost\"\r\n     ╰────\n\nCaused by:\n    Syntax Error (at webpack-internal:///(pages-dir-browser)/./node_modules/next/dist/next-devtools/userspace/pages/pages-dev-overlay-setup.js:76:21)\n[ERROR] ./src/app/login/page.tsx\nError:   × Unexpected token. Did you mean `{'>'}` or `&gt;`?\n     ╭─[C:\\Users\\sales\\OneDrive\\Desktop\\shreenathji-erp-crm\\src\\app\\login\\page.tsx:161:1]\n 158 │                 className=\"pr-10\"\n 159 │                 data-testid=\"login-password-input\"\n 160 │               />\n 161 │               />\n     ·                ▲\n 162 │               <Button\n 163 │                 type=\"button\"\n 163 │                 variant=\"ghost\"\r\n     ╰────\n\nCaused by:\n    Syntax Error (at webpack-internal:///(pages-dir-browser)/./node_modules/next/dist/next-devtools/userspace/pages/pages-dev-overlay-setup.js:76:21)\n[ERROR] ./src/app/login/page.tsx\nError:   × Unexpected token. Did you mean `{'>'}` or `&gt;`?\n     ╭─[C:\\Users\\sales\\OneDrive\\Desktop\\shreenathji-erp-crm\\src\\app\\login\\page.tsx:161:1]\n 158 │                 className=\"pr-10\"\n 159 │                 data-testid=\"login-password-input\"\n 160 │               />\n 161 │               />\n     ·                ▲\n 162 │               <Button\n 163 │                 type=\"button\"\n 163 │                 variant=\"ghost\"\r\n     ╰────\n\nCaused by:\n    Syntax Error (at webpack-internal:///(pages-dir-browser)/./node_modules/next/dist/next-devtools/userspace/pages/pages-dev-overlay-setup.js:76:21)\n[ERROR] ./src/app/login/page.tsx\nError:   × Unexpected token. Did you mean `{'>'}` or `&gt;`?\n     ╭─[C:\\Users\\sales\\OneDrive\\Desktop\\shreenathji-erp-crm\\src\\app\\login\\page.tsx:161:1]\n 158 │                 className=\"pr-10\"\n 159 │                 data-testid=\"login-password-input\"\n 160 │               />\n 161 │               />\n     ·                ▲\n 162 │               <Button\n 163 │                 type=\"button\"\n 163 │                 variant=\"ghost\"\r\n     ╰────\n\nCaused by:\n    Syntax Error (at webpack-internal:///(pages-dir-browser)/./node_modules/next/dist/next-devtools/userspace/pages/pages-dev-overlay-setup.js:76:21)\n[ERROR] ./src/app/login/page.tsx\nError:   × Unexpected token. Did you mean `{'>'}` or `&gt;`?\n     ╭─[C:\\Users\\sales\\OneDrive\\Desktop\\shreenathji-erp-crm\\src\\app\\login\\page.tsx:161:1]\n 158 │                 className=\"pr-10\"\n 159 │                 data-testid=\"login-password-input\"\n 160 │               />\n 161 │               />\n     ·                ▲\n 162 │               <Button\n 163 │                 type=\"button\"\n 163 │                 variant=\"ghost\"\r\n     ╰────\n\nCaused by:\n    Syntax Error (at webpack-internal:///(pages-dir-browser)/./node_modules/next/dist/next-devtools/userspace/pages/pages-dev-overlay-setup.js:76:21)\n[ERROR] ./src/app/login/page.tsx\nError:   × Unexpected token. Did you mean `{'>'}` or `&gt;`?\n     ╭─[C:\\Users\\sales\\OneDrive\\Desktop\\shreenathji-erp-crm\\src\\app\\login\\page.tsx:161:1]\n 158 │                 className=\"pr-10\"\n 159 │                 data-testid=\"login-password-input\"\n 160 │               />\n 161 │               />\n     ·                ▲\n 162 │               <Button\n 163 │                 type=\"button\"\n 163 │                 variant=\"ghost\"\r\n     ╰────\n\nCaused by:\n    Syntax Error (at webpack-internal:///(pages-dir-browser)/./node_modules/next/dist/next-devtools/userspace/pages/pages-dev-overlay-setup.js:76:21)\n[ERROR] ./src/app/login/page.tsx\nError:   × Unexpected token. Did you mean `{'>'}` or `&gt;`?\n     ╭─[C:\\Users\\sales\\OneDrive\\Desktop\\shreenathji-erp-crm\\src\\app\\login\\page.tsx:161:1]\n 158 │                 className=\"pr-10\"\n 159 │                 data-testid=\"login-password-input\"\n 160 │               />\n 161 │               />\n     ·                ▲\n 162 │               <Button\n 163 │                 type=\"button\"\n 163 │                 variant=\"ghost\"\r\n     ╰────\n\nCaused by:\n    Syntax Error (at webpack-internal:///(pages-dir-browser)/./node_modules/next/dist/next-devtools/userspace/pages/pages-dev-overlay-setup.js:76:21)\n[ERROR] ./src/app/login/page.tsx\nError:   × Unexpected token. Did you mean `{'>'}` or `&gt;`?\n     ╭─[C:\\Users\\sales\\OneDrive\\Desktop\\shreenathji-erp-crm\\src\\app\\login\\page.tsx:161:1]\n 158 │                 className=\"pr-10\"\n 159 │                 data-testid=\"login-password-input\"\n 160 │               />\n 161 │               />\n     ·                ▲\n 162 │               <Button\n 163 │                 type=\"button\"\n 163 │                 variant=\"ghost\"\r\n     ╰────\n\nCaused by:\n    Syntax Error (at webpack-internal:///(pages-dir-browser)/./node_modules/next/dist/next-devtools/userspace/pages/pages-dev-overlay-setup.js:76:21)\n[ERROR] ./src/app/login/page.tsx\nError:   × Unexpected token. Did you mean `{'>'}` or `&gt;`?\n     ╭─[C:\\Users\\sales\\OneDrive\\Desktop\\shreenathji-erp-crm\\src\\app\\login\\page.tsx:161:1]\n 158 │                 className=\"pr-10\"\n 159 │                 data-testid=\"login-password-input\"\n 160 │               />\n 161 │               />\n     ·                ▲\n 162 │               <Button\n 163 │                 type=\"button\"\n 163 │                 variant=\"ghost\"\r\n     ╰────\n\nCaused by:\n    Syntax Error (at webpack-internal:///(pages-dir-browser)/./node_modules/next/dist/next-devtools/userspace/pages/pages-dev-overlay-setup.js:76:21)",
    "testType": "FRONTEND",
    "createFrom": "mcp",
    "testVisualization": "https://testsprite-videos.s3.us-east-1.amazonaws.com/f4f87498-4051-7061-3048-48ed68330331/17665741627467//tmp/test_task/result.webm",
    "created": "2025-12-24T11:01:19.116Z",
    "modified": "2025-12-24T11:02:42.870Z"
  },
  {
    "projectId": "30002716-98c3-419b-8992-b83ec4e04a30",
    "testId": "f70e6b3f-0edf-489e-9878-419e019d5f7e",
    "userId": "f4f87498-4051-7061-3048-48ed68330331",
    "title": "TC007-Product and Inventory Management with import and tracking",
    "description": "Verify product creation, import functions, and inventory tracking updates are consistent across the system.",
    "code": "import asyncio\nfrom playwright import async_api\nfrom playwright.async_api import expect\n\nasync def run_test():\n    pw = None\n    browser = None\n    context = None\n    \n    try:\n        # Start a Playwright session in asynchronous mode\n        pw = await async_api.async_playwright().start()\n        \n        # Launch a Chromium browser in headless mode with custom arguments\n        browser = await pw.chromium.launch(\n            headless=True,\n            args=[\n                \"--window-size=1280,720\",         # Set the browser window size\n                \"--disable-dev-shm-usage\",        # Avoid using /dev/shm which can cause issues in containers\n                \"--ipc=host\",                     # Use host-level IPC for better stability\n                \"--single-process\"                # Run the browser in a single process mode\n            ],\n        )\n        \n        # Create a new browser context (like an incognito window)\n        context = await browser.new_context()\n        context.set_default_timeout(5000)\n        \n        # Open a new page in the browser context\n        page = await context.new_page()\n        \n        # Navigate to your target URL and wait until the network request is committed\n        await page.goto(\"http://localhost:3000\", wait_until=\"commit\", timeout=10000)\n        \n        # Wait for the main page to reach DOMContentLoaded state (optional for stability)\n        try:\n            await page.wait_for_load_state(\"domcontentloaded\", timeout=3000)\n        except async_api.Error:\n            pass\n        \n        # Iterate through all iframes and wait for them to load as well\n        for frame in page.frames:\n            try:\n                await frame.wait_for_load_state(\"domcontentloaded\", timeout=3000)\n            except async_api.Error:\n                pass\n        \n        # Interact with the page elements to simulate user flow\n        # --> Assertions to verify final state\n        frame = context.pages[-1]\n        try:\n            await expect(frame.locator('text=Nonexistent Product Creation Confirmation').first).to_be_visible(timeout=30000)\n        except AssertionError:\n            raise AssertionError('Test case failed: Product creation, import functions, and inventory tracking updates did not complete successfully as per the test plan.')\n        await asyncio.sleep(5)\n    \n    finally:\n        if context:\n            await context.close()\n        if browser:\n            await browser.close()\n        if pw:\n            await pw.stop()\n            \nasyncio.run(run_test())\n    ",
    "testStatus": "FAILED",
    "testError": "\nBrowser Console Logs:\n[ERROR] Failed to load resource: the server responded with a status of 500 (Internal Server Error) (at http://localhost:3000/login?redirectTo=/sales/dashboard:0:0)\n[ERROR] ./src/app/login/page.tsx\nError:   × Unexpected token. Did you mean `{'>'}` or `&gt;`?\n     ╭─[C:\\Users\\sales\\OneDrive\\Desktop\\shreenathji-erp-crm\\src\\app\\login\\page.tsx:161:1]\n 158 │                 className=\"pr-10\"\n 159 │                 data-testid=\"login-password-input\"\n 160 │               />\n 161 │               />\n     ·                ▲\n 162 │               <Button\n 163 │                 type=\"button\"\n 163 │                 variant=\"ghost\"\r\n     ╰────\n\nCaused by:\n    Syntax Error (at webpack-internal:///(pages-dir-browser)/./node_modules/next/dist/next-devtools/userspace/pages/pages-dev-overlay-setup.js:76:21)\n[ERROR] ./src/app/login/page.tsx\nError:   × Unexpected token. Did you mean `{'>'}` or `&gt;`?\n     ╭─[C:\\Users\\sales\\OneDrive\\Desktop\\shreenathji-erp-crm\\src\\app\\login\\page.tsx:161:1]\n 158 │                 className=\"pr-10\"\n 159 │                 data-testid=\"login-password-input\"\n 160 │               />\n 161 │               />\n     ·                ▲\n 162 │               <Button\n 163 │                 type=\"button\"\n 163 │                 variant=\"ghost\"\r\n     ╰────\n\nCaused by:\n    Syntax Error (at webpack-internal:///(pages-dir-browser)/./node_modules/next/dist/next-devtools/userspace/pages/pages-dev-overlay-setup.js:76:21)\n[ERROR] ./src/app/login/page.tsx\nError:   × Unexpected token. Did you mean `{'>'}` or `&gt;`?\n     ╭─[C:\\Users\\sales\\OneDrive\\Desktop\\shreenathji-erp-crm\\src\\app\\login\\page.tsx:161:1]\n 158 │                 className=\"pr-10\"\n 159 │                 data-testid=\"login-password-input\"\n 160 │               />\n 161 │               />\n     ·                ▲\n 162 │               <Button\n 163 │                 type=\"button\"\n 163 │                 variant=\"ghost\"\r\n     ╰────\n\nCaused by:\n    Syntax Error (at webpack-internal:///(pages-dir-browser)/./node_modules/next/dist/next-devtools/userspace/pages/pages-dev-overlay-setup.js:76:21)\n[ERROR] ./src/app/login/page.tsx\nError:   × Unexpected token. Did you mean `{'>'}` or `&gt;`?\n     ╭─[C:\\Users\\sales\\OneDrive\\Desktop\\shreenathji-erp-crm\\src\\app\\login\\page.tsx:161:1]\n 158 │                 className=\"pr-10\"\n 159 │                 data-testid=\"login-password-input\"\n 160 │               />\n 161 │               />\n     ·                ▲\n 162 │               <Button\n 163 │                 type=\"button\"\n 163 │                 variant=\"ghost\"\r\n     ╰────\n\nCaused by:\n    Syntax Error (at webpack-internal:///(pages-dir-browser)/./node_modules/next/dist/next-devtools/userspace/pages/pages-dev-overlay-setup.js:76:21)",
    "testType": "FRONTEND",
    "createFrom": "mcp",
    "testVisualization": "https://testsprite-videos.s3.us-east-1.amazonaws.com/f4f87498-4051-7061-3048-48ed68330331/1766574160933828//tmp/test_task/result.webm",
    "created": "2025-12-24T11:01:19.122Z",
    "modified": "2025-12-24T11:02:41.046Z"
  },
  {
    "projectId": "30002716-98c3-419b-8992-b83ec4e04a30",
    "testId": "41d92351-8042-4f5a-9601-b536cc9dee47",
    "userId": "f4f87498-4051-7061-3048-48ed68330331",
    "title": "TC008-Sales Document workflows - creation, PDF generation, and conversion",
    "description": "Validate creation and conversion flows for Quotes, Proforma Invoices, Sales Orders, and Invoices including PDF generation and sequential numbering.",
    "code": "import asyncio\nfrom playwright import async_api\nfrom playwright.async_api import expect\n\nasync def run_test():\n    pw = None\n    browser = None\n    context = None\n    \n    try:\n        # Start a Playwright session in asynchronous mode\n        pw = await async_api.async_playwright().start()\n        \n        # Launch a Chromium browser in headless mode with custom arguments\n        browser = await pw.chromium.launch(\n            headless=True,\n            args=[\n                \"--window-size=1280,720\",         # Set the browser window size\n                \"--disable-dev-shm-usage\",        # Avoid using /dev/shm which can cause issues in containers\n                \"--ipc=host\",                     # Use host-level IPC for better stability\n                \"--single-process\"                # Run the browser in a single process mode\n            ],\n        )\n        \n        # Create a new browser context (like an incognito window)\n        context = await browser.new_context()\n        context.set_default_timeout(5000)\n        \n        # Open a new page in the browser context\n        page = await context.new_page()\n        \n        # Navigate to your target URL and wait until the network request is committed\n        await page.goto(\"http://localhost:3000\", wait_until=\"commit\", timeout=10000)\n        \n        # Wait for the main page to reach DOMContentLoaded state (optional for stability)\n        try:\n            await page.wait_for_load_state(\"domcontentloaded\", timeout=3000)\n        except async_api.Error:\n            pass\n        \n        # Iterate through all iframes and wait for them to load as well\n        for frame in page.frames:\n            try:\n                await frame.wait_for_load_state(\"domcontentloaded\", timeout=3000)\n            except async_api.Error:\n                pass\n        \n        # Interact with the page elements to simulate user flow\n        # --> Assertions to verify final state\n        try:\n            await expect(page.locator('text=Document Conversion Successful').first).to_be_visible(timeout=30000)\n        except AssertionError:\n            raise AssertionError(\"Test case failed: The test plan execution has failed. The creation and conversion flows for Quotes, Proforma Invoices, Sales Orders, and Invoices including PDF generation and sequential numbering did not complete successfully.\")\n        await asyncio.sleep(5)\n    \n    finally:\n        if context:\n            await context.close()\n        if browser:\n            await browser.close()\n        if pw:\n            await pw.stop()\n            \nasyncio.run(run_test())\n    ",
    "testStatus": "FAILED",
    "testError": "\nBrowser Console Logs:\n[ERROR] Failed to load resource: the server responded with a status of 500 (Internal Server Error) (at http://localhost:3000/login?redirectTo=/sales/dashboard:0:0)\n[ERROR] ./src/app/login/page.tsx\nError:   × Unexpected token. Did you mean `{'>'}` or `&gt;`?\n     ╭─[C:\\Users\\sales\\OneDrive\\Desktop\\shreenathji-erp-crm\\src\\app\\login\\page.tsx:161:1]\n 158 │                 className=\"pr-10\"\n 159 │                 data-testid=\"login-password-input\"\n 160 │               />\n 161 │               />\n     ·                ▲\n 162 │               <Button\n 163 │                 type=\"button\"\n 163 │                 variant=\"ghost\"\r\n     ╰────\n\nCaused by:\n    Syntax Error (at webpack-internal:///(pages-dir-browser)/./node_modules/next/dist/next-devtools/userspace/pages/pages-dev-overlay-setup.js:76:21)",
    "testType": "FRONTEND",
    "createFrom": "mcp",
    "testVisualization": "https://testsprite-videos.s3.us-east-1.amazonaws.com/f4f87498-4051-7061-3048-48ed68330331/1766574168898858//tmp/test_task/result.webm",
    "created": "2025-12-24T11:01:19.128Z",
    "modified": "2025-12-24T11:02:49.027Z"
  },
  {
    "projectId": "30002716-98c3-419b-8992-b83ec4e04a30",
    "testId": "2ab401fe-f1e0-4145-aea7-3a27773e07d0",
    "userId": "f4f87498-4051-7061-3048-48ed68330331",
    "title": "TC009-Workflow Automation trigger on lead status change",
    "description": "Verify that workflow automation rules trigger expected actions when a lead changes sales stages.",
    "code": "import asyncio\nfrom playwright import async_api\nfrom playwright.async_api import expect\n\nasync def run_test():\n    pw = None\n    browser = None\n    context = None\n    \n    try:\n        # Start a Playwright session in asynchronous mode\n        pw = await async_api.async_playwright().start()\n        \n        # Launch a Chromium browser in headless mode with custom arguments\n        browser = await pw.chromium.launch(\n            headless=True,\n            args=[\n                \"--window-size=1280,720\",         # Set the browser window size\n                \"--disable-dev-shm-usage\",        # Avoid using /dev/shm which can cause issues in containers\n                \"--ipc=host\",                     # Use host-level IPC for better stability\n                \"--single-process\"                # Run the browser in a single process mode\n            ],\n        )\n        \n        # Create a new browser context (like an incognito window)\n        context = await browser.new_context()\n        context.set_default_timeout(5000)\n        \n        # Open a new page in the browser context\n        page = await context.new_page()\n        \n        # Navigate to your target URL and wait until the network request is committed\n        await page.goto(\"http://localhost:3000\", wait_until=\"commit\", timeout=10000)\n        \n        # Wait for the main page to reach DOMContentLoaded state (optional for stability)\n        try:\n            await page.wait_for_load_state(\"domcontentloaded\", timeout=3000)\n        except async_api.Error:\n            pass\n        \n        # Iterate through all iframes and wait for them to load as well\n        for frame in page.frames:\n            try:\n                await frame.wait_for_load_state(\"domcontentloaded\", timeout=3000)\n            except async_api.Error:\n                pass\n        \n        # Interact with the page elements to simulate user flow\n        # --> Assertions to verify final state\n        frame = context.pages[-1]\n        try:\n            await expect(frame.locator('text=Automation rule triggered successfully').first).to_be_visible(timeout=30000)\n        except AssertionError:\n            raise AssertionError(\"Test case failed: Workflow automation rules did not trigger the expected actions when the lead changed sales stages as per the test plan.\")\n        await asyncio.sleep(5)\n    \n    finally:\n        if context:\n            await context.close()\n        if browser:\n            await browser.close()\n        if pw:\n            await pw.stop()\n            \nasyncio.run(run_test())\n    ",
    "testStatus": "FAILED",
    "testError": "\nBrowser Console Logs:\n[ERROR] Failed to load resource: the server responded with a status of 500 (Internal Server Error) (at http://localhost:3000/login?redirectTo=/sales/dashboard:0:0)\n[ERROR] ./src/app/login/page.tsx\nError:   × Unexpected token. Did you mean `{'>'}` or `&gt;`?\n     ╭─[C:\\Users\\sales\\OneDrive\\Desktop\\shreenathji-erp-crm\\src\\app\\login\\page.tsx:161:1]\n 158 │                 className=\"pr-10\"\n 159 │                 data-testid=\"login-password-input\"\n 160 │               />\n 161 │               />\n     ·                ▲\n 162 │               <Button\n 163 │                 type=\"button\"\n 163 │                 variant=\"ghost\"\r\n     ╰────\n\nCaused by:\n    Syntax Error (at webpack-internal:///(pages-dir-browser)/./node_modules/next/dist/next-devtools/userspace/pages/pages-dev-overlay-setup.js:76:21)\n[ERROR] ./src/app/login/page.tsx\nError:   × Unexpected token. Did you mean `{'>'}` or `&gt;`?\n     ╭─[C:\\Users\\sales\\OneDrive\\Desktop\\shreenathji-erp-crm\\src\\app\\login\\page.tsx:161:1]\n 158 │                 className=\"pr-10\"\n 159 │                 data-testid=\"login-password-input\"\n 160 │               />\n 161 │               />\n     ·                ▲\n 162 │               <Button\n 163 │                 type=\"button\"\n 163 │                 variant=\"ghost\"\r\n     ╰────\n\nCaused by:\n    Syntax Error (at webpack-internal:///(pages-dir-browser)/./node_modules/next/dist/next-devtools/userspace/pages/pages-dev-overlay-setup.js:76:21)\n[ERROR] ./src/app/login/page.tsx\nError:   × Unexpected token. Did you mean `{'>'}` or `&gt;`?\n     ╭─[C:\\Users\\sales\\OneDrive\\Desktop\\shreenathji-erp-crm\\src\\app\\login\\page.tsx:161:1]\n 158 │                 className=\"pr-10\"\n 159 │                 data-testid=\"login-password-input\"\n 160 │               />\n 161 │               />\n     ·                ▲\n 162 │               <Button\n 163 │                 type=\"button\"\n 163 │                 variant=\"ghost\"\r\n     ╰────\n\nCaused by:\n    Syntax Error (at webpack-internal:///(pages-dir-browser)/./node_modules/next/dist/next-devtools/userspace/pages/pages-dev-overlay-setup.js:76:21)\n[ERROR] ./src/app/login/page.tsx\nError:   × Unexpected token. Did you mean `{'>'}` or `&gt;`?\n     ╭─[C:\\Users\\sales\\OneDrive\\Desktop\\shreenathji-erp-crm\\src\\app\\login\\page.tsx:161:1]\n 158 │                 className=\"pr-10\"\n 159 │                 data-testid=\"login-password-input\"\n 160 │               />\n 161 │               />\n     ·                ▲\n 162 │               <Button\n 163 │                 type=\"button\"\n 163 │                 variant=\"ghost\"\r\n     ╰────\n\nCaused by:\n    Syntax Error (at webpack-internal:///(pages-dir-browser)/./node_modules/next/dist/next-devtools/userspace/pages/pages-dev-overlay-setup.js:76:21)\n[ERROR] ./src/app/login/page.tsx\nError:   × Unexpected token. Did you mean `{'>'}` or `&gt;`?\n     ╭─[C:\\Users\\sales\\OneDrive\\Desktop\\shreenathji-erp-crm\\src\\app\\login\\page.tsx:161:1]\n 158 │                 className=\"pr-10\"\n 159 │                 data-testid=\"login-password-input\"\n 160 │               />\n 161 │               />\n     ·                ▲\n 162 │               <Button\n 163 │                 type=\"button\"\n 163 │                 variant=\"ghost\"\r\n     ╰────\n\nCaused by:\n    Syntax Error (at webpack-internal:///(pages-dir-browser)/./node_modules/next/dist/next-devtools/userspace/pages/pages-dev-overlay-setup.js:76:21)\n[ERROR] ./src/app/login/page.tsx\nError:   × Unexpected token. Did you mean `{'>'}` or `&gt;`?\n     ╭─[C:\\Users\\sales\\OneDrive\\Desktop\\shreenathji-erp-crm\\src\\app\\login\\page.tsx:161:1]\n 158 │                 className=\"pr-10\"\n 159 │                 data-testid=\"login-password-input\"\n 160 │               />\n 161 │               />\n     ·                ▲\n 162 │               <Button\n 163 │                 type=\"button\"\n 163 │                 variant=\"ghost\"\r\n     ╰────\n\nCaused by:\n    Syntax Error (at webpack-internal:///(pages-dir-browser)/./node_modules/next/dist/next-devtools/userspace/pages/pages-dev-overlay-setup.js:76:21)\n[ERROR] ./src/app/login/page.tsx\nError:   × Unexpected token. Did you mean `{'>'}` or `&gt;`?\n     ╭─[C:\\Users\\sales\\OneDrive\\Desktop\\shreenathji-erp-crm\\src\\app\\login\\page.tsx:161:1]\n 158 │                 className=\"pr-10\"\n 159 │                 data-testid=\"login-password-input\"\n 160 │               />\n 161 │               />\n     ·                ▲\n 162 │               <Button\n 163 │                 type=\"button\"\n 163 │                 variant=\"ghost\"\r\n     ╰────\n\nCaused by:\n    Syntax Error (at webpack-internal:///(pages-dir-browser)/./node_modules/next/dist/next-devtools/userspace/pages/pages-dev-overlay-setup.js:76:21)\n[ERROR] ./src/app/login/page.tsx\nError:   × Unexpected token. Did you mean `{'>'}` or `&gt;`?\n     ╭─[C:\\Users\\sales\\OneDrive\\Desktop\\shreenathji-erp-crm\\src\\app\\login\\page.tsx:161:1]\n 158 │                 className=\"pr-10\"\n 159 │                 data-testid=\"login-password-input\"\n 160 │               />\n 161 │               />\n     ·                ▲\n 162 │               <Button\n 163 │                 type=\"button\"\n 163 │                 variant=\"ghost\"\r\n     ╰────\n\nCaused by:\n    Syntax Error (at webpack-internal:///(pages-dir-browser)/./node_modules/next/dist/next-devtools/userspace/pages/pages-dev-overlay-setup.js:76:21)\n[ERROR] ./src/app/login/page.tsx\nError:   × Unexpected token. Did you mean `{'>'}` or `&gt;`?\n     ╭─[C:\\Users\\sales\\OneDrive\\Desktop\\shreenathji-erp-crm\\src\\app\\login\\page.tsx:161:1]\n 158 │                 className=\"pr-10\"\n 159 │                 data-testid=\"login-password-input\"\n 160 │               />\n 161 │               />\n     ·                ▲\n 162 │               <Button\n 163 │                 type=\"button\"\n 163 │                 variant=\"ghost\"\r\n     ╰────\n\nCaused by:\n    Syntax Error (at webpack-internal:///(pages-dir-browser)/./node_modules/next/dist/next-devtools/userspace/pages/pages-dev-overlay-setup.js:76:21)\n[ERROR] ./src/app/login/page.tsx\nError:   × Unexpected token. Did you mean `{'>'}` or `&gt;`?\n     ╭─[C:\\Users\\sales\\OneDrive\\Desktop\\shreenathji-erp-crm\\src\\app\\login\\page.tsx:161:1]\n 158 │                 className=\"pr-10\"\n 159 │                 data-testid=\"login-password-input\"\n 160 │               />\n 161 │               />\n     ·                ▲\n 162 │               <Button\n 163 │                 type=\"button\"\n 163 │                 variant=\"ghost\"\r\n     ╰────\n\nCaused by:\n    Syntax Error (at webpack-internal:///(pages-dir-browser)/./node_modules/next/dist/next-devtools/userspace/pages/pages-dev-overlay-setup.js:76:21)\n[ERROR] ./src/app/login/page.tsx\nError:   × Unexpected token. Did you mean `{'>'}` or `&gt;`?\n     ╭─[C:\\Users\\sales\\OneDrive\\Desktop\\shreenathji-erp-crm\\src\\app\\login\\page.tsx:161:1]\n 158 │                 className=\"pr-10\"\n 159 │                 data-testid=\"login-password-input\"\n 160 │               />\n 161 │               />\n     ·                ▲\n 162 │               <Button\n 163 │                 type=\"button\"\n 163 │                 variant=\"ghost\"\r\n     ╰────\n\nCaused by:\n    Syntax Error (at webpack-internal:///(pages-dir-browser)/./node_modules/next/dist/next-devtools/userspace/pages/pages-dev-overlay-setup.js:76:21)\n[ERROR] ./src/app/login/page.tsx\nError:   × Unexpected token. Did you mean `{'>'}` or `&gt;`?\n     ╭─[C:\\Users\\sales\\OneDrive\\Desktop\\shreenathji-erp-crm\\src\\app\\login\\page.tsx:161:1]\n 158 │                 className=\"pr-10\"\n 159 │                 data-testid=\"login-password-input\"\n 160 │               />\n 161 │               />\n     ·                ▲\n 162 │               <Button\n 163 │                 type=\"button\"\n 163 │                 variant=\"ghost\"\r\n     ╰────\n\nCaused by:\n    Syntax Error (at webpack-internal:///(pages-dir-browser)/./node_modules/next/dist/next-devtools/userspace/pages/pages-dev-overlay-setup.js:76:21)\n[ERROR] ./src/app/login/page.tsx\nError:   × Unexpected token. Did you mean `{'>'}` or `&gt;`?\n     ╭─[C:\\Users\\sales\\OneDrive\\Desktop\\shreenathji-erp-crm\\src\\app\\login\\page.tsx:161:1]\n 158 │                 className=\"pr-10\"\n 159 │                 data-testid=\"login-password-input\"\n 160 │               />\n 161 │               />\n     ·                ▲\n 162 │               <Button\n 163 │                 type=\"button\"\n 163 │                 variant=\"ghost\"\r\n     ╰────\n\nCaused by:\n    Syntax Error (at webpack-internal:///(pages-dir-browser)/./node_modules/next/dist/next-devtools/userspace/pages/pages-dev-overlay-setup.js:76:21)\n[ERROR] ./src/app/login/page.tsx\nError:   × Unexpected token. Did you mean `{'>'}` or `&gt;`?\n     ╭─[C:\\Users\\sales\\OneDrive\\Desktop\\shreenathji-erp-crm\\src\\app\\login\\page.tsx:161:1]\n 158 │                 className=\"pr-10\"\n 159 │                 data-testid=\"login-password-input\"\n 160 │               />\n 161 │               />\n     ·                ▲\n 162 │               <Button\n 163 │                 type=\"button\"\n 163 │                 variant=\"ghost\"\r\n     ╰────\n\nCaused by:\n    Syntax Error (at webpack-internal:///(pages-dir-browser)/./node_modules/next/dist/next-devtools/userspace/pages/pages-dev-overlay-setup.js:76:21)\n[ERROR] ./src/app/login/page.tsx\nError:   × Unexpected token. Did you mean `{'>'}` or `&gt;`?\n     ╭─[C:\\Users\\sales\\OneDrive\\Desktop\\shreenathji-erp-crm\\src\\app\\login\\page.tsx:161:1]\n 158 │                 className=\"pr-10\"\n 159 │                 data-testid=\"login-password-input\"\n 160 │               />\n 161 │               />\n     ·                ▲\n 162 │               <Button\n 163 │                 type=\"button\"\n 163 │                 variant=\"ghost\"\r\n     ╰────\n\nCaused by:\n    Syntax Error (at webpack-internal:///(pages-dir-browser)/./node_modules/next/dist/next-devtools/userspace/pages/pages-dev-overlay-setup.js:76:21)\n[ERROR] ./src/app/login/page.tsx\nError:   × Unexpected token. Did you mean `{'>'}` or `&gt;`?\n     ╭─[C:\\Users\\sales\\OneDrive\\Desktop\\shreenathji-erp-crm\\src\\app\\login\\page.tsx:161:1]\n 158 │                 className=\"pr-10\"\n 159 │                 data-testid=\"login-password-input\"\n 160 │               />\n 161 │               />\n     ·                ▲\n 162 │               <Button\n 163 │                 type=\"button\"\n 163 │                 variant=\"ghost\"\r\n     ╰────\n\nCaused by:\n    Syntax Error (at webpack-internal:///(pages-dir-browser)/./node_modules/next/dist/next-devtools/userspace/pages/pages-dev-overlay-setup.js:76:21)\n[ERROR] ./src/app/login/page.tsx\nError:   × Unexpected token. Did you mean `{'>'}` or `&gt;`?\n     ╭─[C:\\Users\\sales\\OneDrive\\Desktop\\shreenathji-erp-crm\\src\\app\\login\\page.tsx:161:1]\n 158 │                 className=\"pr-10\"\n 159 │                 data-testid=\"login-password-input\"\n 160 │               />\n 161 │               />\n     ·                ▲\n 162 │               <Button\n 163 │                 type=\"button\"\n 163 │                 variant=\"ghost\"\r\n     ╰────\n\nCaused by:\n    Syntax Error (at webpack-internal:///(pages-dir-browser)/./node_modules/next/dist/next-devtools/userspace/pages/pages-dev-overlay-setup.js:76:21)\n[ERROR] ./src/app/login/page.tsx\nError:   × Unexpected token. Did you mean `{'>'}` or `&gt;`?\n     ╭─[C:\\Users\\sales\\OneDrive\\Desktop\\shreenathji-erp-crm\\src\\app\\login\\page.tsx:161:1]\n 158 │                 className=\"pr-10\"\n 159 │                 data-testid=\"login-password-input\"\n 160 │               />\n 161 │               />\n     ·                ▲\n 162 │               <Button\n 163 │                 type=\"button\"\n 163 │                 variant=\"ghost\"\r\n     ╰────\n\nCaused by:\n    Syntax Error (at webpack-internal:///(pages-dir-browser)/./node_modules/next/dist/next-devtools/userspace/pages/pages-dev-overlay-setup.js:76:21)\n[ERROR] ./src/app/login/page.tsx\nError:   × Unexpected token. Did you mean `{'>'}` or `&gt;`?\n     ╭─[C:\\Users\\sales\\OneDrive\\Desktop\\shreenathji-erp-crm\\src\\app\\login\\page.tsx:161:1]\n 158 │                 className=\"pr-10\"\n 159 │                 data-testid=\"login-password-input\"\n 160 │               />\n 161 │               />\n     ·                ▲\n 162 │               <Button\n 163 │                 type=\"button\"\n 163 │                 variant=\"ghost\"\r\n     ╰────\n\nCaused by:\n    Syntax Error (at webpack-internal:///(pages-dir-browser)/./node_modules/next/dist/next-devtools/userspace/pages/pages-dev-overlay-setup.js:76:21)",
    "testType": "FRONTEND",
    "createFrom": "mcp",
    "testVisualization": "https://testsprite-videos.s3.us-east-1.amazonaws.com/f4f87498-4051-7061-3048-48ed68330331/1766574162855505//tmp/test_task/result.webm",
    "created": "2025-12-24T11:01:19.135Z",
    "modified": "2025-12-24T11:02:42.982Z"
  },
  {
    "projectId": "30002716-98c3-419b-8992-b83ec4e04a30",
    "testId": "77713ea0-b001-4465-acff-6e05cf43c352",
    "userId": "f4f87498-4051-7061-3048-48ed68330331",
    "title": "TC010-Session Management and Security Features including login activity tracking",
    "description": "Validate session creation, timeout, multiple sessions handling, and audit log entries for login activities including IP geolocation.",
    "code": "import asyncio\nfrom playwright import async_api\nfrom playwright.async_api import expect\n\nasync def run_test():\n    pw = None\n    browser = None\n    context = None\n    \n    try:\n        # Start a Playwright session in asynchronous mode\n        pw = await async_api.async_playwright().start()\n        \n        # Launch a Chromium browser in headless mode with custom arguments\n        browser = await pw.chromium.launch(\n            headless=True,\n            args=[\n                \"--window-size=1280,720\",         # Set the browser window size\n                \"--disable-dev-shm-usage\",        # Avoid using /dev/shm which can cause issues in containers\n                \"--ipc=host\",                     # Use host-level IPC for better stability\n                \"--single-process\"                # Run the browser in a single process mode\n            ],\n        )\n        \n        # Create a new browser context (like an incognito window)\n        context = await browser.new_context()\n        context.set_default_timeout(5000)\n        \n        # Open a new page in the browser context\n        page = await context.new_page()\n        \n        # Navigate to your target URL and wait until the network request is committed\n        await page.goto(\"http://localhost:3000\", wait_until=\"commit\", timeout=10000)\n        \n        # Wait for the main page to reach DOMContentLoaded state (optional for stability)\n        try:\n            await page.wait_for_load_state(\"domcontentloaded\", timeout=3000)\n        except async_api.Error:\n            pass\n        \n        # Iterate through all iframes and wait for them to load as well\n        for frame in page.frames:\n            try:\n                await frame.wait_for_load_state(\"domcontentloaded\", timeout=3000)\n            except async_api.Error:\n                pass\n        \n        # Interact with the page elements to simulate user flow\n        # --> Assertions to verify final state\n        try:\n            await expect(page.locator('text=Session Successfully Created').first).to_be_visible(timeout=1000)\n        except AssertionError:\n            raise AssertionError(\"Test case failed: Session creation, timeout, multiple sessions handling, and audit log entries for login activities including IP geolocation could not be validated as expected.\")\n        await asyncio.sleep(5)\n    \n    finally:\n        if context:\n            await context.close()\n        if browser:\n            await browser.close()\n        if pw:\n            await pw.stop()\n            \nasyncio.run(run_test())\n    ",
    "testStatus": "FAILED",
    "testError": "\nBrowser Console Logs:\n[ERROR] Failed to load resource: the server responded with a status of 500 (Internal Server Error) (at http://localhost:3000/login?redirectTo=/sales/dashboard:0:0)\n[ERROR] ./src/app/login/page.tsx\nError:   × Unexpected token. Did you mean `{'>'}` or `&gt;`?\n     ╭─[C:\\Users\\sales\\OneDrive\\Desktop\\shreenathji-erp-crm\\src\\app\\login\\page.tsx:161:1]\n 158 │                 className=\"pr-10\"\n 159 │                 data-testid=\"login-password-input\"\n 160 │               />\n 161 │               />\n     ·                ▲\n 162 │               <Button\n 163 │                 type=\"button\"\n 163 │                 variant=\"ghost\"\r\n     ╰────\n\nCaused by:\n    Syntax Error (at webpack-internal:///(pages-dir-browser)/./node_modules/next/dist/next-devtools/userspace/pages/pages-dev-overlay-setup.js:76:21)\n[ERROR] ./src/app/login/page.tsx\nError:   × Unexpected token. Did you mean `{'>'}` or `&gt;`?\n     ╭─[C:\\Users\\sales\\OneDrive\\Desktop\\shreenathji-erp-crm\\src\\app\\login\\page.tsx:161:1]\n 158 │                 className=\"pr-10\"\n 159 │                 data-testid=\"login-password-input\"\n 160 │               />\n 161 │               />\n     ·                ▲\n 162 │               <Button\n 163 │                 type=\"button\"\n 163 │                 variant=\"ghost\"\r\n     ╰────\n\nCaused by:\n    Syntax Error (at webpack-internal:///(pages-dir-browser)/./node_modules/next/dist/next-devtools/userspace/pages/pages-dev-overlay-setup.js:76:21)\n[ERROR] ./src/app/login/page.tsx\nError:   × Unexpected token. Did you mean `{'>'}` or `&gt;`?\n     ╭─[C:\\Users\\sales\\OneDrive\\Desktop\\shreenathji-erp-crm\\src\\app\\login\\page.tsx:161:1]\n 158 │                 className=\"pr-10\"\n 159 │                 data-testid=\"login-password-input\"\n 160 │               />\n 161 │               />\n     ·                ▲\n 162 │               <Button\n 163 │                 type=\"button\"\n 163 │                 variant=\"ghost\"\r\n     ╰────\n\nCaused by:\n    Syntax Error (at webpack-internal:///(pages-dir-browser)/./node_modules/next/dist/next-devtools/userspace/pages/pages-dev-overlay-setup.js:76:21)\n[ERROR] ./src/app/login/page.tsx\nError:   × Unexpected token. Did you mean `{'>'}` or `&gt;`?\n     ╭─[C:\\Users\\sales\\OneDrive\\Desktop\\shreenathji-erp-crm\\src\\app\\login\\page.tsx:161:1]\n 158 │                 className=\"pr-10\"\n 159 │                 data-testid=\"login-password-input\"\n 160 │               />\n 161 │               />\n     ·                ▲\n 162 │               <Button\n 163 │                 type=\"button\"\n 163 │                 variant=\"ghost\"\r\n     ╰────\n\nCaused by:\n    Syntax Error (at webpack-internal:///(pages-dir-browser)/./node_modules/next/dist/next-devtools/userspace/pages/pages-dev-overlay-setup.js:76:21)\n[ERROR] ./src/app/login/page.tsx\nError:   × Unexpected token. Did you mean `{'>'}` or `&gt;`?\n     ╭─[C:\\Users\\sales\\OneDrive\\Desktop\\shreenathji-erp-crm\\src\\app\\login\\page.tsx:161:1]\n 158 │                 className=\"pr-10\"\n 159 │                 data-testid=\"login-password-input\"\n 160 │               />\n 161 │               />\n     ·                ▲\n 162 │               <Button\n 163 │                 type=\"button\"\n 163 │                 variant=\"ghost\"\r\n     ╰────\n\nCaused by:\n    Syntax Error (at webpack-internal:///(pages-dir-browser)/./node_modules/next/dist/next-devtools/userspace/pages/pages-dev-overlay-setup.js:76:21)\n[ERROR] ./src/app/login/page.tsx\nError:   × Unexpected token. Did you mean `{'>'}` or `&gt;`?\n     ╭─[C:\\Users\\sales\\OneDrive\\Desktop\\shreenathji-erp-crm\\src\\app\\login\\page.tsx:161:1]\n 158 │                 className=\"pr-10\"\n 159 │                 data-testid=\"login-password-input\"\n 160 │               />\n 161 │               />\n     ·                ▲\n 162 │               <Button\n 163 │                 type=\"button\"\n 163 │                 variant=\"ghost\"\r\n     ╰────\n\nCaused by:\n    Syntax Error (at webpack-internal:///(pages-dir-browser)/./node_modules/next/dist/next-devtools/userspace/pages/pages-dev-overlay-setup.js:76:21)\n[ERROR] ./src/app/login/page.tsx\nError:   × Unexpected token. Did you mean `{'>'}` or `&gt;`?\n     ╭─[C:\\Users\\sales\\OneDrive\\Desktop\\shreenathji-erp-crm\\src\\app\\login\\page.tsx:161:1]\n 158 │                 className=\"pr-10\"\n 159 │                 data-testid=\"login-password-input\"\n 160 │               />\n 161 │               />\n     ·                ▲\n 162 │               <Button\n 163 │                 type=\"button\"\n 163 │                 variant=\"ghost\"\r\n     ╰────\n\nCaused by:\n    Syntax Error (at webpack-internal:///(pages-dir-browser)/./node_modules/next/dist/next-devtools/userspace/pages/pages-dev-overlay-setup.js:76:21)\n[ERROR] ./src/app/login/page.tsx\nError:   × Unexpected token. Did you mean `{'>'}` or `&gt;`?\n     ╭─[C:\\Users\\sales\\OneDrive\\Desktop\\shreenathji-erp-crm\\src\\app\\login\\page.tsx:161:1]\n 158 │                 className=\"pr-10\"\n 159 │                 data-testid=\"login-password-input\"\n 160 │               />\n 161 │               />\n     ·                ▲\n 162 │               <Button\n 163 │                 type=\"button\"\n 163 │                 variant=\"ghost\"\r\n     ╰────\n\nCaused by:\n    Syntax Error (at webpack-internal:///(pages-dir-browser)/./node_modules/next/dist/next-devtools/userspace/pages/pages-dev-overlay-setup.js:76:21)\n[ERROR] ./src/app/login/page.tsx\nError:   × Unexpected token. Did you mean `{'>'}` or `&gt;`?\n     ╭─[C:\\Users\\sales\\OneDrive\\Desktop\\shreenathji-erp-crm\\src\\app\\login\\page.tsx:161:1]\n 158 │                 className=\"pr-10\"\n 159 │                 data-testid=\"login-password-input\"\n 160 │               />\n 161 │               />\n     ·                ▲\n 162 │               <Button\n 163 │                 type=\"button\"\n 163 │                 variant=\"ghost\"\r\n     ╰────\n\nCaused by:\n    Syntax Error (at webpack-internal:///(pages-dir-browser)/./node_modules/next/dist/next-devtools/userspace/pages/pages-dev-overlay-setup.js:76:21)\n[ERROR] ./src/app/login/page.tsx\nError:   × Unexpected token. Did you mean `{'>'}` or `&gt;`?\n     ╭─[C:\\Users\\sales\\OneDrive\\Desktop\\shreenathji-erp-crm\\src\\app\\login\\page.tsx:161:1]\n 158 │                 className=\"pr-10\"\n 159 │                 data-testid=\"login-password-input\"\n 160 │               />\n 161 │               />\n     ·                ▲\n 162 │               <Button\n 163 │                 type=\"button\"\n 163 │                 variant=\"ghost\"\r\n     ╰────\n\nCaused by:\n    Syntax Error (at webpack-internal:///(pages-dir-browser)/./node_modules/next/dist/next-devtools/userspace/pages/pages-dev-overlay-setup.js:76:21)\n[ERROR] ./src/app/login/page.tsx\nError:   × Unexpected token. Did you mean `{'>'}` or `&gt;`?\n     ╭─[C:\\Users\\sales\\OneDrive\\Desktop\\shreenathji-erp-crm\\src\\app\\login\\page.tsx:161:1]\n 158 │                 className=\"pr-10\"\n 159 │                 data-testid=\"login-password-input\"\n 160 │               />\n 161 │               />\n     ·                ▲\n 162 │               <Button\n 163 │                 type=\"button\"\n 163 │                 variant=\"ghost\"\r\n     ╰────\n\nCaused by:\n    Syntax Error (at webpack-internal:///(pages-dir-browser)/./node_modules/next/dist/next-devtools/userspace/pages/pages-dev-overlay-setup.js:76:21)\n[ERROR] ./src/app/login/page.tsx\nError:   × Unexpected token. Did you mean `{'>'}` or `&gt;`?\n     ╭─[C:\\Users\\sales\\OneDrive\\Desktop\\shreenathji-erp-crm\\src\\app\\login\\page.tsx:161:1]\n 158 │                 className=\"pr-10\"\n 159 │                 data-testid=\"login-password-input\"\n 160 │               />\n 161 │               />\n     ·                ▲\n 162 │               <Button\n 163 │                 type=\"button\"\n 163 │                 variant=\"ghost\"\r\n     ╰────\n\nCaused by:\n    Syntax Error (at webpack-internal:///(pages-dir-browser)/./node_modules/next/dist/next-devtools/userspace/pages/pages-dev-overlay-setup.js:76:21)\n[ERROR] ./src/app/login/page.tsx\nError:   × Unexpected token. Did you mean `{'>'}` or `&gt;`?\n     ╭─[C:\\Users\\sales\\OneDrive\\Desktop\\shreenathji-erp-crm\\src\\app\\login\\page.tsx:161:1]\n 158 │                 className=\"pr-10\"\n 159 │                 data-testid=\"login-password-input\"\n 160 │               />\n 161 │               />\n     ·                ▲\n 162 │               <Button\n 163 │                 type=\"button\"\n 163 │                 variant=\"ghost\"\r\n     ╰────\n\nCaused by:\n    Syntax Error (at webpack-internal:///(pages-dir-browser)/./node_modules/next/dist/next-devtools/userspace/pages/pages-dev-overlay-setup.js:76:21)\n[ERROR] ./src/app/login/page.tsx\nError:   × Unexpected token. Did you mean `{'>'}` or `&gt;`?\n     ╭─[C:\\Users\\sales\\OneDrive\\Desktop\\shreenathji-erp-crm\\src\\app\\login\\page.tsx:161:1]\n 158 │                 className=\"pr-10\"\n 159 │                 data-testid=\"login-password-input\"\n 160 │               />\n 161 │               />\n     ·                ▲\n 162 │               <Button\n 163 │                 type=\"button\"\n 163 │                 variant=\"ghost\"\r\n     ╰────\n\nCaused by:\n    Syntax Error (at webpack-internal:///(pages-dir-browser)/./node_modules/next/dist/next-devtools/userspace/pages/pages-dev-overlay-setup.js:76:21)",
    "testType": "FRONTEND",
    "createFrom": "mcp",
    "testVisualization": "https://testsprite-videos.s3.us-east-1.amazonaws.com/f4f87498-4051-7061-3048-48ed68330331/1766574160434254//tmp/test_task/result.webm",
    "created": "2025-12-24T11:01:19.141Z",
    "modified": "2025-12-24T11:02:40.889Z"
  },
  {
    "projectId": "30002716-98c3-419b-8992-b83ec4e04a30",
    "testId": "c3ee85ff-a7e7-4a6b-8cb5-2113bfc82d12",
    "userId": "f4f87498-4051-7061-3048-48ed68330331",
    "title": "TC011-Global Search accuracy and performance",
    "description": "Verify that the global search command bar returns accurate, relevant results promptly across all entities.",
    "code": "import asyncio\nfrom playwright import async_api\nfrom playwright.async_api import expect\n\nasync def run_test():\n    pw = None\n    browser = None\n    context = None\n    \n    try:\n        # Start a Playwright session in asynchronous mode\n        pw = await async_api.async_playwright().start()\n        \n        # Launch a Chromium browser in headless mode with custom arguments\n        browser = await pw.chromium.launch(\n            headless=True,\n            args=[\n                \"--window-size=1280,720\",         # Set the browser window size\n                \"--disable-dev-shm-usage\",        # Avoid using /dev/shm which can cause issues in containers\n                \"--ipc=host\",                     # Use host-level IPC for better stability\n                \"--single-process\"                # Run the browser in a single process mode\n            ],\n        )\n        \n        # Create a new browser context (like an incognito window)\n        context = await browser.new_context()\n        context.set_default_timeout(5000)\n        \n        # Open a new page in the browser context\n        page = await context.new_page()\n        \n        # Navigate to your target URL and wait until the network request is committed\n        await page.goto(\"http://localhost:3000\", wait_until=\"commit\", timeout=10000)\n        \n        # Wait for the main page to reach DOMContentLoaded state (optional for stability)\n        try:\n            await page.wait_for_load_state(\"domcontentloaded\", timeout=3000)\n        except async_api.Error:\n            pass\n        \n        # Iterate through all iframes and wait for them to load as well\n        for frame in page.frames:\n            try:\n                await frame.wait_for_load_state(\"domcontentloaded\", timeout=3000)\n            except async_api.Error:\n                pass\n        \n        # Interact with the page elements to simulate user flow\n        # --> Assertions to verify final state\n        frame = context.pages[-1]\n        try:\n            await expect(frame.locator('text=Search results for unicorn phoenix dragon').first).to_be_visible(timeout=30000)\n        except AssertionError:\n            raise AssertionError(\"Test case failed: The global search command bar did not return accurate, relevant results promptly across all entities as expected.\")\n        await asyncio.sleep(5)\n    \n    finally:\n        if context:\n            await context.close()\n        if browser:\n            await browser.close()\n        if pw:\n            await pw.stop()\n            \nasyncio.run(run_test())\n    ",
    "testStatus": "FAILED",
    "testError": "\nBrowser Console Logs:\n[ERROR] Failed to load resource: the server responded with a status of 500 (Internal Server Error) (at http://localhost:3000/login?redirectTo=/sales/dashboard:0:0)\n[ERROR] ./src/app/login/page.tsx\nError:   × Unexpected token. Did you mean `{'>'}` or `&gt;`?\n     ╭─[C:\\Users\\sales\\OneDrive\\Desktop\\shreenathji-erp-crm\\src\\app\\login\\page.tsx:161:1]\n 158 │                 className=\"pr-10\"\n 159 │                 data-testid=\"login-password-input\"\n 160 │               />\n 161 │               />\n     ·                ▲\n 162 │               <Button\n 163 │                 type=\"button\"\n 163 │                 variant=\"ghost\"\r\n     ╰────\n\nCaused by:\n    Syntax Error (at webpack-internal:///(pages-dir-browser)/./node_modules/next/dist/next-devtools/userspace/pages/pages-dev-overlay-setup.js:76:21)\n[ERROR] ./src/app/login/page.tsx\nError:   × Unexpected token. Did you mean `{'>'}` or `&gt;`?\n     ╭─[C:\\Users\\sales\\OneDrive\\Desktop\\shreenathji-erp-crm\\src\\app\\login\\page.tsx:161:1]\n 158 │                 className=\"pr-10\"\n 159 │                 data-testid=\"login-password-input\"\n 160 │               />\n 161 │               />\n     ·                ▲\n 162 │               <Button\n 163 │                 type=\"button\"\n 163 │                 variant=\"ghost\"\r\n     ╰────\n\nCaused by:\n    Syntax Error (at webpack-internal:///(pages-dir-browser)/./node_modules/next/dist/next-devtools/userspace/pages/pages-dev-overlay-setup.js:76:21)\n[ERROR] ./src/app/login/page.tsx\nError:   × Unexpected token. Did you mean `{'>'}` or `&gt;`?\n     ╭─[C:\\Users\\sales\\OneDrive\\Desktop\\shreenathji-erp-crm\\src\\app\\login\\page.tsx:161:1]\n 158 │                 className=\"pr-10\"\n 159 │                 data-testid=\"login-password-input\"\n 160 │               />\n 161 │               />\n     ·                ▲\n 162 │               <Button\n 163 │                 type=\"button\"\n 163 │                 variant=\"ghost\"\r\n     ╰────\n\nCaused by:\n    Syntax Error (at webpack-internal:///(pages-dir-browser)/./node_modules/next/dist/next-devtools/userspace/pages/pages-dev-overlay-setup.js:76:21)\n[ERROR] ./src/app/login/page.tsx\nError:   × Unexpected token. Did you mean `{'>'}` or `&gt;`?\n     ╭─[C:\\Users\\sales\\OneDrive\\Desktop\\shreenathji-erp-crm\\src\\app\\login\\page.tsx:161:1]\n 158 │                 className=\"pr-10\"\n 159 │                 data-testid=\"login-password-input\"\n 160 │               />\n 161 │               />\n     ·                ▲\n 162 │               <Button\n 163 │                 type=\"button\"\n 163 │                 variant=\"ghost\"\r\n     ╰────\n\nCaused by:\n    Syntax Error (at webpack-internal:///(pages-dir-browser)/./node_modules/next/dist/next-devtools/userspace/pages/pages-dev-overlay-setup.js:76:21)\n[ERROR] ./src/app/login/page.tsx\nError:   × Unexpected token. Did you mean `{'>'}` or `&gt;`?\n     ╭─[C:\\Users\\sales\\OneDrive\\Desktop\\shreenathji-erp-crm\\src\\app\\login\\page.tsx:161:1]\n 158 │                 className=\"pr-10\"\n 159 │                 data-testid=\"login-password-input\"\n 160 │               />\n 161 │               />\n     ·                ▲\n 162 │               <Button\n 163 │                 type=\"button\"\n 163 │                 variant=\"ghost\"\r\n     ╰────\n\nCaused by:\n    Syntax Error (at webpack-internal:///(pages-dir-browser)/./node_modules/next/dist/next-devtools/userspace/pages/pages-dev-overlay-setup.js:76:21)\n[ERROR] ./src/app/login/page.tsx\nError:   × Unexpected token. Did you mean `{'>'}` or `&gt;`?\n     ╭─[C:\\Users\\sales\\OneDrive\\Desktop\\shreenathji-erp-crm\\src\\app\\login\\page.tsx:161:1]\n 158 │                 className=\"pr-10\"\n 159 │                 data-testid=\"login-password-input\"\n 160 │               />\n 161 │               />\n     ·                ▲\n 162 │               <Button\n 163 │                 type=\"button\"\n 163 │                 variant=\"ghost\"\r\n     ╰────\n\nCaused by:\n    Syntax Error (at webpack-internal:///(pages-dir-browser)/./node_modules/next/dist/next-devtools/userspace/pages/pages-dev-overlay-setup.js:76:21)",
    "testType": "FRONTEND",
    "createFrom": "mcp",
    "testVisualization": "https://testsprite-videos.s3.us-east-1.amazonaws.com/f4f87498-4051-7061-3048-48ed68330331/1766574161181205//tmp/test_task/result.webm",
    "created": "2025-12-24T11:01:19.147Z",
    "modified": "2025-12-24T11:02:41.301Z"
  },
  {
    "projectId": "30002716-98c3-419b-8992-b83ec4e04a30",
    "testId": "a36a1079-1a5b-43ab-8ccd-5a7179454048",
    "userId": "f4f87498-4051-7061-3048-48ed68330331",
    "title": "TC012-Data Hygiene - Duplicate detection and stale record identification",
    "description": "Test detection of duplicate entities and stale records for leads and customers and verify accurate warnings with no false positives.",
    "code": "import asyncio\nfrom playwright import async_api\nfrom playwright.async_api import expect\n\nasync def run_test():\n    pw = None\n    browser = None\n    context = None\n    \n    try:\n        # Start a Playwright session in asynchronous mode\n        pw = await async_api.async_playwright().start()\n        \n        # Launch a Chromium browser in headless mode with custom arguments\n        browser = await pw.chromium.launch(\n            headless=True,\n            args=[\n                \"--window-size=1280,720\",         # Set the browser window size\n                \"--disable-dev-shm-usage\",        # Avoid using /dev/shm which can cause issues in containers\n                \"--ipc=host\",                     # Use host-level IPC for better stability\n                \"--single-process\"                # Run the browser in a single process mode\n            ],\n        )\n        \n        # Create a new browser context (like an incognito window)\n        context = await browser.new_context()\n        context.set_default_timeout(5000)\n        \n        # Open a new page in the browser context\n        page = await context.new_page()\n        \n        # Navigate to your target URL and wait until the network request is committed\n        await page.goto(\"http://localhost:3000\", wait_until=\"commit\", timeout=10000)\n        \n        # Wait for the main page to reach DOMContentLoaded state (optional for stability)\n        try:\n            await page.wait_for_load_state(\"domcontentloaded\", timeout=3000)\n        except async_api.Error:\n            pass\n        \n        # Iterate through all iframes and wait for them to load as well\n        for frame in page.frames:\n            try:\n                await frame.wait_for_load_state(\"domcontentloaded\", timeout=3000)\n            except async_api.Error:\n                pass\n        \n        # Interact with the page elements to simulate user flow\n        # --> Assertions to verify final state\n        frame = context.pages[-1]\n        try:\n            await expect(frame.locator('text=No Duplicate Leads Detected').first).to_be_visible(timeout=1000)\n        except AssertionError:\n            raise AssertionError(\"Test case failed: Duplicate detection and stale record identification did not work as expected. The system did not show the expected warnings for duplicates or stale leads as per the test plan.\")\n        await asyncio.sleep(5)\n    \n    finally:\n        if context:\n            await context.close()\n        if browser:\n            await browser.close()\n        if pw:\n            await pw.stop()\n            \nasyncio.run(run_test())\n    ",
    "testStatus": "FAILED",
    "testError": "\nBrowser Console Logs:\n[ERROR] Failed to load resource: the server responded with a status of 500 (Internal Server Error) (at http://localhost:3000/login?redirectTo=/sales/dashboard:0:0)\n[ERROR] ./src/app/login/page.tsx\nError:   × Unexpected token. Did you mean `{'>'}` or `&gt;`?\n     ╭─[C:\\Users\\sales\\OneDrive\\Desktop\\shreenathji-erp-crm\\src\\app\\login\\page.tsx:161:1]\n 158 │                 className=\"pr-10\"\n 159 │                 data-testid=\"login-password-input\"\n 160 │               />\n 161 │               />\n     ·                ▲\n 162 │               <Button\n 163 │                 type=\"button\"\n 163 │                 variant=\"ghost\"\r\n     ╰────\n\nCaused by:\n    Syntax Error (at webpack-internal:///(pages-dir-browser)/./node_modules/next/dist/next-devtools/userspace/pages/pages-dev-overlay-setup.js:76:21)\n[ERROR] ./src/app/login/page.tsx\nError:   × Unexpected token. Did you mean `{'>'}` or `&gt;`?\n     ╭─[C:\\Users\\sales\\OneDrive\\Desktop\\shreenathji-erp-crm\\src\\app\\login\\page.tsx:161:1]\n 158 │                 className=\"pr-10\"\n 159 │                 data-testid=\"login-password-input\"\n 160 │               />\n 161 │               />\n     ·                ▲\n 162 │               <Button\n 163 │                 type=\"button\"\n 163 │                 variant=\"ghost\"\r\n     ╰────\n\nCaused by:\n    Syntax Error (at webpack-internal:///(pages-dir-browser)/./node_modules/next/dist/next-devtools/userspace/pages/pages-dev-overlay-setup.js:76:21)\n[ERROR] ./src/app/login/page.tsx\nError:   × Unexpected token. Did you mean `{'>'}` or `&gt;`?\n     ╭─[C:\\Users\\sales\\OneDrive\\Desktop\\shreenathji-erp-crm\\src\\app\\login\\page.tsx:161:1]\n 158 │                 className=\"pr-10\"\n 159 │                 data-testid=\"login-password-input\"\n 160 │               />\n 161 │               />\n     ·                ▲\n 162 │               <Button\n 163 │                 type=\"button\"\n 163 │                 variant=\"ghost\"\r\n     ╰────\n\nCaused by:\n    Syntax Error (at webpack-internal:///(pages-dir-browser)/./node_modules/next/dist/next-devtools/userspace/pages/pages-dev-overlay-setup.js:76:21)\n[ERROR] ./src/app/login/page.tsx\nError:   × Unexpected token. Did you mean `{'>'}` or `&gt;`?\n     ╭─[C:\\Users\\sales\\OneDrive\\Desktop\\shreenathji-erp-crm\\src\\app\\login\\page.tsx:161:1]\n 158 │                 className=\"pr-10\"\n 159 │                 data-testid=\"login-password-input\"\n 160 │               />\n 161 │               />\n     ·                ▲\n 162 │               <Button\n 163 │                 type=\"button\"\n 163 │                 variant=\"ghost\"\r\n     ╰────\n\nCaused by:\n    Syntax Error (at webpack-internal:///(pages-dir-browser)/./node_modules/next/dist/next-devtools/userspace/pages/pages-dev-overlay-setup.js:76:21)\n[ERROR] ./src/app/login/page.tsx\nError:   × Unexpected token. Did you mean `{'>'}` or `&gt;`?\n     ╭─[C:\\Users\\sales\\OneDrive\\Desktop\\shreenathji-erp-crm\\src\\app\\login\\page.tsx:161:1]\n 158 │                 className=\"pr-10\"\n 159 │                 data-testid=\"login-password-input\"\n 160 │               />\n 161 │               />\n     ·                ▲\n 162 │               <Button\n 163 │                 type=\"button\"\n 163 │                 variant=\"ghost\"\r\n     ╰────\n\nCaused by:\n    Syntax Error (at webpack-internal:///(pages-dir-browser)/./node_modules/next/dist/next-devtools/userspace/pages/pages-dev-overlay-setup.js:76:21)",
    "testType": "FRONTEND",
    "createFrom": "mcp",
    "testVisualization": "https://testsprite-videos.s3.us-east-1.amazonaws.com/f4f87498-4051-7061-3048-48ed68330331/1766574161396375//tmp/test_task/result.webm",
    "created": "2025-12-24T11:01:19.153Z",
    "modified": "2025-12-24T11:02:41.533Z"
  },
  {
    "projectId": "30002716-98c3-419b-8992-b83ec4e04a30",
    "testId": "f23a1b4a-bf36-4c17-80b1-e286f7555eee",
    "userId": "f4f87498-4051-7061-3048-48ed68330331",
    "title": "TC013-Document Management - Upload, versioning, virus scanning, and access control",
    "description": "Verify documents can be uploaded, versions managed, virus scanned automatically, and access permissions enforced securely.",
    "code": "import asyncio\nfrom playwright import async_api\nfrom playwright.async_api import expect\n\nasync def run_test():\n    pw = None\n    browser = None\n    context = None\n    \n    try:\n        # Start a Playwright session in asynchronous mode\n        pw = await async_api.async_playwright().start()\n        \n        # Launch a Chromium browser in headless mode with custom arguments\n        browser = await pw.chromium.launch(\n            headless=True,\n            args=[\n                \"--window-size=1280,720\",         # Set the browser window size\n                \"--disable-dev-shm-usage\",        # Avoid using /dev/shm which can cause issues in containers\n                \"--ipc=host\",                     # Use host-level IPC for better stability\n                \"--single-process\"                # Run the browser in a single process mode\n            ],\n        )\n        \n        # Create a new browser context (like an incognito window)\n        context = await browser.new_context()\n        context.set_default_timeout(5000)\n        \n        # Open a new page in the browser context\n        page = await context.new_page()\n        \n        # Navigate to your target URL and wait until the network request is committed\n        await page.goto(\"http://localhost:3000\", wait_until=\"commit\", timeout=10000)\n        \n        # Wait for the main page to reach DOMContentLoaded state (optional for stability)\n        try:\n            await page.wait_for_load_state(\"domcontentloaded\", timeout=3000)\n        except async_api.Error:\n            pass\n        \n        # Iterate through all iframes and wait for them to load as well\n        for frame in page.frames:\n            try:\n                await frame.wait_for_load_state(\"domcontentloaded\", timeout=3000)\n            except async_api.Error:\n                pass\n        \n        # Interact with the page elements to simulate user flow\n        # --> Assertions to verify final state\n        try:\n            await expect(page.locator('text=Document upload successful and virus scan passed').first).to_be_visible(timeout=30000)\n        except AssertionError:\n            raise AssertionError('Test case failed: Document upload, version management, virus scanning, or access permission enforcement did not succeed as per the test plan.')\n        await asyncio.sleep(5)\n    \n    finally:\n        if context:\n            await context.close()\n        if browser:\n            await browser.close()\n        if pw:\n            await pw.stop()\n            \nasyncio.run(run_test())\n    ",
    "testStatus": "FAILED",
    "testError": "\nBrowser Console Logs:\n[ERROR] Failed to load resource: the server responded with a status of 500 (Internal Server Error) (at http://localhost:3000/login?redirectTo=/sales/dashboard:0:0)\n[ERROR] ./src/app/login/page.tsx\nError:   × Unexpected token. Did you mean `{'>'}` or `&gt;`?\n     ╭─[C:\\Users\\sales\\OneDrive\\Desktop\\shreenathji-erp-crm\\src\\app\\login\\page.tsx:161:1]\n 158 │                 className=\"pr-10\"\n 159 │                 data-testid=\"login-password-input\"\n 160 │               />\n 161 │               />\n     ·                ▲\n 162 │               <Button\n 163 │                 type=\"button\"\n 163 │                 variant=\"ghost\"\r\n     ╰────\n\nCaused by:\n    Syntax Error (at webpack-internal:///(pages-dir-browser)/./node_modules/next/dist/next-devtools/userspace/pages/pages-dev-overlay-setup.js:76:21)\n[ERROR] ./src/app/login/page.tsx\nError:   × Unexpected token. Did you mean `{'>'}` or `&gt;`?\n     ╭─[C:\\Users\\sales\\OneDrive\\Desktop\\shreenathji-erp-crm\\src\\app\\login\\page.tsx:161:1]\n 158 │                 className=\"pr-10\"\n 159 │                 data-testid=\"login-password-input\"\n 160 │               />\n 161 │               />\n     ·                ▲\n 162 │               <Button\n 163 │                 type=\"button\"\n 163 │                 variant=\"ghost\"\r\n     ╰────\n\nCaused by:\n    Syntax Error (at webpack-internal:///(pages-dir-browser)/./node_modules/next/dist/next-devtools/userspace/pages/pages-dev-overlay-setup.js:76:21)",
    "testType": "FRONTEND",
    "createFrom": "mcp",
    "testVisualization": "https://testsprite-videos.s3.us-east-1.amazonaws.com/f4f87498-4051-7061-3048-48ed68330331/1766574168652941//tmp/test_task/result.webm",
    "created": "2025-12-24T11:01:19.159Z",
    "modified": "2025-12-24T11:02:48.771Z"
  },
  {
    "projectId": "30002716-98c3-419b-8992-b83ec4e04a30",
    "testId": "e3b2a10e-704f-47a7-b568-8973c0fbb372",
    "userId": "f4f87498-4051-7061-3048-48ed68330331",
    "title": "TC014-Reporting & Analytics data accuracy and filtering",
    "description": "Validate generated reports and dashboards show correct and up-to-date sales, product performance, and customer analytics with filtering applied.",
    "code": "import asyncio\nfrom playwright import async_api\nfrom playwright.async_api import expect\n\nasync def run_test():\n    pw = None\n    browser = None\n    context = None\n    \n    try:\n        # Start a Playwright session in asynchronous mode\n        pw = await async_api.async_playwright().start()\n        \n        # Launch a Chromium browser in headless mode with custom arguments\n        browser = await pw.chromium.launch(\n            headless=True,\n            args=[\n                \"--window-size=1280,720\",         # Set the browser window size\n                \"--disable-dev-shm-usage\",        # Avoid using /dev/shm which can cause issues in containers\n                \"--ipc=host\",                     # Use host-level IPC for better stability\n                \"--single-process\"                # Run the browser in a single process mode\n            ],\n        )\n        \n        # Create a new browser context (like an incognito window)\n        context = await browser.new_context()\n        context.set_default_timeout(5000)\n        \n        # Open a new page in the browser context\n        page = await context.new_page()\n        \n        # Navigate to your target URL and wait until the network request is committed\n        await page.goto(\"http://localhost:3000\", wait_until=\"commit\", timeout=10000)\n        \n        # Wait for the main page to reach DOMContentLoaded state (optional for stability)\n        try:\n            await page.wait_for_load_state(\"domcontentloaded\", timeout=3000)\n        except async_api.Error:\n            pass\n        \n        # Iterate through all iframes and wait for them to load as well\n        for frame in page.frames:\n            try:\n                await frame.wait_for_load_state(\"domcontentloaded\", timeout=3000)\n            except async_api.Error:\n                pass\n        \n        # Interact with the page elements to simulate user flow\n        # --> Assertions to verify final state\n        frame = context.pages[-1]\n        try:\n            await expect(frame.locator('text=Quarterly Revenue Exceeds Expectations').first).to_be_visible(timeout=30000)\n        except AssertionError:\n            raise AssertionError(\"Test case failed: The reports and dashboards did not update dynamically or reflect accurate filtered data as per the test plan.\")\n        await asyncio.sleep(5)\n    \n    finally:\n        if context:\n            await context.close()\n        if browser:\n            await browser.close()\n        if pw:\n            await pw.stop()\n            \nasyncio.run(run_test())\n    ",
    "testStatus": "FAILED",
    "testError": "\nBrowser Console Logs:\n[ERROR] Failed to load resource: the server responded with a status of 500 (Internal Server Error) (at http://localhost:3000/login?redirectTo=/sales/dashboard:0:0)\n[ERROR] ./src/app/login/page.tsx\nError:   × Unexpected token. Did you mean `{'>'}` or `&gt;`?\n     ╭─[C:\\Users\\sales\\OneDrive\\Desktop\\shreenathji-erp-crm\\src\\app\\login\\page.tsx:161:1]\n 158 │                 className=\"pr-10\"\n 159 │                 data-testid=\"login-password-input\"\n 160 │               />\n 161 │               />\n     ·                ▲\n 162 │               <Button\n 163 │                 type=\"button\"\n 163 │                 variant=\"ghost\"\r\n     ╰────\n\nCaused by:\n    Syntax Error (at webpack-internal:///(pages-dir-browser)/./node_modules/next/dist/next-devtools/userspace/pages/pages-dev-overlay-setup.js:76:21)\n[ERROR] ./src/app/login/page.tsx\nError:   × Unexpected token. Did you mean `{'>'}` or `&gt;`?\n     ╭─[C:\\Users\\sales\\OneDrive\\Desktop\\shreenathji-erp-crm\\src\\app\\login\\page.tsx:161:1]\n 158 │                 className=\"pr-10\"\n 159 │                 data-testid=\"login-password-input\"\n 160 │               />\n 161 │               />\n     ·                ▲\n 162 │               <Button\n 163 │                 type=\"button\"\n 163 │                 variant=\"ghost\"\r\n     ╰────\n\nCaused by:\n    Syntax Error (at webpack-internal:///(pages-dir-browser)/./node_modules/next/dist/next-devtools/userspace/pages/pages-dev-overlay-setup.js:76:21)\n[ERROR] ./src/app/login/page.tsx\nError:   × Unexpected token. Did you mean `{'>'}` or `&gt;`?\n     ╭─[C:\\Users\\sales\\OneDrive\\Desktop\\shreenathji-erp-crm\\src\\app\\login\\page.tsx:161:1]\n 158 │                 className=\"pr-10\"\n 159 │                 data-testid=\"login-password-input\"\n 160 │               />\n 161 │               />\n     ·                ▲\n 162 │               <Button\n 163 │                 type=\"button\"\n 163 │                 variant=\"ghost\"\r\n     ╰────\n\nCaused by:\n    Syntax Error (at webpack-internal:///(pages-dir-browser)/./node_modules/next/dist/next-devtools/userspace/pages/pages-dev-overlay-setup.js:76:21)\n[ERROR] ./src/app/login/page.tsx\nError:   × Unexpected token. Did you mean `{'>'}` or `&gt;`?\n     ╭─[C:\\Users\\sales\\OneDrive\\Desktop\\shreenathji-erp-crm\\src\\app\\login\\page.tsx:161:1]\n 158 │                 className=\"pr-10\"\n 159 │                 data-testid=\"login-password-input\"\n 160 │               />\n 161 │               />\n     ·                ▲\n 162 │               <Button\n 163 │                 type=\"button\"\n 163 │                 variant=\"ghost\"\r\n     ╰────\n\nCaused by:\n    Syntax Error (at webpack-internal:///(pages-dir-browser)/./node_modules/next/dist/next-devtools/userspace/pages/pages-dev-overlay-setup.js:76:21)\n[ERROR] ./src/app/login/page.tsx\nError:   × Unexpected token. Did you mean `{'>'}` or `&gt;`?\n     ╭─[C:\\Users\\sales\\OneDrive\\Desktop\\shreenathji-erp-crm\\src\\app\\login\\page.tsx:161:1]\n 158 │                 className=\"pr-10\"\n 159 │                 data-testid=\"login-password-input\"\n 160 │               />\n 161 │               />\n     ·                ▲\n 162 │               <Button\n 163 │                 type=\"button\"\n 163 │                 variant=\"ghost\"\r\n     ╰────\n\nCaused by:\n    Syntax Error (at webpack-internal:///(pages-dir-browser)/./node_modules/next/dist/next-devtools/userspace/pages/pages-dev-overlay-setup.js:76:21)\n[ERROR] ./src/app/login/page.tsx\nError:   × Unexpected token. Did you mean `{'>'}` or `&gt;`?\n     ╭─[C:\\Users\\sales\\OneDrive\\Desktop\\shreenathji-erp-crm\\src\\app\\login\\page.tsx:161:1]\n 158 │                 className=\"pr-10\"\n 159 │                 data-testid=\"login-password-input\"\n 160 │               />\n 161 │               />\n     ·                ▲\n 162 │               <Button\n 163 │                 type=\"button\"\n 163 │                 variant=\"ghost\"\r\n     ╰────\n\nCaused by:\n    Syntax Error (at webpack-internal:///(pages-dir-browser)/./node_modules/next/dist/next-devtools/userspace/pages/pages-dev-overlay-setup.js:76:21)\n[ERROR] ./src/app/login/page.tsx\nError:   × Unexpected token. Did you mean `{'>'}` or `&gt;`?\n     ╭─[C:\\Users\\sales\\OneDrive\\Desktop\\shreenathji-erp-crm\\src\\app\\login\\page.tsx:161:1]\n 158 │                 className=\"pr-10\"\n 159 │                 data-testid=\"login-password-input\"\n 160 │               />\n 161 │               />\n     ·                ▲\n 162 │               <Button\n 163 │                 type=\"button\"\n 163 │                 variant=\"ghost\"\r\n     ╰────\n\nCaused by:\n    Syntax Error (at webpack-internal:///(pages-dir-browser)/./node_modules/next/dist/next-devtools/userspace/pages/pages-dev-overlay-setup.js:76:21)\n[ERROR] ./src/app/login/page.tsx\nError:   × Unexpected token. Did you mean `{'>'}` or `&gt;`?\n     ╭─[C:\\Users\\sales\\OneDrive\\Desktop\\shreenathji-erp-crm\\src\\app\\login\\page.tsx:161:1]\n 158 │                 className=\"pr-10\"\n 159 │                 data-testid=\"login-password-input\"\n 160 │               />\n 161 │               />\n     ·                ▲\n 162 │               <Button\n 163 │                 type=\"button\"\n 163 │                 variant=\"ghost\"\r\n     ╰────\n\nCaused by:\n    Syntax Error (at webpack-internal:///(pages-dir-browser)/./node_modules/next/dist/next-devtools/userspace/pages/pages-dev-overlay-setup.js:76:21)\n[ERROR] ./src/app/login/page.tsx\nError:   × Unexpected token. Did you mean `{'>'}` or `&gt;`?\n     ╭─[C:\\Users\\sales\\OneDrive\\Desktop\\shreenathji-erp-crm\\src\\app\\login\\page.tsx:161:1]\n 158 │                 className=\"pr-10\"\n 159 │                 data-testid=\"login-password-input\"\n 160 │               />\n 161 │               />\n     ·                ▲\n 162 │               <Button\n 163 │                 type=\"button\"\n 163 │                 variant=\"ghost\"\r\n     ╰────\n\nCaused by:\n    Syntax Error (at webpack-internal:///(pages-dir-browser)/./node_modules/next/dist/next-devtools/userspace/pages/pages-dev-overlay-setup.js:76:21)",
    "testType": "FRONTEND",
    "createFrom": "mcp",
    "testVisualization": "https://testsprite-videos.s3.us-east-1.amazonaws.com/f4f87498-4051-7061-3048-48ed68330331/1766574161493187//tmp/test_task/result.webm",
    "created": "2025-12-24T11:01:19.166Z",
    "modified": "2025-12-24T11:02:41.614Z"
  },
  {
    "projectId": "30002716-98c3-419b-8992-b83ec4e04a30",
    "testId": "c01f9864-52e1-4198-ba98-ecfa13a54585",
    "userId": "f4f87498-4051-7061-3048-48ed68330331",
    "title": "TC015-Responsive UI across desktop and mobile devices",
    "description": "Verify that UI layout, navigation, and components render correctly and are usable on various screen sizes and devices.",
    "code": "import asyncio\nfrom playwright import async_api\nfrom playwright.async_api import expect\n\nasync def run_test():\n    pw = None\n    browser = None\n    context = None\n    \n    try:\n        # Start a Playwright session in asynchronous mode\n        pw = await async_api.async_playwright().start()\n        \n        # Launch a Chromium browser in headless mode with custom arguments\n        browser = await pw.chromium.launch(\n            headless=True,\n            args=[\n                \"--window-size=1280,720\",         # Set the browser window size\n                \"--disable-dev-shm-usage\",        # Avoid using /dev/shm which can cause issues in containers\n                \"--ipc=host\",                     # Use host-level IPC for better stability\n                \"--single-process\"                # Run the browser in a single process mode\n            ],\n        )\n        \n        # Create a new browser context (like an incognito window)\n        context = await browser.new_context()\n        context.set_default_timeout(5000)\n        \n        # Open a new page in the browser context\n        page = await context.new_page()\n        \n        # Navigate to your target URL and wait until the network request is committed\n        await page.goto(\"http://localhost:3000\", wait_until=\"commit\", timeout=10000)\n        \n        # Wait for the main page to reach DOMContentLoaded state (optional for stability)\n        try:\n            await page.wait_for_load_state(\"domcontentloaded\", timeout=3000)\n        except async_api.Error:\n            pass\n        \n        # Iterate through all iframes and wait for them to load as well\n        for frame in page.frames:\n            try:\n                await frame.wait_for_load_state(\"domcontentloaded\", timeout=3000)\n            except async_api.Error:\n                pass\n        \n        # Interact with the page elements to simulate user flow\n        # --> Assertions to verify final state\n        frame = context.pages[-1]\n        try:\n            await expect(frame.locator('text=Nonexistent UI Element for Responsive Test').first).to_be_visible(timeout=1000)\n        except AssertionError:\n            raise AssertionError(\"Test case failed: UI layout, navigation, and components did not render correctly or were not usable on various screen sizes and devices as per the test plan.\")\n        await asyncio.sleep(5)\n    \n    finally:\n        if context:\n            await context.close()\n        if browser:\n            await browser.close()\n        if pw:\n            await pw.stop()\n            \nasyncio.run(run_test())\n    ",
    "testStatus": "FAILED",
    "testError": "\nBrowser Console Logs:\n[ERROR] Failed to load resource: the server responded with a status of 500 (Internal Server Error) (at http://localhost:3000/login?redirectTo=/sales/dashboard:0:0)\n[ERROR] ./src/app/login/page.tsx\nError:   × Unexpected token. Did you mean `{'>'}` or `&gt;`?\n     ╭─[C:\\Users\\sales\\OneDrive\\Desktop\\shreenathji-erp-crm\\src\\app\\login\\page.tsx:161:1]\n 158 │                 className=\"pr-10\"\n 159 │                 data-testid=\"login-password-input\"\n 160 │               />\n 161 │               />\n     ·                ▲\n 162 │               <Button\n 163 │                 type=\"button\"\n 163 │                 variant=\"ghost\"\r\n     ╰────\n\nCaused by:\n    Syntax Error (at webpack-internal:///(pages-dir-browser)/./node_modules/next/dist/next-devtools/userspace/pages/pages-dev-overlay-setup.js:76:21)\n[ERROR] ./src/app/login/page.tsx\nError:   × Unexpected token. Did you mean `{'>'}` or `&gt;`?\n     ╭─[C:\\Users\\sales\\OneDrive\\Desktop\\shreenathji-erp-crm\\src\\app\\login\\page.tsx:161:1]\n 158 │                 className=\"pr-10\"\n 159 │                 data-testid=\"login-password-input\"\n 160 │               />\n 161 │               />\n     ·                ▲\n 162 │               <Button\n 163 │                 type=\"button\"\n 163 │                 variant=\"ghost\"\r\n     ╰────\n\nCaused by:\n    Syntax Error (at webpack-internal:///(pages-dir-browser)/./node_modules/next/dist/next-devtools/userspace/pages/pages-dev-overlay-setup.js:76:21)\n[ERROR] ./src/app/login/page.tsx\nError:   × Unexpected token. Did you mean `{'>'}` or `&gt;`?\n     ╭─[C:\\Users\\sales\\OneDrive\\Desktop\\shreenathji-erp-crm\\src\\app\\login\\page.tsx:161:1]\n 158 │                 className=\"pr-10\"\n 159 │                 data-testid=\"login-password-input\"\n 160 │               />\n 161 │               />\n     ·                ▲\n 162 │               <Button\n 163 │                 type=\"button\"\n 163 │                 variant=\"ghost\"\r\n     ╰────\n\nCaused by:\n    Syntax Error (at webpack-internal:///(pages-dir-browser)/./node_modules/next/dist/next-devtools/userspace/pages/pages-dev-overlay-setup.js:76:21)\n[ERROR] ./src/app/login/page.tsx\nError:   × Unexpected token. Did you mean `{'>'}` or `&gt;`?\n     ╭─[C:\\Users\\sales\\OneDrive\\Desktop\\shreenathji-erp-crm\\src\\app\\login\\page.tsx:161:1]\n 158 │                 className=\"pr-10\"\n 159 │                 data-testid=\"login-password-input\"\n 160 │               />\n 161 │               />\n     ·                ▲\n 162 │               <Button\n 163 │                 type=\"button\"\n 163 │                 variant=\"ghost\"\r\n     ╰────\n\nCaused by:\n    Syntax Error (at webpack-internal:///(pages-dir-browser)/./node_modules/next/dist/next-devtools/userspace/pages/pages-dev-overlay-setup.js:76:21)\n[ERROR] ./src/app/login/page.tsx\nError:   × Unexpected token. Did you mean `{'>'}` or `&gt;`?\n     ╭─[C:\\Users\\sales\\OneDrive\\Desktop\\shreenathji-erp-crm\\src\\app\\login\\page.tsx:161:1]\n 158 │                 className=\"pr-10\"\n 159 │                 data-testid=\"login-password-input\"\n 160 │               />\n 161 │               />\n     ·                ▲\n 162 │               <Button\n 163 │                 type=\"button\"\n 163 │                 variant=\"ghost\"\r\n     ╰────\n\nCaused by:\n    Syntax Error (at webpack-internal:///(pages-dir-browser)/./node_modules/next/dist/next-devtools/userspace/pages/pages-dev-overlay-setup.js:76:21)\n[ERROR] ./src/app/login/page.tsx\nError:   × Unexpected token. Did you mean `{'>'}` or `&gt;`?\n     ╭─[C:\\Users\\sales\\OneDrive\\Desktop\\shreenathji-erp-crm\\src\\app\\login\\page.tsx:161:1]\n 158 │                 className=\"pr-10\"\n 159 │                 data-testid=\"login-password-input\"\n 160 │               />\n 161 │               />\n     ·                ▲\n 162 │               <Button\n 163 │                 type=\"button\"\n 163 │                 variant=\"ghost\"\r\n     ╰────\n\nCaused by:\n    Syntax Error (at webpack-internal:///(pages-dir-browser)/./node_modules/next/dist/next-devtools/userspace/pages/pages-dev-overlay-setup.js:76:21)\n[ERROR] ./src/app/login/page.tsx\nError:   × Unexpected token. Did you mean `{'>'}` or `&gt;`?\n     ╭─[C:\\Users\\sales\\OneDrive\\Desktop\\shreenathji-erp-crm\\src\\app\\login\\page.tsx:161:1]\n 158 │                 className=\"pr-10\"\n 159 │                 data-testid=\"login-password-input\"\n 160 │               />\n 161 │               />\n     ·                ▲\n 162 │               <Button\n 163 │                 type=\"button\"\n 163 │                 variant=\"ghost\"\r\n     ╰────\n\nCaused by:\n    Syntax Error (at webpack-internal:///(pages-dir-browser)/./node_modules/next/dist/next-devtools/userspace/pages/pages-dev-overlay-setup.js:76:21)\n[ERROR] ./src/app/login/page.tsx\nError:   × Unexpected token. Did you mean `{'>'}` or `&gt;`?\n     ╭─[C:\\Users\\sales\\OneDrive\\Desktop\\shreenathji-erp-crm\\src\\app\\login\\page.tsx:161:1]\n 158 │                 className=\"pr-10\"\n 159 │                 data-testid=\"login-password-input\"\n 160 │               />\n 161 │               />\n     ·                ▲\n 162 │               <Button\n 163 │                 type=\"button\"\n 163 │                 variant=\"ghost\"\r\n     ╰────\n\nCaused by:\n    Syntax Error (at webpack-internal:///(pages-dir-browser)/./node_modules/next/dist/next-devtools/userspace/pages/pages-dev-overlay-setup.js:76:21)\n[ERROR] ./src/app/login/page.tsx\nError:   × Unexpected token. Did you mean `{'>'}` or `&gt;`?\n     ╭─[C:\\Users\\sales\\OneDrive\\Desktop\\shreenathji-erp-crm\\src\\app\\login\\page.tsx:161:1]\n 158 │                 className=\"pr-10\"\n 159 │                 data-testid=\"login-password-input\"\n 160 │               />\n 161 │               />\n     ·                ▲\n 162 │               <Button\n 163 │                 type=\"button\"\n 163 │                 variant=\"ghost\"\r\n     ╰────\n\nCaused by:\n    Syntax Error (at webpack-internal:///(pages-dir-browser)/./node_modules/next/dist/next-devtools/userspace/pages/pages-dev-overlay-setup.js:76:21)\n[ERROR] ./src/app/login/page.tsx\nError:   × Unexpected token. Did you mean `{'>'}` or `&gt;`?\n     ╭─[C:\\Users\\sales\\OneDrive\\Desktop\\shreenathji-erp-crm\\src\\app\\login\\page.tsx:161:1]\n 158 │                 className=\"pr-10\"\n 159 │                 data-testid=\"login-password-input\"\n 160 │               />\n 161 │               />\n     ·                ▲\n 162 │               <Button\n 163 │                 type=\"button\"\n 163 │                 variant=\"ghost\"\r\n     ╰────\n\nCaused by:\n    Syntax Error (at webpack-internal:///(pages-dir-browser)/./node_modules/next/dist/next-devtools/userspace/pages/pages-dev-overlay-setup.js:76:21)\n[ERROR] ./src/app/login/page.tsx\nError:   × Unexpected token. Did you mean `{'>'}` or `&gt;`?\n     ╭─[C:\\Users\\sales\\OneDrive\\Desktop\\shreenathji-erp-crm\\src\\app\\login\\page.tsx:161:1]\n 158 │                 className=\"pr-10\"\n 159 │                 data-testid=\"login-password-input\"\n 160 │               />\n 161 │               />\n     ·                ▲\n 162 │               <Button\n 163 │                 type=\"button\"\n 163 │                 variant=\"ghost\"\r\n     ╰────\n\nCaused by:\n    Syntax Error (at webpack-internal:///(pages-dir-browser)/./node_modules/next/dist/next-devtools/userspace/pages/pages-dev-overlay-setup.js:76:21)\n[ERROR] ./src/app/login/page.tsx\nError:   × Unexpected token. Did you mean `{'>'}` or `&gt;`?\n     ╭─[C:\\Users\\sales\\OneDrive\\Desktop\\shreenathji-erp-crm\\src\\app\\login\\page.tsx:161:1]\n 158 │                 className=\"pr-10\"\n 159 │                 data-testid=\"login-password-input\"\n 160 │               />\n 161 │               />\n     ·                ▲\n 162 │               <Button\n 163 │                 type=\"button\"\n 163 │                 variant=\"ghost\"\r\n     ╰────\n\nCaused by:\n    Syntax Error (at webpack-internal:///(pages-dir-browser)/./node_modules/next/dist/next-devtools/userspace/pages/pages-dev-overlay-setup.js:76:21)\n[ERROR] ./src/app/login/page.tsx\nError:   × Unexpected token. Did you mean `{'>'}` or `&gt;`?\n     ╭─[C:\\Users\\sales\\OneDrive\\Desktop\\shreenathji-erp-crm\\src\\app\\login\\page.tsx:161:1]\n 158 │                 className=\"pr-10\"\n 159 │                 data-testid=\"login-password-input\"\n 160 │               />\n 161 │               />\n     ·                ▲\n 162 │               <Button\n 163 │                 type=\"button\"\n 163 │                 variant=\"ghost\"\r\n     ╰────\n\nCaused by:\n    Syntax Error (at webpack-internal:///(pages-dir-browser)/./node_modules/next/dist/next-devtools/userspace/pages/pages-dev-overlay-setup.js:76:21)",
    "testType": "FRONTEND",
    "createFrom": "mcp",
    "testVisualization": "https://testsprite-videos.s3.us-east-1.amazonaws.com/f4f87498-4051-7061-3048-48ed68330331/1766574161153156//tmp/test_task/result.webm",
    "created": "2025-12-24T11:01:19.173Z",
    "modified": "2025-12-24T11:02:41.275Z"
  },
  {
    "projectId": "30002716-98c3-419b-8992-b83ec4e04a30",
    "testId": "8f27f82a-f8e2-4d79-b9e1-12950ce9547c",
    "userId": "f4f87498-4051-7061-3048-48ed68330331",
    "title": "TC016-Role-Based Access Control enforcement for restricted actions",
    "description": "Verify users with different roles and permissions have appropriate access rights and restrictions throughout the application.",
    "code": "import asyncio\nfrom playwright import async_api\nfrom playwright.async_api import expect\n\nasync def run_test():\n    pw = None\n    browser = None\n    context = None\n    \n    try:\n        # Start a Playwright session in asynchronous mode\n        pw = await async_api.async_playwright().start()\n        \n        # Launch a Chromium browser in headless mode with custom arguments\n        browser = await pw.chromium.launch(\n            headless=True,\n            args=[\n                \"--window-size=1280,720\",         # Set the browser window size\n                \"--disable-dev-shm-usage\",        # Avoid using /dev/shm which can cause issues in containers\n                \"--ipc=host\",                     # Use host-level IPC for better stability\n                \"--single-process\"                # Run the browser in a single process mode\n            ],\n        )\n        \n        # Create a new browser context (like an incognito window)\n        context = await browser.new_context()\n        context.set_default_timeout(5000)\n        \n        # Open a new page in the browser context\n        page = await context.new_page()\n        \n        # Navigate to your target URL and wait until the network request is committed\n        await page.goto(\"http://localhost:3000\", wait_until=\"commit\", timeout=10000)\n        \n        # Wait for the main page to reach DOMContentLoaded state (optional for stability)\n        try:\n            await page.wait_for_load_state(\"domcontentloaded\", timeout=3000)\n        except async_api.Error:\n            pass\n        \n        # Iterate through all iframes and wait for them to load as well\n        for frame in page.frames:\n            try:\n                await frame.wait_for_load_state(\"domcontentloaded\", timeout=3000)\n            except async_api.Error:\n                pass\n        \n        # Interact with the page elements to simulate user flow\n        # --> Assertions to verify final state\n        frame = context.pages[-1]\n        try:\n            await expect(frame.locator('text=Full access to user and role management granted').first).to_be_visible(timeout=30000)\n        except AssertionError:\n            raise AssertionError('Test case failed: Users with different roles and permissions do not have appropriate access rights and restrictions as expected. Access to full functionality including user & role management pages is not verified.')\n        await asyncio.sleep(5)\n    \n    finally:\n        if context:\n            await context.close()\n        if browser:\n            await browser.close()\n        if pw:\n            await pw.stop()\n            \nasyncio.run(run_test())\n    ",
    "testStatus": "FAILED",
    "testError": "\nBrowser Console Logs:\n[ERROR] Failed to load resource: the server responded with a status of 500 (Internal Server Error) (at http://localhost:3000/login?redirectTo=/sales/dashboard:0:0)\n[ERROR] ./src/app/login/page.tsx\nError:   × Unexpected token. Did you mean `{'>'}` or `&gt;`?\n     ╭─[C:\\Users\\sales\\OneDrive\\Desktop\\shreenathji-erp-crm\\src\\app\\login\\page.tsx:161:1]\n 158 │                 className=\"pr-10\"\n 159 │                 data-testid=\"login-password-input\"\n 160 │               />\n 161 │               />\n     ·                ▲\n 162 │               <Button\n 163 │                 type=\"button\"\n 163 │                 variant=\"ghost\"\r\n     ╰────\n\nCaused by:\n    Syntax Error (at webpack-internal:///(pages-dir-browser)/./node_modules/next/dist/next-devtools/userspace/pages/pages-dev-overlay-setup.js:76:21)\n[ERROR] ./src/app/login/page.tsx\nError:   × Unexpected token. Did you mean `{'>'}` or `&gt;`?\n     ╭─[C:\\Users\\sales\\OneDrive\\Desktop\\shreenathji-erp-crm\\src\\app\\login\\page.tsx:161:1]\n 158 │                 className=\"pr-10\"\n 159 │                 data-testid=\"login-password-input\"\n 160 │               />\n 161 │               />\n     ·                ▲\n 162 │               <Button\n 163 │                 type=\"button\"\n 163 │                 variant=\"ghost\"\r\n     ╰────\n\nCaused by:\n    Syntax Error (at webpack-internal:///(pages-dir-browser)/./node_modules/next/dist/next-devtools/userspace/pages/pages-dev-overlay-setup.js:76:21)\n[ERROR] ./src/app/login/page.tsx\nError:   × Unexpected token. Did you mean `{'>'}` or `&gt;`?\n     ╭─[C:\\Users\\sales\\OneDrive\\Desktop\\shreenathji-erp-crm\\src\\app\\login\\page.tsx:161:1]\n 158 │                 className=\"pr-10\"\n 159 │                 data-testid=\"login-password-input\"\n 160 │               />\n 161 │               />\n     ·                ▲\n 162 │               <Button\n 163 │                 type=\"button\"\n 163 │                 variant=\"ghost\"\r\n     ╰────\n\nCaused by:\n    Syntax Error (at webpack-internal:///(pages-dir-browser)/./node_modules/next/dist/next-devtools/userspace/pages/pages-dev-overlay-setup.js:76:21)\n[ERROR] ./src/app/login/page.tsx\nError:   × Unexpected token. Did you mean `{'>'}` or `&gt;`?\n     ╭─[C:\\Users\\sales\\OneDrive\\Desktop\\shreenathji-erp-crm\\src\\app\\login\\page.tsx:161:1]\n 158 │                 className=\"pr-10\"\n 159 │                 data-testid=\"login-password-input\"\n 160 │               />\n 161 │               />\n     ·                ▲\n 162 │               <Button\n 163 │                 type=\"button\"\n 163 │                 variant=\"ghost\"\r\n     ╰────\n\nCaused by:\n    Syntax Error (at webpack-internal:///(pages-dir-browser)/./node_modules/next/dist/next-devtools/userspace/pages/pages-dev-overlay-setup.js:76:21)\n[ERROR] ./src/app/login/page.tsx\nError:   × Unexpected token. Did you mean `{'>'}` or `&gt;`?\n     ╭─[C:\\Users\\sales\\OneDrive\\Desktop\\shreenathji-erp-crm\\src\\app\\login\\page.tsx:161:1]\n 158 │                 className=\"pr-10\"\n 159 │                 data-testid=\"login-password-input\"\n 160 │               />\n 161 │               />\n     ·                ▲\n 162 │               <Button\n 163 │                 type=\"button\"\n 163 │                 variant=\"ghost\"\r\n     ╰────\n\nCaused by:\n    Syntax Error (at webpack-internal:///(pages-dir-browser)/./node_modules/next/dist/next-devtools/userspace/pages/pages-dev-overlay-setup.js:76:21)\n[ERROR] ./src/app/login/page.tsx\nError:   × Unexpected token. Did you mean `{'>'}` or `&gt;`?\n     ╭─[C:\\Users\\sales\\OneDrive\\Desktop\\shreenathji-erp-crm\\src\\app\\login\\page.tsx:161:1]\n 158 │                 className=\"pr-10\"\n 159 │                 data-testid=\"login-password-input\"\n 160 │               />\n 161 │               />\n     ·                ▲\n 162 │               <Button\n 163 │                 type=\"button\"\n 163 │                 variant=\"ghost\"\r\n     ╰────\n\nCaused by:\n    Syntax Error (at webpack-internal:///(pages-dir-browser)/./node_modules/next/dist/next-devtools/userspace/pages/pages-dev-overlay-setup.js:76:21)\n[ERROR] ./src/app/login/page.tsx\nError:   × Unexpected token. Did you mean `{'>'}` or `&gt;`?\n     ╭─[C:\\Users\\sales\\OneDrive\\Desktop\\shreenathji-erp-crm\\src\\app\\login\\page.tsx:161:1]\n 158 │                 className=\"pr-10\"\n 159 │                 data-testid=\"login-password-input\"\n 160 │               />\n 161 │               />\n     ·                ▲\n 162 │               <Button\n 163 │                 type=\"button\"\n 163 │                 variant=\"ghost\"\r\n     ╰────\n\nCaused by:\n    Syntax Error (at webpack-internal:///(pages-dir-browser)/./node_modules/next/dist/next-devtools/userspace/pages/pages-dev-overlay-setup.js:76:21)",
    "testType": "FRONTEND",
    "createFrom": "mcp",
    "testVisualization": "https://testsprite-videos.s3.us-east-1.amazonaws.com/f4f87498-4051-7061-3048-48ed68330331/1766574161097233//tmp/test_task/result.webm",
    "created": "2025-12-24T11:01:19.180Z",
    "modified": "2025-12-24T11:02:41.238Z"
  },
  {
    "projectId": "30002716-98c3-419b-8992-b83ec4e04a30",
    "testId": "6510a2c8-e139-4f63-aa13-bb523b0667ab",
    "userId": "f4f87498-4051-7061-3048-48ed68330331",
    "title": "TC017-Payment Tracking - Add and reconcile payments with sales orders",
    "description": "Validate that payments can be recorded, linked to sales orders, and reconciled correctly with financial data.",
    "code": "import asyncio\nfrom playwright import async_api\nfrom playwright.async_api import expect\n\nasync def run_test():\n    pw = None\n    browser = None\n    context = None\n    \n    try:\n        # Start a Playwright session in asynchronous mode\n        pw = await async_api.async_playwright().start()\n        \n        # Launch a Chromium browser in headless mode with custom arguments\n        browser = await pw.chromium.launch(\n            headless=True,\n            args=[\n                \"--window-size=1280,720\",         # Set the browser window size\n                \"--disable-dev-shm-usage\",        # Avoid using /dev/shm which can cause issues in containers\n                \"--ipc=host\",                     # Use host-level IPC for better stability\n                \"--single-process\"                # Run the browser in a single process mode\n            ],\n        )\n        \n        # Create a new browser context (like an incognito window)\n        context = await browser.new_context()\n        context.set_default_timeout(5000)\n        \n        # Open a new page in the browser context\n        page = await context.new_page()\n        \n        # Navigate to your target URL and wait until the network request is committed\n        await page.goto(\"http://localhost:3000\", wait_until=\"commit\", timeout=10000)\n        \n        # Wait for the main page to reach DOMContentLoaded state (optional for stability)\n        try:\n            await page.wait_for_load_state(\"domcontentloaded\", timeout=3000)\n        except async_api.Error:\n            pass\n        \n        # Iterate through all iframes and wait for them to load as well\n        for frame in page.frames:\n            try:\n                await frame.wait_for_load_state(\"domcontentloaded\", timeout=3000)\n            except async_api.Error:\n                pass\n        \n        # Interact with the page elements to simulate user flow\n        # --> Assertions to verify final state\n        frame = context.pages[-1]\n        try:\n            await expect(frame.locator('text=Payment Recorded Successfully').first).to_be_visible(timeout=30000)\n        except AssertionError:\n            raise AssertionError(\"Test case failed: Payments could not be recorded, linked to sales orders, or reconciled correctly with financial data as per the test plan.\")\n        await asyncio.sleep(5)\n    \n    finally:\n        if context:\n            await context.close()\n        if browser:\n            await browser.close()\n        if pw:\n            await pw.stop()\n            \nasyncio.run(run_test())\n    ",
    "testStatus": "FAILED",
    "testError": "\nBrowser Console Logs:\n[ERROR] Failed to load resource: the server responded with a status of 500 (Internal Server Error) (at http://localhost:3000/login?redirectTo=/sales/dashboard:0:0)\n[ERROR] ./src/app/login/page.tsx\nError:   × Unexpected token. Did you mean `{'>'}` or `&gt;`?\n     ╭─[C:\\Users\\sales\\OneDrive\\Desktop\\shreenathji-erp-crm\\src\\app\\login\\page.tsx:161:1]\n 158 │                 className=\"pr-10\"\n 159 │                 data-testid=\"login-password-input\"\n 160 │               />\n 161 │               />\n     ·                ▲\n 162 │               <Button\n 163 │                 type=\"button\"\n 163 │                 variant=\"ghost\"\r\n     ╰────\n\nCaused by:\n    Syntax Error (at webpack-internal:///(pages-dir-browser)/./node_modules/next/dist/next-devtools/userspace/pages/pages-dev-overlay-setup.js:76:21)\n[ERROR] ./src/app/login/page.tsx\nError:   × Unexpected token. Did you mean `{'>'}` or `&gt;`?\n     ╭─[C:\\Users\\sales\\OneDrive\\Desktop\\shreenathji-erp-crm\\src\\app\\login\\page.tsx:161:1]\n 158 │                 className=\"pr-10\"\n 159 │                 data-testid=\"login-password-input\"\n 160 │               />\n 161 │               />\n     ·                ▲\n 162 │               <Button\n 163 │                 type=\"button\"\n 163 │                 variant=\"ghost\"\r\n     ╰────\n\nCaused by:\n    Syntax Error (at webpack-internal:///(pages-dir-browser)/./node_modules/next/dist/next-devtools/userspace/pages/pages-dev-overlay-setup.js:76:21)\n[ERROR] ./src/app/login/page.tsx\nError:   × Unexpected token. Did you mean `{'>'}` or `&gt;`?\n     ╭─[C:\\Users\\sales\\OneDrive\\Desktop\\shreenathji-erp-crm\\src\\app\\login\\page.tsx:161:1]\n 158 │                 className=\"pr-10\"\n 159 │                 data-testid=\"login-password-input\"\n 160 │               />\n 161 │               />\n     ·                ▲\n 162 │               <Button\n 163 │                 type=\"button\"\n 163 │                 variant=\"ghost\"\r\n     ╰────\n\nCaused by:\n    Syntax Error (at webpack-internal:///(pages-dir-browser)/./node_modules/next/dist/next-devtools/userspace/pages/pages-dev-overlay-setup.js:76:21)",
    "testType": "FRONTEND",
    "createFrom": "mcp",
    "testVisualization": "https://testsprite-videos.s3.us-east-1.amazonaws.com/f4f87498-4051-7061-3048-48ed68330331/1766574161359142//tmp/test_task/result.webm",
    "created": "2025-12-24T11:01:19.187Z",
    "modified": "2025-12-24T11:02:41.490Z"
  },
  {
    "projectId": "30002716-98c3-419b-8992-b83ec4e04a30",
    "testId": "b289ede9-26c1-4c2f-8409-665936a365a0",
    "userId": "f4f87498-4051-7061-3048-48ed68330331",
    "title": "TC018-Dispatch Register - Record and track shipment status updates",
    "description": "Verify logistics tracking by adding dispatch records and updating shipment statuses is functioning and data are presented correctly.",
    "code": "import asyncio\nfrom playwright import async_api\nfrom playwright.async_api import expect\n\nasync def run_test():\n    pw = None\n    browser = None\n    context = None\n    \n    try:\n        # Start a Playwright session in asynchronous mode\n        pw = await async_api.async_playwright().start()\n        \n        # Launch a Chromium browser in headless mode with custom arguments\n        browser = await pw.chromium.launch(\n            headless=True,\n            args=[\n                \"--window-size=1280,720\",         # Set the browser window size\n                \"--disable-dev-shm-usage\",        # Avoid using /dev/shm which can cause issues in containers\n                \"--ipc=host\",                     # Use host-level IPC for better stability\n                \"--single-process\"                # Run the browser in a single process mode\n            ],\n        )\n        \n        # Create a new browser context (like an incognito window)\n        context = await browser.new_context()\n        context.set_default_timeout(5000)\n        \n        # Open a new page in the browser context\n        page = await context.new_page()\n        \n        # Navigate to your target URL and wait until the network request is committed\n        await page.goto(\"http://localhost:3000\", wait_until=\"commit\", timeout=10000)\n        \n        # Wait for the main page to reach DOMContentLoaded state (optional for stability)\n        try:\n            await page.wait_for_load_state(\"domcontentloaded\", timeout=3000)\n        except async_api.Error:\n            pass\n        \n        # Iterate through all iframes and wait for them to load as well\n        for frame in page.frames:\n            try:\n                await frame.wait_for_load_state(\"domcontentloaded\", timeout=3000)\n            except async_api.Error:\n                pass\n        \n        # Interact with the page elements to simulate user flow\n        # --> Assertions to verify final state\n        frame = context.pages[-1]\n        try:\n            await expect(frame.locator('text=Dispatch record saved successfully').first).to_be_visible(timeout=30000)\n        except AssertionError:\n            raise AssertionError(\"Test failed: Logistics tracking verification failed because dispatch records and shipment status updates are not functioning or not displayed correctly as per the test plan.\")\n        await asyncio.sleep(5)\n    \n    finally:\n        if context:\n            await context.close()\n        if browser:\n            await browser.close()\n        if pw:\n            await pw.stop()\n            \nasyncio.run(run_test())\n    ",
    "testStatus": "FAILED",
    "testError": "\nBrowser Console Logs:\n[ERROR] Failed to load resource: the server responded with a status of 500 (Internal Server Error) (at http://localhost:3000/login?redirectTo=/sales/dashboard:0:0)\n[ERROR] ./src/app/login/page.tsx\nError:   × Unexpected token. Did you mean `{'>'}` or `&gt;`?\n     ╭─[C:\\Users\\sales\\OneDrive\\Desktop\\shreenathji-erp-crm\\src\\app\\login\\page.tsx:161:1]\n 158 │                 className=\"pr-10\"\n 159 │                 data-testid=\"login-password-input\"\n 160 │               />\n 161 │               />\n     ·                ▲\n 162 │               <Button\n 163 │                 type=\"button\"\n 163 │                 variant=\"ghost\"\r\n     ╰────\n\nCaused by:\n    Syntax Error (at webpack-internal:///(pages-dir-browser)/./node_modules/next/dist/next-devtools/userspace/pages/pages-dev-overlay-setup.js:76:21)\n[ERROR] ./src/app/login/page.tsx\nError:   × Unexpected token. Did you mean `{'>'}` or `&gt;`?\n     ╭─[C:\\Users\\sales\\OneDrive\\Desktop\\shreenathji-erp-crm\\src\\app\\login\\page.tsx:161:1]\n 158 │                 className=\"pr-10\"\n 159 │                 data-testid=\"login-password-input\"\n 160 │               />\n 161 │               />\n     ·                ▲\n 162 │               <Button\n 163 │                 type=\"button\"\n 163 │                 variant=\"ghost\"\r\n     ╰────\n\nCaused by:\n    Syntax Error (at webpack-internal:///(pages-dir-browser)/./node_modules/next/dist/next-devtools/userspace/pages/pages-dev-overlay-setup.js:76:21)\n[ERROR] ./src/app/login/page.tsx\nError:   × Unexpected token. Did you mean `{'>'}` or `&gt;`?\n     ╭─[C:\\Users\\sales\\OneDrive\\Desktop\\shreenathji-erp-crm\\src\\app\\login\\page.tsx:161:1]\n 158 │                 className=\"pr-10\"\n 159 │                 data-testid=\"login-password-input\"\n 160 │               />\n 161 │               />\n     ·                ▲\n 162 │               <Button\n 163 │                 type=\"button\"\n 163 │                 variant=\"ghost\"\r\n     ╰────\n\nCaused by:\n    Syntax Error (at webpack-internal:///(pages-dir-browser)/./node_modules/next/dist/next-devtools/userspace/pages/pages-dev-overlay-setup.js:76:21)\n[ERROR] ./src/app/login/page.tsx\nError:   × Unexpected token. Did you mean `{'>'}` or `&gt;`?\n     ╭─[C:\\Users\\sales\\OneDrive\\Desktop\\shreenathji-erp-crm\\src\\app\\login\\page.tsx:161:1]\n 158 │                 className=\"pr-10\"\n 159 │                 data-testid=\"login-password-input\"\n 160 │               />\n 161 │               />\n     ·                ▲\n 162 │               <Button\n 163 │                 type=\"button\"\n 163 │                 variant=\"ghost\"\r\n     ╰────\n\nCaused by:\n    Syntax Error (at webpack-internal:///(pages-dir-browser)/./node_modules/next/dist/next-devtools/userspace/pages/pages-dev-overlay-setup.js:76:21)\n[ERROR] ./src/app/login/page.tsx\nError:   × Unexpected token. Did you mean `{'>'}` or `&gt;`?\n     ╭─[C:\\Users\\sales\\OneDrive\\Desktop\\shreenathji-erp-crm\\src\\app\\login\\page.tsx:161:1]\n 158 │                 className=\"pr-10\"\n 159 │                 data-testid=\"login-password-input\"\n 160 │               />\n 161 │               />\n     ·                ▲\n 162 │               <Button\n 163 │                 type=\"button\"\n 163 │                 variant=\"ghost\"\r\n     ╰────\n\nCaused by:\n    Syntax Error (at webpack-internal:///(pages-dir-browser)/./node_modules/next/dist/next-devtools/userspace/pages/pages-dev-overlay-setup.js:76:21)\n[ERROR] ./src/app/login/page.tsx\nError:   × Unexpected token. Did you mean `{'>'}` or `&gt;`?\n     ╭─[C:\\Users\\sales\\OneDrive\\Desktop\\shreenathji-erp-crm\\src\\app\\login\\page.tsx:161:1]\n 158 │                 className=\"pr-10\"\n 159 │                 data-testid=\"login-password-input\"\n 160 │               />\n 161 │               />\n     ·                ▲\n 162 │               <Button\n 163 │                 type=\"button\"\n 163 │                 variant=\"ghost\"\r\n     ╰────\n\nCaused by:\n    Syntax Error (at webpack-internal:///(pages-dir-browser)/./node_modules/next/dist/next-devtools/userspace/pages/pages-dev-overlay-setup.js:76:21)\n[ERROR] ./src/app/login/page.tsx\nError:   × Unexpected token. Did you mean `{'>'}` or `&gt;`?\n     ╭─[C:\\Users\\sales\\OneDrive\\Desktop\\shreenathji-erp-crm\\src\\app\\login\\page.tsx:161:1]\n 158 │                 className=\"pr-10\"\n 159 │                 data-testid=\"login-password-input\"\n 160 │               />\n 161 │               />\n     ·                ▲\n 162 │               <Button\n 163 │                 type=\"button\"\n 163 │                 variant=\"ghost\"\r\n     ╰────\n\nCaused by:\n    Syntax Error (at webpack-internal:///(pages-dir-browser)/./node_modules/next/dist/next-devtools/userspace/pages/pages-dev-overlay-setup.js:76:21)\n[ERROR] ./src/app/login/page.tsx\nError:   × Unexpected token. Did you mean `{'>'}` or `&gt;`?\n     ╭─[C:\\Users\\sales\\OneDrive\\Desktop\\shreenathji-erp-crm\\src\\app\\login\\page.tsx:161:1]\n 158 │                 className=\"pr-10\"\n 159 │                 data-testid=\"login-password-input\"\n 160 │               />\n 161 │               />\n     ·                ▲\n 162 │               <Button\n 163 │                 type=\"button\"\n 163 │                 variant=\"ghost\"\r\n     ╰────\n\nCaused by:\n    Syntax Error (at webpack-internal:///(pages-dir-browser)/./node_modules/next/dist/next-devtools/userspace/pages/pages-dev-overlay-setup.js:76:21)\n[ERROR] ./src/app/login/page.tsx\nError:   × Unexpected token. Did you mean `{'>'}` or `&gt;`?\n     ╭─[C:\\Users\\sales\\OneDrive\\Desktop\\shreenathji-erp-crm\\src\\app\\login\\page.tsx:161:1]\n 158 │                 className=\"pr-10\"\n 159 │                 data-testid=\"login-password-input\"\n 160 │               />\n 161 │               />\n     ·                ▲\n 162 │               <Button\n 163 │                 type=\"button\"\n 163 │                 variant=\"ghost\"\r\n     ╰────\n\nCaused by:\n    Syntax Error (at webpack-internal:///(pages-dir-browser)/./node_modules/next/dist/next-devtools/userspace/pages/pages-dev-overlay-setup.js:76:21)\n[ERROR] ./src/app/login/page.tsx\nError:   × Unexpected token. Did you mean `{'>'}` or `&gt;`?\n     ╭─[C:\\Users\\sales\\OneDrive\\Desktop\\shreenathji-erp-crm\\src\\app\\login\\page.tsx:161:1]\n 158 │                 className=\"pr-10\"\n 159 │                 data-testid=\"login-password-input\"\n 160 │               />\n 161 │               />\n     ·                ▲\n 162 │               <Button\n 163 │                 type=\"button\"\n 163 │                 variant=\"ghost\"\r\n     ╰────\n\nCaused by:\n    Syntax Error (at webpack-internal:///(pages-dir-browser)/./node_modules/next/dist/next-devtools/userspace/pages/pages-dev-overlay-setup.js:76:21)\n[ERROR] ./src/app/login/page.tsx\nError:   × Unexpected token. Did you mean `{'>'}` or `&gt;`?\n     ╭─[C:\\Users\\sales\\OneDrive\\Desktop\\shreenathji-erp-crm\\src\\app\\login\\page.tsx:161:1]\n 158 │                 className=\"pr-10\"\n 159 │                 data-testid=\"login-password-input\"\n 160 │               />\n 161 │               />\n     ·                ▲\n 162 │               <Button\n 163 │                 type=\"button\"\n 163 │                 variant=\"ghost\"\r\n     ╰────\n\nCaused by:\n    Syntax Error (at webpack-internal:///(pages-dir-browser)/./node_modules/next/dist/next-devtools/userspace/pages/pages-dev-overlay-setup.js:76:21)\n[ERROR] ./src/app/login/page.tsx\nError:   × Unexpected token. Did you mean `{'>'}` or `&gt;`?\n     ╭─[C:\\Users\\sales\\OneDrive\\Desktop\\shreenathji-erp-crm\\src\\app\\login\\page.tsx:161:1]\n 158 │                 className=\"pr-10\"\n 159 │                 data-testid=\"login-password-input\"\n 160 │               />\n 161 │               />\n     ·                ▲\n 162 │               <Button\n 163 │                 type=\"button\"\n 163 │                 variant=\"ghost\"\r\n     ╰────\n\nCaused by:\n    Syntax Error (at webpack-internal:///(pages-dir-browser)/./node_modules/next/dist/next-devtools/userspace/pages/pages-dev-overlay-setup.js:76:21)",
    "testType": "FRONTEND",
    "createFrom": "mcp",
    "testVisualization": "https://testsprite-videos.s3.us-east-1.amazonaws.com/f4f87498-4051-7061-3048-48ed68330331/1766574160727076//tmp/test_task/result.webm",
    "created": "2025-12-24T11:01:19.195Z",
    "modified": "2025-12-24T11:02:40.886Z"
  },
  {
    "projectId": "30002716-98c3-419b-8992-b83ec4e04a30",
    "testId": "1285d1fe-02b7-43f9-ac5c-01c3da5e3f00",
    "userId": "f4f87498-4051-7061-3048-48ed68330331",
    "title": "TC019-Audit Logging of critical system changes",
    "description": "Verify audit logs capture create, update, delete actions across key entities including user details and timestamps.",
    "code": "import asyncio\nfrom playwright import async_api\nfrom playwright.async_api import expect\n\nasync def run_test():\n    pw = None\n    browser = None\n    context = None\n    \n    try:\n        # Start a Playwright session in asynchronous mode\n        pw = await async_api.async_playwright().start()\n        \n        # Launch a Chromium browser in headless mode with custom arguments\n        browser = await pw.chromium.launch(\n            headless=True,\n            args=[\n                \"--window-size=1280,720\",         # Set the browser window size\n                \"--disable-dev-shm-usage\",        # Avoid using /dev/shm which can cause issues in containers\n                \"--ipc=host\",                     # Use host-level IPC for better stability\n                \"--single-process\"                # Run the browser in a single process mode\n            ],\n        )\n        \n        # Create a new browser context (like an incognito window)\n        context = await browser.new_context()\n        context.set_default_timeout(5000)\n        \n        # Open a new page in the browser context\n        page = await context.new_page()\n        \n        # Navigate to your target URL and wait until the network request is committed\n        await page.goto(\"http://localhost:3000\", wait_until=\"commit\", timeout=10000)\n        \n        # Wait for the main page to reach DOMContentLoaded state (optional for stability)\n        try:\n            await page.wait_for_load_state(\"domcontentloaded\", timeout=3000)\n        except async_api.Error:\n            pass\n        \n        # Iterate through all iframes and wait for them to load as well\n        for frame in page.frames:\n            try:\n                await frame.wait_for_load_state(\"domcontentloaded\", timeout=3000)\n            except async_api.Error:\n                pass\n        \n        # Interact with the page elements to simulate user flow\n        # --> Assertions to verify final state\n        frame = context.pages[-1]\n        try:\n            await expect(frame.locator('text=Audit log entry for non-existent operation').first).to_be_visible(timeout=30000)\n        except AssertionError:\n            raise AssertionError(\"Test case failed: Audit logs did not capture create, update, delete actions with correct user details and timestamps as required by the test plan.\")\n        await asyncio.sleep(5)\n    \n    finally:\n        if context:\n            await context.close()\n        if browser:\n            await browser.close()\n        if pw:\n            await pw.stop()\n            \nasyncio.run(run_test())\n    ",
    "testStatus": "FAILED",
    "testError": "\nBrowser Console Logs:\n[ERROR] Failed to load resource: the server responded with a status of 500 (Internal Server Error) (at http://localhost:3000/login?redirectTo=/sales/dashboard:0:0)\n[ERROR] ./src/app/login/page.tsx\nError:   × Unexpected token. Did you mean `{'>'}` or `&gt;`?\n     ╭─[C:\\Users\\sales\\OneDrive\\Desktop\\shreenathji-erp-crm\\src\\app\\login\\page.tsx:161:1]\n 158 │                 className=\"pr-10\"\n 159 │                 data-testid=\"login-password-input\"\n 160 │               />\n 161 │               />\n     ·                ▲\n 162 │               <Button\n 163 │                 type=\"button\"\n 163 │                 variant=\"ghost\"\r\n     ╰────\n\nCaused by:\n    Syntax Error (at webpack-internal:///(pages-dir-browser)/./node_modules/next/dist/next-devtools/userspace/pages/pages-dev-overlay-setup.js:76:21)\n[ERROR] ./src/app/login/page.tsx\nError:   × Unexpected token. Did you mean `{'>'}` or `&gt;`?\n     ╭─[C:\\Users\\sales\\OneDrive\\Desktop\\shreenathji-erp-crm\\src\\app\\login\\page.tsx:161:1]\n 158 │                 className=\"pr-10\"\n 159 │                 data-testid=\"login-password-input\"\n 160 │               />\n 161 │               />\n     ·                ▲\n 162 │               <Button\n 163 │                 type=\"button\"\n 163 │                 variant=\"ghost\"\r\n     ╰────\n\nCaused by:\n    Syntax Error (at webpack-internal:///(pages-dir-browser)/./node_modules/next/dist/next-devtools/userspace/pages/pages-dev-overlay-setup.js:76:21)\n[ERROR] ./src/app/login/page.tsx\nError:   × Unexpected token. Did you mean `{'>'}` or `&gt;`?\n     ╭─[C:\\Users\\sales\\OneDrive\\Desktop\\shreenathji-erp-crm\\src\\app\\login\\page.tsx:161:1]\n 158 │                 className=\"pr-10\"\n 159 │                 data-testid=\"login-password-input\"\n 160 │               />\n 161 │               />\n     ·                ▲\n 162 │               <Button\n 163 │                 type=\"button\"\n 163 │                 variant=\"ghost\"\r\n     ╰────\n\nCaused by:\n    Syntax Error (at webpack-internal:///(pages-dir-browser)/./node_modules/next/dist/next-devtools/userspace/pages/pages-dev-overlay-setup.js:76:21)\n[ERROR] ./src/app/login/page.tsx\nError:   × Unexpected token. Did you mean `{'>'}` or `&gt;`?\n     ╭─[C:\\Users\\sales\\OneDrive\\Desktop\\shreenathji-erp-crm\\src\\app\\login\\page.tsx:161:1]\n 158 │                 className=\"pr-10\"\n 159 │                 data-testid=\"login-password-input\"\n 160 │               />\n 161 │               />\n     ·                ▲\n 162 │               <Button\n 163 │                 type=\"button\"\n 163 │                 variant=\"ghost\"\r\n     ╰────\n\nCaused by:\n    Syntax Error (at webpack-internal:///(pages-dir-browser)/./node_modules/next/dist/next-devtools/userspace/pages/pages-dev-overlay-setup.js:76:21)\n[ERROR] ./src/app/login/page.tsx\nError:   × Unexpected token. Did you mean `{'>'}` or `&gt;`?\n     ╭─[C:\\Users\\sales\\OneDrive\\Desktop\\shreenathji-erp-crm\\src\\app\\login\\page.tsx:161:1]\n 158 │                 className=\"pr-10\"\n 159 │                 data-testid=\"login-password-input\"\n 160 │               />\n 161 │               />\n     ·                ▲\n 162 │               <Button\n 163 │                 type=\"button\"\n 163 │                 variant=\"ghost\"\r\n     ╰────\n\nCaused by:\n    Syntax Error (at webpack-internal:///(pages-dir-browser)/./node_modules/next/dist/next-devtools/userspace/pages/pages-dev-overlay-setup.js:76:21)\n[ERROR] ./src/app/login/page.tsx\nError:   × Unexpected token. Did you mean `{'>'}` or `&gt;`?\n     ╭─[C:\\Users\\sales\\OneDrive\\Desktop\\shreenathji-erp-crm\\src\\app\\login\\page.tsx:161:1]\n 158 │                 className=\"pr-10\"\n 159 │                 data-testid=\"login-password-input\"\n 160 │               />\n 161 │               />\n     ·                ▲\n 162 │               <Button\n 163 │                 type=\"button\"\n 163 │                 variant=\"ghost\"\r\n     ╰────\n\nCaused by:\n    Syntax Error (at webpack-internal:///(pages-dir-browser)/./node_modules/next/dist/next-devtools/userspace/pages/pages-dev-overlay-setup.js:76:21)\n[ERROR] ./src/app/login/page.tsx\nError:   × Unexpected token. Did you mean `{'>'}` or `&gt;`?\n     ╭─[C:\\Users\\sales\\OneDrive\\Desktop\\shreenathji-erp-crm\\src\\app\\login\\page.tsx:161:1]\n 158 │                 className=\"pr-10\"\n 159 │                 data-testid=\"login-password-input\"\n 160 │               />\n 161 │               />\n     ·                ▲\n 162 │               <Button\n 163 │                 type=\"button\"\n 163 │                 variant=\"ghost\"\r\n     ╰────\n\nCaused by:\n    Syntax Error (at webpack-internal:///(pages-dir-browser)/./node_modules/next/dist/next-devtools/userspace/pages/pages-dev-overlay-setup.js:76:21)\n[ERROR] ./src/app/login/page.tsx\nError:   × Unexpected token. Did you mean `{'>'}` or `&gt;`?\n     ╭─[C:\\Users\\sales\\OneDrive\\Desktop\\shreenathji-erp-crm\\src\\app\\login\\page.tsx:161:1]\n 158 │                 className=\"pr-10\"\n 159 │                 data-testid=\"login-password-input\"\n 160 │               />\n 161 │               />\n     ·                ▲\n 162 │               <Button\n 163 │                 type=\"button\"\n 163 │                 variant=\"ghost\"\r\n     ╰────\n\nCaused by:\n    Syntax Error (at webpack-internal:///(pages-dir-browser)/./node_modules/next/dist/next-devtools/userspace/pages/pages-dev-overlay-setup.js:76:21)\n[ERROR] ./src/app/login/page.tsx\nError:   × Unexpected token. Did you mean `{'>'}` or `&gt;`?\n     ╭─[C:\\Users\\sales\\OneDrive\\Desktop\\shreenathji-erp-crm\\src\\app\\login\\page.tsx:161:1]\n 158 │                 className=\"pr-10\"\n 159 │                 data-testid=\"login-password-input\"\n 160 │               />\n 161 │               />\n     ·                ▲\n 162 │               <Button\n 163 │                 type=\"button\"\n 163 │                 variant=\"ghost\"\r\n     ╰────\n\nCaused by:\n    Syntax Error (at webpack-internal:///(pages-dir-browser)/./node_modules/next/dist/next-devtools/userspace/pages/pages-dev-overlay-setup.js:76:21)\n[ERROR] ./src/app/login/page.tsx\nError:   × Unexpected token. Did you mean `{'>'}` or `&gt;`?\n     ╭─[C:\\Users\\sales\\OneDrive\\Desktop\\shreenathji-erp-crm\\src\\app\\login\\page.tsx:161:1]\n 158 │                 className=\"pr-10\"\n 159 │                 data-testid=\"login-password-input\"\n 160 │               />\n 161 │               />\n     ·                ▲\n 162 │               <Button\n 163 │                 type=\"button\"\n 163 │                 variant=\"ghost\"\r\n     ╰────\n\nCaused by:\n    Syntax Error (at webpack-internal:///(pages-dir-browser)/./node_modules/next/dist/next-devtools/userspace/pages/pages-dev-overlay-setup.js:76:21)\n[ERROR] ./src/app/login/page.tsx\nError:   × Unexpected token. Did you mean `{'>'}` or `&gt;`?\n     ╭─[C:\\Users\\sales\\OneDrive\\Desktop\\shreenathji-erp-crm\\src\\app\\login\\page.tsx:161:1]\n 158 │                 className=\"pr-10\"\n 159 │                 data-testid=\"login-password-input\"\n 160 │               />\n 161 │               />\n     ·                ▲\n 162 │               <Button\n 163 │                 type=\"button\"\n 163 │                 variant=\"ghost\"\r\n     ╰────\n\nCaused by:\n    Syntax Error (at webpack-internal:///(pages-dir-browser)/./node_modules/next/dist/next-devtools/userspace/pages/pages-dev-overlay-setup.js:76:21)\n[ERROR] ./src/app/login/page.tsx\nError:   × Unexpected token. Did you mean `{'>'}` or `&gt;`?\n     ╭─[C:\\Users\\sales\\OneDrive\\Desktop\\shreenathji-erp-crm\\src\\app\\login\\page.tsx:161:1]\n 158 │                 className=\"pr-10\"\n 159 │                 data-testid=\"login-password-input\"\n 160 │               />\n 161 │               />\n     ·                ▲\n 162 │               <Button\n 163 │                 type=\"button\"\n 163 │                 variant=\"ghost\"\r\n     ╰────\n\nCaused by:\n    Syntax Error (at webpack-internal:///(pages-dir-browser)/./node_modules/next/dist/next-devtools/userspace/pages/pages-dev-overlay-setup.js:76:21)\n[ERROR] ./src/app/login/page.tsx\nError:   × Unexpected token. Did you mean `{'>'}` or `&gt;`?\n     ╭─[C:\\Users\\sales\\OneDrive\\Desktop\\shreenathji-erp-crm\\src\\app\\login\\page.tsx:161:1]\n 158 │                 className=\"pr-10\"\n 159 │                 data-testid=\"login-password-input\"\n 160 │               />\n 161 │               />\n     ·                ▲\n 162 │               <Button\n 163 │                 type=\"button\"\n 163 │                 variant=\"ghost\"\r\n     ╰────\n\nCaused by:\n    Syntax Error (at webpack-internal:///(pages-dir-browser)/./node_modules/next/dist/next-devtools/userspace/pages/pages-dev-overlay-setup.js:76:21)\n[ERROR] ./src/app/login/page.tsx\nError:   × Unexpected token. Did you mean `{'>'}` or `&gt;`?\n     ╭─[C:\\Users\\sales\\OneDrive\\Desktop\\shreenathji-erp-crm\\src\\app\\login\\page.tsx:161:1]\n 158 │                 className=\"pr-10\"\n 159 │                 data-testid=\"login-password-input\"\n 160 │               />\n 161 │               />\n     ·                ▲\n 162 │               <Button\n 163 │                 type=\"button\"\n 163 │                 variant=\"ghost\"\r\n     ╰────\n\nCaused by:\n    Syntax Error (at webpack-internal:///(pages-dir-browser)/./node_modules/next/dist/next-devtools/userspace/pages/pages-dev-overlay-setup.js:76:21)\n[ERROR] ./src/app/login/page.tsx\nError:   × Unexpected token. Did you mean `{'>'}` or `&gt;`?\n     ╭─[C:\\Users\\sales\\OneDrive\\Desktop\\shreenathji-erp-crm\\src\\app\\login\\page.tsx:161:1]\n 158 │                 className=\"pr-10\"\n 159 │                 data-testid=\"login-password-input\"\n 160 │               />\n 161 │               />\n     ·                ▲\n 162 │               <Button\n 163 │                 type=\"button\"\n 163 │                 variant=\"ghost\"\r\n     ╰────\n\nCaused by:\n    Syntax Error (at webpack-internal:///(pages-dir-browser)/./node_modules/next/dist/next-devtools/userspace/pages/pages-dev-overlay-setup.js:76:21)",
    "testType": "FRONTEND",
    "createFrom": "mcp",
    "testVisualization": "https://testsprite-videos.s3.us-east-1.amazonaws.com/f4f87498-4051-7061-3048-48ed68330331/1766574162399854//tmp/test_task/result.webm",
    "created": "2025-12-24T11:01:19.202Z",
    "modified": "2025-12-24T11:02:42.529Z"
  },
  {
    "projectId": "30002716-98c3-419b-8992-b83ec4e04a30",
    "testId": "f29d0e8b-002b-402d-9542-5b0ee1ab860c",
    "userId": "f4f87498-4051-7061-3048-48ed68330331",
    "title": "TC020-Password Reset flow with email verification",
    "description": "Validate that users can request a password reset, receive email, and set new password securely.",
    "code": "import asyncio\nfrom playwright import async_api\nfrom playwright.async_api import expect\n\nasync def run_test():\n    pw = None\n    browser = None\n    context = None\n    \n    try:\n        # Start a Playwright session in asynchronous mode\n        pw = await async_api.async_playwright().start()\n        \n        # Launch a Chromium browser in headless mode with custom arguments\n        browser = await pw.chromium.launch(\n            headless=True,\n            args=[\n                \"--window-size=1280,720\",         # Set the browser window size\n                \"--disable-dev-shm-usage\",        # Avoid using /dev/shm which can cause issues in containers\n                \"--ipc=host\",                     # Use host-level IPC for better stability\n                \"--single-process\"                # Run the browser in a single process mode\n            ],\n        )\n        \n        # Create a new browser context (like an incognito window)\n        context = await browser.new_context()\n        context.set_default_timeout(5000)\n        \n        # Open a new page in the browser context\n        page = await context.new_page()\n        \n        # Navigate to your target URL and wait until the network request is committed\n        await page.goto(\"http://localhost:3000\", wait_until=\"commit\", timeout=10000)\n        \n        # Wait for the main page to reach DOMContentLoaded state (optional for stability)\n        try:\n            await page.wait_for_load_state(\"domcontentloaded\", timeout=3000)\n        except async_api.Error:\n            pass\n        \n        # Iterate through all iframes and wait for them to load as well\n        for frame in page.frames:\n            try:\n                await frame.wait_for_load_state(\"domcontentloaded\", timeout=3000)\n            except async_api.Error:\n                pass\n        \n        # Interact with the page elements to simulate user flow\n        # --> Assertions to verify final state\n        frame = context.pages[-1]\n        try:\n            await expect(frame.locator('text=Password reset completed successfully! Welcome back.').first).to_be_visible(timeout=30000)\n        except AssertionError:\n            raise AssertionError(\"Test case failed: Password reset process did not complete successfully as expected. The confirmation message for password reset success was not found, indicating the test plan steps for password reset request, email receipt, and new password setup did not pass.\")\n        await asyncio.sleep(5)\n    \n    finally:\n        if context:\n            await context.close()\n        if browser:\n            await browser.close()\n        if pw:\n            await pw.stop()\n            \nasyncio.run(run_test())\n    ",
    "testStatus": "FAILED",
    "testError": "\nBrowser Console Logs:\n[ERROR] Failed to load resource: the server responded with a status of 500 (Internal Server Error) (at http://localhost:3000/login?redirectTo=/sales/dashboard:0:0)\n[ERROR] ./src/app/login/page.tsx\nError:   × Unexpected token. Did you mean `{'>'}` or `&gt;`?\n     ╭─[C:\\Users\\sales\\OneDrive\\Desktop\\shreenathji-erp-crm\\src\\app\\login\\page.tsx:161:1]\n 158 │                 className=\"pr-10\"\n 159 │                 data-testid=\"login-password-input\"\n 160 │               />\n 161 │               />\n     ·                ▲\n 162 │               <Button\n 163 │                 type=\"button\"\n 163 │                 variant=\"ghost\"\r\n     ╰────\n\nCaused by:\n    Syntax Error (at webpack-internal:///(pages-dir-browser)/./node_modules/next/dist/next-devtools/userspace/pages/pages-dev-overlay-setup.js:76:21)\n[ERROR] ./src/app/login/page.tsx\nError:   × Unexpected token. Did you mean `{'>'}` or `&gt;`?\n     ╭─[C:\\Users\\sales\\OneDrive\\Desktop\\shreenathji-erp-crm\\src\\app\\login\\page.tsx:161:1]\n 158 │                 className=\"pr-10\"\n 159 │                 data-testid=\"login-password-input\"\n 160 │               />\n 161 │               />\n     ·                ▲\n 162 │               <Button\n 163 │                 type=\"button\"\n 163 │                 variant=\"ghost\"\r\n     ╰────\n\nCaused by:\n    Syntax Error (at webpack-internal:///(pages-dir-browser)/./node_modules/next/dist/next-devtools/userspace/pages/pages-dev-overlay-setup.js:76:21)\n[ERROR] ./src/app/login/page.tsx\nError:   × Unexpected token. Did you mean `{'>'}` or `&gt;`?\n     ╭─[C:\\Users\\sales\\OneDrive\\Desktop\\shreenathji-erp-crm\\src\\app\\login\\page.tsx:161:1]\n 158 │                 className=\"pr-10\"\n 159 │                 data-testid=\"login-password-input\"\n 160 │               />\n 161 │               />\n     ·                ▲\n 162 │               <Button\n 163 │                 type=\"button\"\n 163 │                 variant=\"ghost\"\r\n     ╰────\n\nCaused by:\n    Syntax Error (at webpack-internal:///(pages-dir-browser)/./node_modules/next/dist/next-devtools/userspace/pages/pages-dev-overlay-setup.js:76:21)\n[ERROR] ./src/app/login/page.tsx\nError:   × Unexpected token. Did you mean `{'>'}` or `&gt;`?\n     ╭─[C:\\Users\\sales\\OneDrive\\Desktop\\shreenathji-erp-crm\\src\\app\\login\\page.tsx:161:1]\n 158 │                 className=\"pr-10\"\n 159 │                 data-testid=\"login-password-input\"\n 160 │               />\n 161 │               />\n     ·                ▲\n 162 │               <Button\n 163 │                 type=\"button\"\n 163 │                 variant=\"ghost\"\r\n     ╰────\n\nCaused by:\n    Syntax Error (at webpack-internal:///(pages-dir-browser)/./node_modules/next/dist/next-devtools/userspace/pages/pages-dev-overlay-setup.js:76:21)\n[ERROR] ./src/app/login/page.tsx\nError:   × Unexpected token. Did you mean `{'>'}` or `&gt;`?\n     ╭─[C:\\Users\\sales\\OneDrive\\Desktop\\shreenathji-erp-crm\\src\\app\\login\\page.tsx:161:1]\n 158 │                 className=\"pr-10\"\n 159 │                 data-testid=\"login-password-input\"\n 160 │               />\n 161 │               />\n     ·                ▲\n 162 │               <Button\n 163 │                 type=\"button\"\n 163 │                 variant=\"ghost\"\r\n     ╰────\n\nCaused by:\n    Syntax Error (at webpack-internal:///(pages-dir-browser)/./node_modules/next/dist/next-devtools/userspace/pages/pages-dev-overlay-setup.js:76:21)\n[ERROR] ./src/app/login/page.tsx\nError:   × Unexpected token. Did you mean `{'>'}` or `&gt;`?\n     ╭─[C:\\Users\\sales\\OneDrive\\Desktop\\shreenathji-erp-crm\\src\\app\\login\\page.tsx:161:1]\n 158 │                 className=\"pr-10\"\n 159 │                 data-testid=\"login-password-input\"\n 160 │               />\n 161 │               />\n     ·                ▲\n 162 │               <Button\n 163 │                 type=\"button\"\n 163 │                 variant=\"ghost\"\r\n     ╰────\n\nCaused by:\n    Syntax Error (at webpack-internal:///(pages-dir-browser)/./node_modules/next/dist/next-devtools/userspace/pages/pages-dev-overlay-setup.js:76:21)\n[ERROR] ./src/app/login/page.tsx\nError:   × Unexpected token. Did you mean `{'>'}` or `&gt;`?\n     ╭─[C:\\Users\\sales\\OneDrive\\Desktop\\shreenathji-erp-crm\\src\\app\\login\\page.tsx:161:1]\n 158 │                 className=\"pr-10\"\n 159 │                 data-testid=\"login-password-input\"\n 160 │               />\n 161 │               />\n     ·                ▲\n 162 │               <Button\n 163 │                 type=\"button\"\n 163 │                 variant=\"ghost\"\r\n     ╰────\n\nCaused by:\n    Syntax Error (at webpack-internal:///(pages-dir-browser)/./node_modules/next/dist/next-devtools/userspace/pages/pages-dev-overlay-setup.js:76:21)\n[ERROR] ./src/app/login/page.tsx\nError:   × Unexpected token. Did you mean `{'>'}` or `&gt;`?\n     ╭─[C:\\Users\\sales\\OneDrive\\Desktop\\shreenathji-erp-crm\\src\\app\\login\\page.tsx:161:1]\n 158 │                 className=\"pr-10\"\n 159 │                 data-testid=\"login-password-input\"\n 160 │               />\n 161 │               />\n     ·                ▲\n 162 │               <Button\n 163 │                 type=\"button\"\n 163 │                 variant=\"ghost\"\r\n     ╰────\n\nCaused by:\n    Syntax Error (at webpack-internal:///(pages-dir-browser)/./node_modules/next/dist/next-devtools/userspace/pages/pages-dev-overlay-setup.js:76:21)\n[ERROR] ./src/app/login/page.tsx\nError:   × Unexpected token. Did you mean `{'>'}` or `&gt;`?\n     ╭─[C:\\Users\\sales\\OneDrive\\Desktop\\shreenathji-erp-crm\\src\\app\\login\\page.tsx:161:1]\n 158 │                 className=\"pr-10\"\n 159 │                 data-testid=\"login-password-input\"\n 160 │               />\n 161 │               />\n     ·                ▲\n 162 │               <Button\n 163 │                 type=\"button\"\n 163 │                 variant=\"ghost\"\r\n     ╰────\n\nCaused by:\n    Syntax Error (at webpack-internal:///(pages-dir-browser)/./node_modules/next/dist/next-devtools/userspace/pages/pages-dev-overlay-setup.js:76:21)\n[ERROR] ./src/app/login/page.tsx\nError:   × Unexpected token. Did you mean `{'>'}` or `&gt;`?\n     ╭─[C:\\Users\\sales\\OneDrive\\Desktop\\shreenathji-erp-crm\\src\\app\\login\\page.tsx:161:1]\n 158 │                 className=\"pr-10\"\n 159 │                 data-testid=\"login-password-input\"\n 160 │               />\n 161 │               />\n     ·                ▲\n 162 │               <Button\n 163 │                 type=\"button\"\n 163 │                 variant=\"ghost\"\r\n     ╰────\n\nCaused by:\n    Syntax Error (at webpack-internal:///(pages-dir-browser)/./node_modules/next/dist/next-devtools/userspace/pages/pages-dev-overlay-setup.js:76:21)\n[ERROR] ./src/app/login/page.tsx\nError:   × Unexpected token. Did you mean `{'>'}` or `&gt;`?\n     ╭─[C:\\Users\\sales\\OneDrive\\Desktop\\shreenathji-erp-crm\\src\\app\\login\\page.tsx:161:1]\n 158 │                 className=\"pr-10\"\n 159 │                 data-testid=\"login-password-input\"\n 160 │               />\n 161 │               />\n     ·                ▲\n 162 │               <Button\n 163 │                 type=\"button\"\n 163 │                 variant=\"ghost\"\r\n     ╰────\n\nCaused by:\n    Syntax Error (at webpack-internal:///(pages-dir-browser)/./node_modules/next/dist/next-devtools/userspace/pages/pages-dev-overlay-setup.js:76:21)\n[ERROR] ./src/app/login/page.tsx\nError:   × Unexpected token. Did you mean `{'>'}` or `&gt;`?\n     ╭─[C:\\Users\\sales\\OneDrive\\Desktop\\shreenathji-erp-crm\\src\\app\\login\\page.tsx:161:1]\n 158 │                 className=\"pr-10\"\n 159 │                 data-testid=\"login-password-input\"\n 160 │               />\n 161 │               />\n     ·                ▲\n 162 │               <Button\n 163 │                 type=\"button\"\n 163 │                 variant=\"ghost\"\r\n     ╰────\n\nCaused by:\n    Syntax Error (at webpack-internal:///(pages-dir-browser)/./node_modules/next/dist/next-devtools/userspace/pages/pages-dev-overlay-setup.js:76:21)\n[ERROR] ./src/app/login/page.tsx\nError:   × Unexpected token. Did you mean `{'>'}` or `&gt;`?\n     ╭─[C:\\Users\\sales\\OneDrive\\Desktop\\shreenathji-erp-crm\\src\\app\\login\\page.tsx:161:1]\n 158 │                 className=\"pr-10\"\n 159 │                 data-testid=\"login-password-input\"\n 160 │               />\n 161 │               />\n     ·                ▲\n 162 │               <Button\n 163 │                 type=\"button\"\n 163 │                 variant=\"ghost\"\r\n     ╰────\n\nCaused by:\n    Syntax Error (at webpack-internal:///(pages-dir-browser)/./node_modules/next/dist/next-devtools/userspace/pages/pages-dev-overlay-setup.js:76:21)\n[ERROR] ./src/app/login/page.tsx\nError:   × Unexpected token. Did you mean `{'>'}` or `&gt;`?\n     ╭─[C:\\Users\\sales\\OneDrive\\Desktop\\shreenathji-erp-crm\\src\\app\\login\\page.tsx:161:1]\n 158 │                 className=\"pr-10\"\n 159 │                 data-testid=\"login-password-input\"\n 160 │               />\n 161 │               />\n     ·                ▲\n 162 │               <Button\n 163 │                 type=\"button\"\n 163 │                 variant=\"ghost\"\r\n     ╰────\n\nCaused by:\n    Syntax Error (at webpack-internal:///(pages-dir-browser)/./node_modules/next/dist/next-devtools/userspace/pages/pages-dev-overlay-setup.js:76:21)\n[ERROR] ./src/app/login/page.tsx\nError:   × Unexpected token. Did you mean `{'>'}` or `&gt;`?\n     ╭─[C:\\Users\\sales\\OneDrive\\Desktop\\shreenathji-erp-crm\\src\\app\\login\\page.tsx:161:1]\n 158 │                 className=\"pr-10\"\n 159 │                 data-testid=\"login-password-input\"\n 160 │               />\n 161 │               />\n     ·                ▲\n 162 │               <Button\n 163 │                 type=\"button\"\n 163 │                 variant=\"ghost\"\r\n     ╰────\n\nCaused by:\n    Syntax Error (at webpack-internal:///(pages-dir-browser)/./node_modules/next/dist/next-devtools/userspace/pages/pages-dev-overlay-setup.js:76:21)\n[ERROR] ./src/app/login/page.tsx\nError:   × Unexpected token. Did you mean `{'>'}` or `&gt;`?\n     ╭─[C:\\Users\\sales\\OneDrive\\Desktop\\shreenathji-erp-crm\\src\\app\\login\\page.tsx:161:1]\n 158 │                 className=\"pr-10\"\n 159 │                 data-testid=\"login-password-input\"\n 160 │               />\n 161 │               />\n     ·                ▲\n 162 │               <Button\n 163 │                 type=\"button\"\n 163 │                 variant=\"ghost\"\r\n     ╰────\n\nCaused by:\n    Syntax Error (at webpack-internal:///(pages-dir-browser)/./node_modules/next/dist/next-devtools/userspace/pages/pages-dev-overlay-setup.js:76:21)\n[ERROR] ./src/app/login/page.tsx\nError:   × Unexpected token. Did you mean `{'>'}` or `&gt;`?\n     ╭─[C:\\Users\\sales\\OneDrive\\Desktop\\shreenathji-erp-crm\\src\\app\\login\\page.tsx:161:1]\n 158 │                 className=\"pr-10\"\n 159 │                 data-testid=\"login-password-input\"\n 160 │               />\n 161 │               />\n     ·                ▲\n 162 │               <Button\n 163 │                 type=\"button\"\n 163 │                 variant=\"ghost\"\r\n     ╰────\n\nCaused by:\n    Syntax Error (at webpack-internal:///(pages-dir-browser)/./node_modules/next/dist/next-devtools/userspace/pages/pages-dev-overlay-setup.js:76:21)",
    "testType": "FRONTEND",
    "createFrom": "mcp",
    "testVisualization": "https://testsprite-videos.s3.us-east-1.amazonaws.com/f4f87498-4051-7061-3048-48ed68330331/176657416175604//tmp/test_task/result.webm",
    "created": "2025-12-24T11:01:19.210Z",
    "modified": "2025-12-24T11:02:41.887Z"
  }
]
